[INF] 2019-06-17 13:53:09 === Create database NIDEC category:PostgreSQL
[INF] 2019-06-17 13:53:15 === Open database OK.
[INF] 2019-06-17 13:53:15 === Execute SQL:select user_id, user_name, pass, u_role from t_user where user_id = @user
[INF] 2019-06-17 13:53:15 === 		Parameters:{ParamName:@user, DbType:AnsiString, Value:20181115110. }
[INF] 2019-06-17 14:10:03 === Create database NIDEC category:PostgreSQL
[INF] 2019-06-17 14:10:05 === Open database OK.
[INF] 2019-06-17 14:10:05 === Execute SQL:select user_id, user_name, pass, u_role from t_user where user_id = @user
[INF] 2019-06-17 14:10:05 === 		Parameters:{ParamName:@user, DbType:AnsiString, Value:20181115110. }
[INF] 2019-06-17 14:17:42 === Create database NIDEC category:PostgreSQL
[INF] 2019-06-17 14:17:45 === Open database OK.
[INF] 2019-06-17 14:17:45 === Execute SQL:select user_id, user_name, pass, u_role from t_user where user_id = @user
[INF] 2019-06-17 14:17:45 === 		Parameters:{ParamName:@user, DbType:AnsiString, Value:20181115110. }
[INF] 2019-06-17 14:18:53 === Create database NIDEC category:PostgreSQL
[INF] 2019-06-17 14:18:54 === Open database OK.
[INF] 2019-06-17 14:18:54 === Execute SQL:select user_id, user_name, pass, u_role from t_user where user_id = @user
[INF] 2019-06-17 14:18:54 === 		Parameters:{ParamName:@user, DbType:AnsiString, Value:20181115110. }
[INF] 2019-06-17 14:24:53 === Create database NIDEC category:PostgreSQL
[INF] 2019-06-17 14:27:20 === Create database NIDEC category:PostgreSQL
[INF] 2019-06-17 14:27:21 === Open database OK.
[INF] 2019-06-17 14:27:21 === Execute SQL:select user_id, user_name, pass, u_role from t_user where user_id = @user
[INF] 2019-06-17 14:27:21 === 		Parameters:{ParamName:@user, DbType:AnsiString, Value:20181115110. }
[ERR] 2019-06-17 14:27:21 === Not found language:zh-cn message by key:BT_PRINT_3
[ERR] 2019-06-17 14:27:21 === Not found language:zh-cn message by key:BT_PRINT_3
[INF] 2019-06-17 14:30:46 === Create database NIDEC category:PostgreSQL
[INF] 2019-06-17 14:30:47 === Open database OK.
[INF] 2019-06-17 14:30:47 === Execute SQL:select user_id, user_name, pass, u_role from t_user where user_id = @user
[INF] 2019-06-17 14:30:47 === 		Parameters:{ParamName:@user, DbType:AnsiString, Value:20181115110. }
[INF] 2019-06-17 14:31:40 === Create database NIDEC category:PostgreSQL
[INF] 2019-06-17 14:31:42 === Open database OK.
[INF] 2019-06-17 14:31:42 === Execute SQL:select user_id, user_name, pass, u_role from t_user where user_id = @user
[INF] 2019-06-17 14:31:42 === 		Parameters:{ParamName:@user, DbType:AnsiString, Value:20181115110. }
[INF] 2019-06-17 14:33:29 === Create database NIDEC category:PostgreSQL
[INF] 2019-06-17 14:33:30 === Open database OK.
[INF] 2019-06-17 14:33:30 === Execute SQL:select user_id, user_name, pass, u_role from t_user where user_id = @user
[INF] 2019-06-17 14:33:30 === 		Parameters:{ParamName:@user, DbType:AnsiString, Value:20181115110. }
[INF] 2019-06-17 14:35:14 === Create database NIDEC category:PostgreSQL
[INF] 2019-06-17 14:35:15 === Open database OK.
[INF] 2019-06-17 14:35:15 === Execute SQL:select user_id, user_name, pass, u_role from t_user where user_id = @user
[INF] 2019-06-17 14:35:15 === 		Parameters:{ParamName:@user, DbType:AnsiString, Value:20181115110. }
[INF] 2019-06-17 14:36:39 === Create database NIDEC category:PostgreSQL
[INF] 2019-06-17 14:36:40 === Open database OK.
[INF] 2019-06-17 14:36:40 === Execute SQL:select user_id, user_name, pass, u_role from t_user where user_id = @user
[INF] 2019-06-17 14:36:40 === 		Parameters:{ParamName:@user, DbType:AnsiString, Value:20181115110. }
[INF] 2019-06-17 14:57:16 === Create database NIDEC category:PostgreSQL
[INF] 2019-06-17 14:57:18 === Open database OK.
[INF] 2019-06-17 14:57:18 === Execute SQL:select user_id, user_name, pass, u_role from t_user where user_id = @user
[INF] 2019-06-17 14:57:18 === 		Parameters:{ParamName:@user, DbType:AnsiString, Value:20181115110. }
[INF] 2019-06-17 15:08:50 === Create database NIDEC category:PostgreSQL
[INF] 2019-06-17 15:08:51 === Open database OK.
[INF] 2019-06-17 15:08:51 === Execute SQL:select user_id, user_name, pass, u_role from t_user where user_id = @user
[INF] 2019-06-17 15:08:51 === 		Parameters:{ParamName:@user, DbType:AnsiString, Value:20181115110. }
[INF] 2019-06-17 15:13:28 === Create database NIDEC category:PostgreSQL
[INF] 2019-06-17 15:13:29 === Open database OK.
[INF] 2019-06-17 15:13:29 === Execute SQL:select user_id, user_name, pass, u_role from t_user where user_id = @user
[INF] 2019-06-17 15:13:29 === 		Parameters:{ParamName:@user, DbType:AnsiString, Value:20181115110. }
[INF] 2019-06-17 15:13:38 === Open database OK.
[INF] 2019-06-17 15:13:38 === Execute Function:fn_apply_no
[INF] 2019-06-17 15:13:38 === 		Parameters:{ParamName:@mode, DbType:AnsiString, Value:pack. },{ParamName:@vendor, DbType:AnsiString, Value:NIDEC. },{ParamName:@sitecode, DbType:AnsiString, Value:8. },{ParamName:@date, DbType:AnsiString, Value:2019617. }
[INF] 2019-06-17 15:13:38 === Open database OK.
[INF] 2019-06-17 15:13:38 === Execute SQL:insert into pnt_mng (pkg_id, pkg_type, act, pkg_date, pkg_qty, pkg_user, pkg_status, remark) values (@id, @type, @act, @date, @qty, @user, @status, @remark) Params:{ParamName:@id, DbType:AnsiString, Value:BNIDEC201961780001. },{ParamName:@type, DbType:AnsiString, Value:pack. },{ParamName:@act, DbType:AnsiString, Value:r. },{ParamName:@date, DbType:DateTime, Value:2019/6/17 15:13:38. },{ParamName:@qty, DbType:Int32, Value:1. },{ParamName:@user, DbType:AnsiString, Value:20181115110. },{ParamName:@status, DbType:Int32, Value:0. },{ParamName:@remark, DbType:AnsiString, Value:. }
[INF] 2019-06-17 15:13:41 === Open database OK.
[INF] 2019-06-17 15:13:41 === Execute SQL:select distinct bin
from t_module
where tray_id = @id

[INF] 2019-06-17 15:13:41 === 		Parameters:{ParamName:@id, DbType:AnsiString, Value:M_K8_180926_1_014_S_1. }
[INF] 2019-06-17 15:13:41 === Open database OK.
[INF] 2019-06-17 15:13:41 === Execute SQL:select count(tray_id) as qty from t_module where tray_id = @code
[INF] 2019-06-17 15:13:41 === 		Parameters:{ParamName:@code, DbType:AnsiString, Value:M_K8_180926_1_014_S_1. }
[INF] 2019-06-17 15:13:41 === Open database OK.
[INF] 2019-06-17 15:13:41 === Execute SQL:select count(tray_id) as qty from pnt_pack where tray_id = @code and (status = 0 or status = 1)
[INF] 2019-06-17 15:13:41 === 		Parameters:{ParamName:@code, DbType:AnsiString, Value:M_K8_180926_1_014_S_1. }
[INF] 2019-06-17 15:13:56 === Open database OK.
[INF] 2019-06-17 15:13:56 === Execute SQL:select distinct bin
from t_module
where tray_id = @id

[INF] 2019-06-17 15:13:56 === 		Parameters:{ParamName:@id, DbType:AnsiString, Value:M_K8_180918_1_002_S_1. }
[INF] 2019-06-17 15:14:05 === Open database OK.
[INF] 2019-06-17 15:14:05 === Execute SQL:select distinct bin
from t_module
where tray_id = @id

[INF] 2019-06-17 15:14:05 === 		Parameters:{ParamName:@id, DbType:AnsiString, Value:M_K8_180918_1_002_S_1. }
[INF] 2019-06-17 15:14:25 === Create database NIDEC category:PostgreSQL
[INF] 2019-06-17 15:14:26 === Open database OK.
[INF] 2019-06-17 15:14:26 === Execute SQL:select user_id, user_name, pass, u_role from t_user where user_id = @user
[INF] 2019-06-17 15:14:26 === 		Parameters:{ParamName:@user, DbType:AnsiString, Value:20181115110. }
[INF] 2019-06-17 15:14:28 === Open database OK.
[INF] 2019-06-17 15:14:28 === Execute Function:fn_apply_no
[INF] 2019-06-17 15:14:28 === 		Parameters:{ParamName:@mode, DbType:AnsiString, Value:pack. },{ParamName:@vendor, DbType:AnsiString, Value:NIDEC. },{ParamName:@sitecode, DbType:AnsiString, Value:8. },{ParamName:@date, DbType:AnsiString, Value:2019617. }
[INF] 2019-06-17 15:14:28 === Open database OK.
[INF] 2019-06-17 15:14:28 === Execute SQL:insert into pnt_mng (pkg_id, pkg_type, act, pkg_date, pkg_qty, pkg_user, pkg_status, remark) values (@id, @type, @act, @date, @qty, @user, @status, @remark) Params:{ParamName:@id, DbType:AnsiString, Value:BNIDEC201961780002. },{ParamName:@type, DbType:AnsiString, Value:pack. },{ParamName:@act, DbType:AnsiString, Value:r. },{ParamName:@date, DbType:DateTime, Value:2019/6/17 15:14:28. },{ParamName:@qty, DbType:Int32, Value:1. },{ParamName:@user, DbType:AnsiString, Value:20181115110. },{ParamName:@status, DbType:Int32, Value:0. },{ParamName:@remark, DbType:AnsiString, Value:. }
[INF] 2019-06-17 15:14:29 === Open database OK.
[INF] 2019-06-17 15:14:29 === Execute SQL:select count(tray_id) as qty from t_module where tray_id = @code
[INF] 2019-06-17 15:14:29 === 		Parameters:{ParamName:@code, DbType:AnsiString, Value:M_K8_180918_1_002_S_1. }
[INF] 2019-06-17 15:14:42 === Open database OK.
[INF] 2019-06-17 15:14:42 === Execute SQL:select count(tray_id) as qty from t_module where tray_id = @code
[INF] 2019-06-17 15:14:42 === 		Parameters:{ParamName:@code, DbType:AnsiString, Value:M_K8_180918_1_002_S_1. }
[INF] 2019-06-17 15:15:06 === Open database OK.
[INF] 2019-06-17 15:15:06 === Execute SQL:select count(tray_id) as qty from t_module where tray_id = @code
[INF] 2019-06-17 15:15:06 === 		Parameters:{ParamName:@code, DbType:AnsiString, Value:M_K8_180918_1_002_S_1. }
[INF] 2019-06-17 15:17:14 === Open database OK.
[INF] 2019-06-17 15:17:14 === Execute SQL:select count(tray_id) as qty from t_module where tray_id = @code
[INF] 2019-06-17 15:17:14 === 		Parameters:{ParamName:@code, DbType:AnsiString, Value:A1. }
[INF] 2019-06-17 15:17:28 === Open database OK.
[INF] 2019-06-17 15:17:28 === Execute SQL:select count(tray_id) as qty from t_module where tray_id = @code
[INF] 2019-06-17 15:17:28 === 		Parameters:{ParamName:@code, DbType:AnsiString, Value:A1. }
[INF] 2019-06-17 15:22:09 === Create database NIDEC category:PostgreSQL
[INF] 2019-06-17 15:22:10 === Open database OK.
[INF] 2019-06-17 15:22:10 === Execute SQL:select user_id, user_name, pass, u_role from t_user where user_id = @user
[INF] 2019-06-17 15:22:10 === 		Parameters:{ParamName:@user, DbType:AnsiString, Value:20181115110. }
[INF] 2019-06-17 15:22:12 === Open database OK.
[INF] 2019-06-17 15:22:12 === Execute Function:fn_apply_no
[INF] 2019-06-17 15:22:12 === 		Parameters:{ParamName:@mode, DbType:AnsiString, Value:pack. },{ParamName:@vendor, DbType:AnsiString, Value:NIDEC. },{ParamName:@sitecode, DbType:AnsiString, Value:8. },{ParamName:@date, DbType:AnsiString, Value:2019617. }
[INF] 2019-06-17 15:22:12 === Open database OK.
[INF] 2019-06-17 15:22:12 === Execute SQL:insert into pnt_mng (pkg_id, pkg_type, act, pkg_date, pkg_qty, pkg_user, pkg_status, remark) values (@id, @type, @act, @date, @qty, @user, @status, @remark) Params:{ParamName:@id, DbType:AnsiString, Value:BNIDEC201961780003. },{ParamName:@type, DbType:AnsiString, Value:pack. },{ParamName:@act, DbType:AnsiString, Value:r. },{ParamName:@date, DbType:DateTime, Value:2019/6/17 15:22:12. },{ParamName:@qty, DbType:Int32, Value:1. },{ParamName:@user, DbType:AnsiString, Value:20181115110. },{ParamName:@status, DbType:Int32, Value:0. },{ParamName:@remark, DbType:AnsiString, Value:. }
[INF] 2019-06-17 15:22:15 === Open database OK.
[INF] 2019-06-17 15:22:15 === Execute SQL:select count(tray_id) as qty from t_module where tray_id = @code
[INF] 2019-06-17 15:22:15 === 		Parameters:{ParamName:@code, DbType:AnsiString, Value:YCL. }
[INF] 2019-06-17 15:23:23 === Create database NIDEC category:PostgreSQL
[INF] 2019-06-17 15:23:24 === Open database OK.
[INF] 2019-06-17 15:23:24 === Execute SQL:select user_id, user_name, pass, u_role from t_user where user_id = @user
[INF] 2019-06-17 15:23:25 === 		Parameters:{ParamName:@user, DbType:AnsiString, Value:20181115110. }
[INF] 2019-06-17 15:23:26 === Open database OK.
[INF] 2019-06-17 15:23:26 === Execute Function:fn_apply_no
[INF] 2019-06-17 15:23:26 === 		Parameters:{ParamName:@mode, DbType:AnsiString, Value:pack. },{ParamName:@vendor, DbType:AnsiString, Value:NIDEC. },{ParamName:@sitecode, DbType:AnsiString, Value:8. },{ParamName:@date, DbType:AnsiString, Value:2019617. }
[INF] 2019-06-17 15:23:26 === Open database OK.
[INF] 2019-06-17 15:23:26 === Execute SQL:insert into pnt_mng (pkg_id, pkg_type, act, pkg_date, pkg_qty, pkg_user, pkg_status, remark) values (@id, @type, @act, @date, @qty, @user, @status, @remark) Params:{ParamName:@id, DbType:AnsiString, Value:BNIDEC201961780004. },{ParamName:@type, DbType:AnsiString, Value:pack. },{ParamName:@act, DbType:AnsiString, Value:r. },{ParamName:@date, DbType:DateTime, Value:2019/6/17 15:23:26. },{ParamName:@qty, DbType:Int32, Value:1. },{ParamName:@user, DbType:AnsiString, Value:20181115110. },{ParamName:@status, DbType:Int32, Value:0. },{ParamName:@remark, DbType:AnsiString, Value:. }
[INF] 2019-06-17 15:27:59 === Create database NIDEC category:PostgreSQL
[INF] 2019-06-17 15:28:01 === Open database OK.
[INF] 2019-06-17 15:28:01 === Execute SQL:select user_id, user_name, pass, u_role from t_user where user_id = @user
[INF] 2019-06-17 15:28:01 === 		Parameters:{ParamName:@user, DbType:AnsiString, Value:20181115110. }
[INF] 2019-06-17 15:28:05 === Open database OK.
[INF] 2019-06-17 15:28:05 === Execute Function:fn_apply_no
[INF] 2019-06-17 15:28:05 === 		Parameters:{ParamName:@mode, DbType:AnsiString, Value:pack. },{ParamName:@vendor, DbType:AnsiString, Value:NIDEC. },{ParamName:@sitecode, DbType:AnsiString, Value:8. },{ParamName:@date, DbType:AnsiString, Value:2019617. }
[INF] 2019-06-17 15:28:05 === Open database OK.
[INF] 2019-06-17 15:28:05 === Execute SQL:insert into pnt_mng (pkg_id, pkg_type, act, pkg_date, pkg_qty, pkg_user, pkg_status, remark) values (@id, @type, @act, @date, @qty, @user, @status, @remark) Params:{ParamName:@id, DbType:AnsiString, Value:BNIDEC201961780005. },{ParamName:@type, DbType:AnsiString, Value:pack. },{ParamName:@act, DbType:AnsiString, Value:r. },{ParamName:@date, DbType:DateTime, Value:2019/6/17 15:28:05. },{ParamName:@qty, DbType:Int32, Value:1. },{ParamName:@user, DbType:AnsiString, Value:20181115110. },{ParamName:@status, DbType:Int32, Value:0. },{ParamName:@remark, DbType:AnsiString, Value:. }
[INF] 2019-06-17 15:28:11 === Open database OK.
[INF] 2019-06-17 15:28:11 === Execute SQL:select count(tray_id) as qty from t_module where tray_id = @code
[INF] 2019-06-17 15:28:11 === 		Parameters:{ParamName:@code, DbType:AnsiString, Value:A1. }
[INF] 2019-06-17 15:28:11 === Open database OK.
[INF] 2019-06-17 15:28:11 === Execute SQL:select count(tray_id) as qty from pnt_pack where tray_id = @code and (status = 0 or status = 1)
[INF] 2019-06-17 15:28:11 === 		Parameters:{ParamName:@code, DbType:AnsiString, Value:A1. }
[INF] 2019-06-17 15:28:11 === Open database OK.
[INF] 2019-06-17 15:28:11 === Execute SQL:insert into pnt_pack values (@packid, @trayid, @pdate, 0) Params:{ParamName:@packid, DbType:AnsiString, Value:BNIDEC201961780005. },{ParamName:@trayid, DbType:AnsiString, Value:A1. },{ParamName:@pdate, DbType:DateTime, Value:2019/6/17 15:28:11. }
[INF] 2019-06-17 15:28:38 === Open database OK.
[INF] 2019-06-17 15:28:38 === Execute SQLS : [update pnt_pack set status = 1 where pack_id = 'BNIDEC201961780005' and tray_id = 'A1']
[INF] 2019-06-17 15:28:38 === Open database OK.
[INF] 2019-06-17 15:28:38 === Execute SQL:select count(m.module_id) as qty from t_module m, pnt_pack p where p.tray_id = m.tray_id and p.pack_id = @code and p.status = 1
[INF] 2019-06-17 15:28:38 === 		Parameters:{ParamName:@code, DbType:AnsiString, Value:BNIDEC201961780005. }
[INF] 2019-06-17 15:28:38 === Open database OK.
[INF] 2019-06-17 15:28:38 === Execute SQL:select lot ,count(lot) as qty from t_module left join pnt_pack on t_module.tray_id = pnt_pack.tray_id where pack_id =  @code group by lot order by qty desc ,lot  limit 16
[INF] 2019-06-17 15:28:38 === 		Parameters:{ParamName:@code, DbType:AnsiString, Value:BNIDEC201961780005. }
[INF] 2019-06-17 15:28:38 === Open database OK.
[INF] 2019-06-17 15:28:38 === Execute SQL:select count(lot) as qty from t_module left join pnt_pack on t_module.tray_id = pnt_pack.tray_id where pack_id = @code 
[INF] 2019-06-17 15:28:38 === 		Parameters:{ParamName:@code, DbType:AnsiString, Value:BNIDEC201961780005. }
[INF] 2019-06-17 15:28:51 === Open database OK.
[INF] 2019-06-17 15:28:51 === Execute SQL:select count(m.module_id) as qty from t_module m, pnt_pack p where p.tray_id = m.tray_id and p.pack_id = @code and p.status = 1
[INF] 2019-06-17 15:28:51 === 		Parameters:{ParamName:@code, DbType:AnsiString, Value:BNIDEC201961780005. }
[INF] 2019-06-17 15:28:51 === Open database OK.
[INF] 2019-06-17 15:28:51 === Execute SQL:select lot ,count(lot) as qty from t_module left join pnt_pack on t_module.tray_id = pnt_pack.tray_id where pack_id =  @code group by lot order by qty desc ,lot  limit 16
[INF] 2019-06-17 15:28:51 === 		Parameters:{ParamName:@code, DbType:AnsiString, Value:BNIDEC201961780005. }
[INF] 2019-06-17 15:28:51 === Open database OK.
[INF] 2019-06-17 15:28:51 === Execute SQL:select count(lot) as qty from t_module left join pnt_pack on t_module.tray_id = pnt_pack.tray_id where pack_id = @code 
[INF] 2019-06-17 15:28:51 === 		Parameters:{ParamName:@code, DbType:AnsiString, Value:BNIDEC201961780005. }
[INF] 2019-06-17 15:28:53 === Open database OK.
[INF] 2019-06-17 15:28:53 === Execute SQL:insert into pnt_mng (pkg_id, pkg_type, act, pkg_date, pkg_qty, pkg_user, pkg_status) values (@id, @type, @act, @date, @qty, @user, @status) Params:{ParamName:@id, DbType:AnsiString, Value:BNIDEC201961780005. },{ParamName:@type, DbType:AnsiString, Value:pack. },{ParamName:@act, DbType:AnsiString, Value:r. },{ParamName:@date, DbType:DateTime, Value:2019/6/17 15:28:53. },{ParamName:@qty, DbType:Int32, Value:1. },{ParamName:@status, DbType:Int32, Value:1. },{ParamName:@user, DbType:AnsiString, Value:20181115110. }
[INF] 2019-06-17 15:29:25 === Open database OK.
[INF] 2019-06-17 15:29:25 === Execute SQL:select name, pcode, ccode, p_date, status from vw_packing where pcode = @pcode and status = 1 order by ccode
[INF] 2019-06-17 15:29:25 === 		Parameters:{ParamName:@pcode, DbType:AnsiString, Value:BNIDEC201961780005. }
[INF] 2019-06-17 15:29:33 === Open database OK.
[INF] 2019-06-17 15:29:33 === Execute SQL:select count(m.module_id) as qty from t_module m, pnt_pack p where p.tray_id = m.tray_id and p.pack_id = @code and p.status = 1
[INF] 2019-06-17 15:29:33 === 		Parameters:{ParamName:@code, DbType:AnsiString, Value:BNIDEC201961780005. }
[INF] 2019-06-17 15:29:33 === Open database OK.
[INF] 2019-06-17 15:29:33 === Execute SQL:select lot ,count(lot) as qty from t_module left join pnt_pack on t_module.tray_id = pnt_pack.tray_id where pack_id =  @code group by lot order by qty desc ,lot  limit 16
[INF] 2019-06-17 15:29:33 === 		Parameters:{ParamName:@code, DbType:AnsiString, Value:BNIDEC201961780005. }
[INF] 2019-06-17 15:29:33 === Open database OK.
[INF] 2019-06-17 15:29:33 === Execute SQL:select count(lot) as qty from t_module left join pnt_pack on t_module.tray_id = pnt_pack.tray_id where pack_id = @code 
[INF] 2019-06-17 15:29:33 === 		Parameters:{ParamName:@code, DbType:AnsiString, Value:BNIDEC201961780005. }
[INF] 2019-06-17 15:29:36 === Open database OK.
[INF] 2019-06-17 15:29:36 === Execute SQL:select lot ,count(lot) as qty from t_module left join pnt_pack on t_module.tray_id = pnt_pack.tray_id where pack_id =  @code group by lot order by qty desc ,lot  limit 16
[INF] 2019-06-17 15:29:36 === 		Parameters:{ParamName:@code, DbType:AnsiString, Value:BNIDEC201961780005. }
[INF] 2019-06-17 15:29:36 === Open database OK.
[INF] 2019-06-17 15:29:36 === Execute SQL:select count(lot) as qty from t_module left join pnt_pack on t_module.tray_id = pnt_pack.tray_id where pack_id = @code 
[INF] 2019-06-17 15:29:36 === 		Parameters:{ParamName:@code, DbType:AnsiString, Value:BNIDEC201961780005. }
[INF] 2019-06-17 15:29:38 === Open database OK.
[INF] 2019-06-17 15:29:38 === Execute SQL:insert into pnt_mng (pkg_id, pkg_type, act, pkg_date, pkg_qty, pkg_user, pkg_status) values (@id, @type, @act, @date, @qty, @user, @status) Params:{ParamName:@id, DbType:AnsiString, Value:BNIDEC201961780005. },{ParamName:@type, DbType:AnsiString, Value:pack. },{ParamName:@act, DbType:AnsiString, Value:r. },{ParamName:@date, DbType:DateTime, Value:2019/6/17 15:29:38. },{ParamName:@qty, DbType:Int32, Value:1. },{ParamName:@status, DbType:Int32, Value:1. },{ParamName:@user, DbType:AnsiString, Value:20181115110. }
[INF] 2019-06-17 15:30:43 === Create database NIDEC category:PostgreSQL
[INF] 2019-06-17 15:30:44 === Open database OK.
[INF] 2019-06-17 15:30:44 === Execute SQL:select user_id, user_name, pass, u_role from t_user where user_id = @user
[INF] 2019-06-17 15:30:44 === 		Parameters:{ParamName:@user, DbType:AnsiString, Value:20181115110. }
[INF] 2019-06-17 15:31:30 === Create database NIDEC category:PostgreSQL
[INF] 2019-06-17 15:31:32 === Open database OK.
[INF] 2019-06-17 15:31:32 === Execute SQL:select user_id, user_name, pass, u_role from t_user where user_id = @user
[INF] 2019-06-17 15:31:32 === 		Parameters:{ParamName:@user, DbType:AnsiString, Value:20181115110. }
[INF] 2019-06-17 15:32:09 === Open database OK.
[INF] 2019-06-17 15:32:09 === Execute SQL:select name, pcode, ccode, p_date, status from vw_packing where pcode = @pcode and status = 1 order by ccode
[INF] 2019-06-17 15:32:09 === 		Parameters:{ParamName:@pcode, DbType:AnsiString, Value:A1. }
[INF] 2019-06-17 15:32:13 === Open database OK.
[INF] 2019-06-17 15:32:13 === Execute SQL:select name, pcode, ccode, p_date, status from vw_packing where pcode = @pcode and status = 1 order by ccode
[INF] 2019-06-17 15:32:13 === 		Parameters:{ParamName:@pcode, DbType:AnsiString, Value:A1. }
[INF] 2019-06-17 15:32:18 === Open database OK.
[INF] 2019-06-17 15:32:18 === Execute SQL:select name, pcode, ccode, p_date, status from vw_packing where pcode = @pcode and status = 1 order by ccode
[INF] 2019-06-17 15:32:18 === 		Parameters:{ParamName:@pcode, DbType:AnsiString, Value:A1. }
[INF] 2019-06-17 15:38:17 === Create database NIDEC category:PostgreSQL
[INF] 2019-06-17 15:38:18 === Open database OK.
[INF] 2019-06-17 15:38:18 === Execute SQL:select user_id, user_name, pass, u_role from t_user where user_id = @user
[INF] 2019-06-17 15:38:18 === 		Parameters:{ParamName:@user, DbType:AnsiString, Value:20181115110. }
[INF] 2019-06-17 15:38:27 === Open database OK.
[INF] 2019-06-17 15:38:27 === Execute Function:fn_apply_no
[INF] 2019-06-17 15:38:27 === 		Parameters:{ParamName:@mode, DbType:AnsiString, Value:pack. },{ParamName:@vendor, DbType:AnsiString, Value:NIDEC. },{ParamName:@sitecode, DbType:AnsiString, Value:8. },{ParamName:@date, DbType:AnsiString, Value:2019617. }
[INF] 2019-06-17 15:38:27 === Open database OK.
[INF] 2019-06-17 15:38:27 === Execute SQL:insert into pnt_mng (pkg_id, pkg_type, act, pkg_date, pkg_qty, pkg_user, pkg_status, remark) values (@id, @type, @act, @date, @qty, @user, @status, @remark) Params:{ParamName:@id, DbType:AnsiString, Value:BNIDEC201961780006. },{ParamName:@type, DbType:AnsiString, Value:pack. },{ParamName:@act, DbType:AnsiString, Value:r. },{ParamName:@date, DbType:DateTime, Value:2019/6/17 15:38:27. },{ParamName:@qty, DbType:Int32, Value:1. },{ParamName:@user, DbType:AnsiString, Value:20181115110. },{ParamName:@status, DbType:Int32, Value:0. },{ParamName:@remark, DbType:AnsiString, Value:. }
[INF] 2019-06-17 15:38:33 === Open database OK.
[INF] 2019-06-17 15:38:33 === Execute SQL:select name, pcode, ccode, p_date, status from vw_packing where pcode = @pcode and status = 1 order by ccode
[INF] 2019-06-17 15:38:33 === 		Parameters:{ParamName:@pcode, DbType:AnsiString, Value:BNIDEC201961780005. }
[INF] 2019-06-17 15:39:05 === Create database NIDEC category:PostgreSQL
[INF] 2019-06-17 15:39:06 === Open database OK.
[INF] 2019-06-17 15:39:06 === Execute SQL:select user_id, user_name, pass, u_role from t_user where user_id = @user
[INF] 2019-06-17 15:39:06 === 		Parameters:{ParamName:@user, DbType:AnsiString, Value:20181115110. }
[INF] 2019-06-17 15:39:08 === Open database OK.
[INF] 2019-06-17 15:39:08 === Execute SQL:select name, pcode, ccode, p_date, status from vw_packing where pcode = @pcode and status = 1 order by ccode
[INF] 2019-06-17 15:39:08 === 		Parameters:{ParamName:@pcode, DbType:AnsiString, Value:BNIDEC201961780005. }
[INF] 2019-06-17 15:39:11 === Open database OK.
[INF] 2019-06-17 15:39:11 === Execute SQL:select count(m.module_id) as qty from t_module m, pnt_pack p where p.tray_id = m.tray_id and p.pack_id = @code and p.status = 1
[INF] 2019-06-17 15:39:11 === 		Parameters:{ParamName:@code, DbType:AnsiString, Value:BNIDEC201961780005. }
[INF] 2019-06-17 15:39:11 === Open database OK.
[INF] 2019-06-17 15:39:11 === Execute SQL:select lot ,count(lot) as qty from t_module left join pnt_pack on t_module.tray_id = pnt_pack.tray_id where pack_id =  @code group by lot order by qty desc ,lot  limit 16
[INF] 2019-06-17 15:39:11 === 		Parameters:{ParamName:@code, DbType:AnsiString, Value:BNIDEC201961780005. }
[INF] 2019-06-17 15:39:11 === Open database OK.
[INF] 2019-06-17 15:39:11 === Execute SQL:select count(lot) as qty from t_module left join pnt_pack on t_module.tray_id = pnt_pack.tray_id where pack_id = @code 
[INF] 2019-06-17 15:39:11 === 		Parameters:{ParamName:@code, DbType:AnsiString, Value:BNIDEC201961780005. }
[INF] 2019-06-17 15:39:16 === Open database OK.
[INF] 2019-06-17 15:39:16 === Execute SQL:insert into pnt_mng (pkg_id, pkg_type, act, pkg_date, pkg_qty, pkg_user, pkg_status) values (@id, @type, @act, @date, @qty, @user, @status) Params:{ParamName:@id, DbType:AnsiString, Value:BNIDEC201961780005. },{ParamName:@type, DbType:AnsiString, Value:pack. },{ParamName:@act, DbType:AnsiString, Value:r. },{ParamName:@date, DbType:DateTime, Value:2019/6/17 15:39:16. },{ParamName:@qty, DbType:Int32, Value:1. },{ParamName:@status, DbType:Int32, Value:1. },{ParamName:@user, DbType:AnsiString, Value:20181115110. }
[INF] 2019-06-17 15:39:31 === Open database OK.
[INF] 2019-06-17 15:39:31 === Execute SQL:select count(m.module_id) as qty from t_module m, pnt_pack p where p.tray_id = m.tray_id and p.pack_id = @code and p.status = 1
[INF] 2019-06-17 15:39:31 === 		Parameters:{ParamName:@code, DbType:AnsiString, Value:BNIDEC201961780005. }
[INF] 2019-06-17 15:39:31 === Open database OK.
[INF] 2019-06-17 15:39:31 === Execute SQL:select lot ,count(lot) as qty from t_module left join pnt_pack on t_module.tray_id = pnt_pack.tray_id where pack_id =  @code group by lot order by qty desc ,lot  limit 16
[INF] 2019-06-17 15:39:31 === 		Parameters:{ParamName:@code, DbType:AnsiString, Value:BNIDEC201961780005. }
[INF] 2019-06-17 15:39:31 === Open database OK.
[INF] 2019-06-17 15:39:31 === Execute SQL:select count(lot) as qty from t_module left join pnt_pack on t_module.tray_id = pnt_pack.tray_id where pack_id = @code 
[INF] 2019-06-17 15:39:31 === 		Parameters:{ParamName:@code, DbType:AnsiString, Value:BNIDEC201961780005. }
[INF] 2019-06-17 15:39:35 === Open database OK.
[INF] 2019-06-17 15:39:35 === Execute SQL:select lot ,count(lot) as qty from t_module left join pnt_pack on t_module.tray_id = pnt_pack.tray_id where pack_id =  @code group by lot order by qty desc ,lot  limit 16
[INF] 2019-06-17 15:39:35 === 		Parameters:{ParamName:@code, DbType:AnsiString, Value:BNIDEC201961780005. }
[INF] 2019-06-17 15:39:35 === Open database OK.
[INF] 2019-06-17 15:39:35 === Execute SQL:select count(lot) as qty from t_module left join pnt_pack on t_module.tray_id = pnt_pack.tray_id where pack_id = @code 
[INF] 2019-06-17 15:39:35 === 		Parameters:{ParamName:@code, DbType:AnsiString, Value:BNIDEC201961780005. }
[INF] 2019-06-17 15:39:37 === Open database OK.
[INF] 2019-06-17 15:39:37 === Execute SQL:insert into pnt_mng (pkg_id, pkg_type, act, pkg_date, pkg_qty, pkg_user, pkg_status) values (@id, @type, @act, @date, @qty, @user, @status) Params:{ParamName:@id, DbType:AnsiString, Value:BNIDEC201961780005. },{ParamName:@type, DbType:AnsiString, Value:pack. },{ParamName:@act, DbType:AnsiString, Value:r. },{ParamName:@date, DbType:DateTime, Value:2019/6/17 15:39:37. },{ParamName:@qty, DbType:Int32, Value:1. },{ParamName:@status, DbType:Int32, Value:1. },{ParamName:@user, DbType:AnsiString, Value:20181115110. }
[INF] 2019-06-17 15:45:10 === Create database NIDEC category:PostgreSQL
[INF] 2019-06-17 15:45:11 === Open database OK.
[INF] 2019-06-17 15:45:11 === Execute SQL:select user_id, user_name, pass, u_role from t_user where user_id = @user
[INF] 2019-06-17 15:45:11 === 		Parameters:{ParamName:@user, DbType:AnsiString, Value:20181115110. }
[INF] 2019-06-17 15:47:23 === Create database NIDEC category:PostgreSQL
[INF] 2019-06-17 15:47:24 === Open database OK.
[INF] 2019-06-17 15:47:24 === Execute SQL:select user_id, user_name, pass, u_role from t_user where user_id = @user
[INF] 2019-06-17 15:47:24 === 		Parameters:{ParamName:@user, DbType:AnsiString, Value:20181115110. }
[INF] 2019-06-17 15:47:48 === Open database OK.
[INF] 2019-06-17 15:47:48 === Execute Function:fn_apply_no
[INF] 2019-06-17 15:47:48 === 		Parameters:{ParamName:@mode, DbType:AnsiString, Value:pack. },{ParamName:@vendor, DbType:AnsiString, Value:NIDEC. },{ParamName:@sitecode, DbType:AnsiString, Value:8. },{ParamName:@date, DbType:AnsiString, Value:2019617. }
[INF] 2019-06-17 15:47:48 === Open database OK.
[INF] 2019-06-17 15:47:48 === Execute SQL:insert into pnt_mng (pkg_id, pkg_type, act, pkg_date, pkg_qty, pkg_user, pkg_status, remark) values (@id, @type, @act, @date, @qty, @user, @status, @remark) Params:{ParamName:@id, DbType:AnsiString, Value:BNIDEC201961780007. },{ParamName:@type, DbType:AnsiString, Value:pack. },{ParamName:@act, DbType:AnsiString, Value:r. },{ParamName:@date, DbType:DateTime, Value:2019/6/17 15:47:48. },{ParamName:@qty, DbType:Int32, Value:1. },{ParamName:@user, DbType:AnsiString, Value:20181115110. },{ParamName:@status, DbType:Int32, Value:0. },{ParamName:@remark, DbType:AnsiString, Value:. }
[INF] 2019-06-17 15:47:51 === Open database OK.
[INF] 2019-06-17 15:47:51 === Execute SQL:select count(tray_id) as qty from t_module where tray_id = @code
[INF] 2019-06-17 15:47:51 === 		Parameters:{ParamName:@code, DbType:AnsiString, Value:A1. }
[INF] 2019-06-17 15:47:51 === Open database OK.
[INF] 2019-06-17 15:47:51 === Execute SQL:select count(tray_id) as qty from pnt_pack where tray_id = @code and (status = 0 or status = 1)
[INF] 2019-06-17 15:47:51 === 		Parameters:{ParamName:@code, DbType:AnsiString, Value:A1. }
[INF] 2019-06-17 15:47:51 === Open database OK.
[INF] 2019-06-17 15:47:51 === Execute SQL:insert into pnt_pack values (@packid, @trayid, @pdate, 0) Params:{ParamName:@packid, DbType:AnsiString, Value:BNIDEC201961780007. },{ParamName:@trayid, DbType:AnsiString, Value:A1. },{ParamName:@pdate, DbType:DateTime, Value:2019/6/17 15:47:51. }
[INF] 2019-06-17 15:48:03 === Open database OK.
[INF] 2019-06-17 15:48:03 === Execute SQLS : [update pnt_pack set status = 1 where pack_id = 'BNIDEC201961780007' and tray_id = 'A1']
[INF] 2019-06-17 15:48:03 === Open database OK.
[INF] 2019-06-17 15:48:03 === Execute SQL:select count(m.module_id) as qty from t_module m, pnt_pack p where p.tray_id = m.tray_id and p.pack_id = @code and p.status = 1
[INF] 2019-06-17 15:48:03 === 		Parameters:{ParamName:@code, DbType:AnsiString, Value:BNIDEC201961780007. }
[INF] 2019-06-17 15:48:03 === Open database OK.
[INF] 2019-06-17 15:48:03 === Execute SQL:select lot ,count(lot) as qty from t_module left join pnt_pack on t_module.tray_id = pnt_pack.tray_id where pack_id =  @code group by lot order by qty desc ,lot  limit 16
[INF] 2019-06-17 15:48:03 === 		Parameters:{ParamName:@code, DbType:AnsiString, Value:BNIDEC201961780007. }
[INF] 2019-06-17 15:48:03 === Open database OK.
[INF] 2019-06-17 15:48:03 === Execute SQL:select count(lot) as qty from t_module left join pnt_pack on t_module.tray_id = pnt_pack.tray_id where pack_id = @code 
[INF] 2019-06-17 15:48:03 === 		Parameters:{ParamName:@code, DbType:AnsiString, Value:BNIDEC201961780007. }
[INF] 2019-06-17 15:48:09 === Open database OK.
[INF] 2019-06-17 15:48:09 === Execute SQL:insert into pnt_mng (pkg_id, pkg_type, act, pkg_date, pkg_qty, pkg_user, pkg_status) values (@id, @type, @act, @date, @qty, @user, @status) Params:{ParamName:@id, DbType:AnsiString, Value:BNIDEC201961780007. },{ParamName:@type, DbType:AnsiString, Value:pack. },{ParamName:@act, DbType:AnsiString, Value:r. },{ParamName:@date, DbType:DateTime, Value:2019/6/17 15:48:09. },{ParamName:@qty, DbType:Int32, Value:1. },{ParamName:@status, DbType:Int32, Value:1. },{ParamName:@user, DbType:AnsiString, Value:20181115110. }
[INF] 2019-06-17 15:49:47 === Create database NIDEC category:PostgreSQL
[INF] 2019-06-17 15:49:48 === Open database OK.
[INF] 2019-06-17 15:49:48 === Execute SQL:select user_id, user_name, pass, u_role from t_user where user_id = @user
[INF] 2019-06-17 15:49:48 === 		Parameters:{ParamName:@user, DbType:AnsiString, Value:20181115110. }
[INF] 2019-06-17 15:49:54 === Open database OK.
[INF] 2019-06-17 15:49:54 === Execute Function:fn_apply_no
[INF] 2019-06-17 15:49:54 === 		Parameters:{ParamName:@mode, DbType:AnsiString, Value:pack. },{ParamName:@vendor, DbType:AnsiString, Value:NIDEC. },{ParamName:@sitecode, DbType:AnsiString, Value:8. },{ParamName:@date, DbType:AnsiString, Value:2019617. }
[INF] 2019-06-17 15:49:54 === Open database OK.
[INF] 2019-06-17 15:49:54 === Execute SQL:insert into pnt_mng (pkg_id, pkg_type, act, pkg_date, pkg_qty, pkg_user, pkg_status, remark) values (@id, @type, @act, @date, @qty, @user, @status, @remark) Params:{ParamName:@id, DbType:AnsiString, Value:BNIDEC201961780008. },{ParamName:@type, DbType:AnsiString, Value:pack. },{ParamName:@act, DbType:AnsiString, Value:r. },{ParamName:@date, DbType:DateTime, Value:2019/6/17 15:49:54. },{ParamName:@qty, DbType:Int32, Value:1. },{ParamName:@user, DbType:AnsiString, Value:20181115110. },{ParamName:@status, DbType:Int32, Value:0. },{ParamName:@remark, DbType:AnsiString, Value:. }
[INF] 2019-06-17 15:49:55 === Open database OK.
[INF] 2019-06-17 15:49:55 === Execute SQL:select count(tray_id) as qty from t_module where tray_id = @code
[INF] 2019-06-17 15:49:55 === 		Parameters:{ParamName:@code, DbType:AnsiString, Value:A1. }
[INF] 2019-06-17 15:49:55 === Open database OK.
[INF] 2019-06-17 15:49:55 === Execute SQL:select count(tray_id) as qty from pnt_pack where tray_id = @code and (status = 0 or status = 1)
[INF] 2019-06-17 15:49:55 === 		Parameters:{ParamName:@code, DbType:AnsiString, Value:A1. }
[INF] 2019-06-17 15:50:13 === Open database OK.
[INF] 2019-06-17 15:50:13 === Execute SQL:select count(tray_id) as qty from t_module where tray_id = @code
[INF] 2019-06-17 15:50:13 === 		Parameters:{ParamName:@code, DbType:AnsiString, Value:A1. }
[INF] 2019-06-17 15:50:13 === Open database OK.
[INF] 2019-06-17 15:50:13 === Execute SQL:select count(tray_id) as qty from pnt_pack where tray_id = @code and (status = 0 or status = 1)
[INF] 2019-06-17 15:50:13 === 		Parameters:{ParamName:@code, DbType:AnsiString, Value:A1. }
[INF] 2019-06-17 15:50:13 === Open database OK.
[INF] 2019-06-17 15:50:13 === Execute SQL:insert into pnt_pack values (@packid, @trayid, @pdate, 0) Params:{ParamName:@packid, DbType:AnsiString, Value:BNIDEC201961780008. },{ParamName:@trayid, DbType:AnsiString, Value:A1. },{ParamName:@pdate, DbType:DateTime, Value:2019/6/17 15:50:13. }
[INF] 2019-06-17 15:50:16 === Open database OK.
[INF] 2019-06-17 15:50:16 === Execute SQLS : [update pnt_pack set status = 1 where pack_id = 'BNIDEC201961780008' and tray_id = 'A1']
[INF] 2019-06-17 15:50:16 === Open database OK.
[INF] 2019-06-17 15:50:16 === Execute SQL:select count(m.module_id) as qty from t_module m, pnt_pack p where p.tray_id = m.tray_id and p.pack_id = @code and p.status = 1
[INF] 2019-06-17 15:50:16 === 		Parameters:{ParamName:@code, DbType:AnsiString, Value:BNIDEC201961780008. }
[INF] 2019-06-17 15:50:16 === Open database OK.
[INF] 2019-06-17 15:50:16 === Execute SQL:select lot ,count(lot) as qty from t_module left join pnt_pack on t_module.tray_id = pnt_pack.tray_id where pack_id =  @code group by lot order by qty desc ,lot  limit 16
[INF] 2019-06-17 15:50:16 === 		Parameters:{ParamName:@code, DbType:AnsiString, Value:BNIDEC201961780008. }
[INF] 2019-06-17 15:50:16 === Open database OK.
[INF] 2019-06-17 15:50:16 === Execute SQL:select count(lot) as qty from t_module left join pnt_pack on t_module.tray_id = pnt_pack.tray_id where pack_id = @code 
[INF] 2019-06-17 15:50:16 === 		Parameters:{ParamName:@code, DbType:AnsiString, Value:BNIDEC201961780008. }
[INF] 2019-06-17 15:50:24 === Open database OK.
[INF] 2019-06-17 15:50:24 === Execute SQL:insert into pnt_mng (pkg_id, pkg_type, act, pkg_date, pkg_qty, pkg_user, pkg_status) values (@id, @type, @act, @date, @qty, @user, @status) Params:{ParamName:@id, DbType:AnsiString, Value:BNIDEC201961780008. },{ParamName:@type, DbType:AnsiString, Value:pack. },{ParamName:@act, DbType:AnsiString, Value:r. },{ParamName:@date, DbType:DateTime, Value:2019/6/17 15:50:24. },{ParamName:@qty, DbType:Int32, Value:1. },{ParamName:@status, DbType:Int32, Value:1. },{ParamName:@user, DbType:AnsiString, Value:20181115110. }
[INF] 2019-06-17 15:55:12 === Create database NIDEC category:PostgreSQL
[INF] 2019-06-17 15:55:14 === Open database OK.
[INF] 2019-06-17 15:55:14 === Execute SQL:select user_id, user_name, pass, u_role from t_user where user_id = @user
[INF] 2019-06-17 15:55:14 === 		Parameters:{ParamName:@user, DbType:AnsiString, Value:20181115110. }
[INF] 2019-06-17 15:56:11 === Open database OK.
[INF] 2019-06-17 15:56:11 === Execute Function:fn_apply_no
[INF] 2019-06-17 15:56:11 === 		Parameters:{ParamName:@mode, DbType:AnsiString, Value:pack. },{ParamName:@vendor, DbType:AnsiString, Value:NIDEC. },{ParamName:@sitecode, DbType:AnsiString, Value:8. },{ParamName:@date, DbType:AnsiString, Value:2019617. }
[INF] 2019-06-17 15:56:11 === Open database OK.
[INF] 2019-06-17 15:56:11 === Execute SQL:insert into pnt_mng (pkg_id, pkg_type, act, pkg_date, pkg_qty, pkg_user, pkg_status, remark) values (@id, @type, @act, @date, @qty, @user, @status, @remark) Params:{ParamName:@id, DbType:AnsiString, Value:BNIDEC201961780009. },{ParamName:@type, DbType:AnsiString, Value:pack. },{ParamName:@act, DbType:AnsiString, Value:r. },{ParamName:@date, DbType:DateTime, Value:2019/6/17 15:56:11. },{ParamName:@qty, DbType:Int32, Value:1. },{ParamName:@user, DbType:AnsiString, Value:20181115110. },{ParamName:@status, DbType:Int32, Value:0. },{ParamName:@remark, DbType:AnsiString, Value:. }
[INF] 2019-06-17 15:56:19 === Create database NIDEC category:PostgreSQL
[INF] 2019-06-17 15:56:20 === Open database OK.
[INF] 2019-06-17 15:56:20 === Execute SQL:select user_id, user_name, pass, u_role from t_user where user_id = @user
[INF] 2019-06-17 15:56:20 === 		Parameters:{ParamName:@user, DbType:AnsiString, Value:20181115110. }
[INF] 2019-06-17 15:56:21 === Open database OK.
[INF] 2019-06-17 15:56:21 === Execute Function:fn_apply_no
[INF] 2019-06-17 15:56:21 === 		Parameters:{ParamName:@mode, DbType:AnsiString, Value:pack. },{ParamName:@vendor, DbType:AnsiString, Value:NIDEC. },{ParamName:@sitecode, DbType:AnsiString, Value:8. },{ParamName:@date, DbType:AnsiString, Value:2019617. }
[INF] 2019-06-17 15:56:21 === Open database OK.
[INF] 2019-06-17 15:56:21 === Execute SQL:insert into pnt_mng (pkg_id, pkg_type, act, pkg_date, pkg_qty, pkg_user, pkg_status, remark) values (@id, @type, @act, @date, @qty, @user, @status, @remark) Params:{ParamName:@id, DbType:AnsiString, Value:BNIDEC20196178000A. },{ParamName:@type, DbType:AnsiString, Value:pack. },{ParamName:@act, DbType:AnsiString, Value:r. },{ParamName:@date, DbType:DateTime, Value:2019/6/17 15:56:21. },{ParamName:@qty, DbType:Int32, Value:1. },{ParamName:@user, DbType:AnsiString, Value:20181115110. },{ParamName:@status, DbType:Int32, Value:0. },{ParamName:@remark, DbType:AnsiString, Value:. }
[INF] 2019-06-17 15:56:24 === Open database OK.
[INF] 2019-06-17 15:56:24 === Execute SQL:select count(tray_id) as qty from t_module where tray_id = @code
[INF] 2019-06-17 15:56:24 === 		Parameters:{ParamName:@code, DbType:AnsiString, Value:A1. }
[INF] 2019-06-17 15:56:24 === Open database OK.
[INF] 2019-06-17 15:56:24 === Execute SQL:select count(tray_id) as qty from pnt_pack where tray_id = @code and (status = 0 or status = 1)
[INF] 2019-06-17 15:56:24 === 		Parameters:{ParamName:@code, DbType:AnsiString, Value:A1. }
[INF] 2019-06-17 15:56:24 === Open database OK.
[INF] 2019-06-17 15:56:24 === Execute SQL:insert into pnt_pack values (@packid, @trayid, @pdate, 0) Params:{ParamName:@packid, DbType:AnsiString, Value:BNIDEC20196178000A. },{ParamName:@trayid, DbType:AnsiString, Value:A1. },{ParamName:@pdate, DbType:DateTime, Value:2019/6/17 15:56:24. }
[INF] 2019-06-17 15:56:28 === Open database OK.
[INF] 2019-06-17 15:56:28 === Execute SQLS : [update pnt_pack set status = 1 where pack_id = 'BNIDEC20196178000A' and tray_id = 'A1']
[INF] 2019-06-17 15:56:28 === Open database OK.
[INF] 2019-06-17 15:56:28 === Execute SQL:select count(m.module_id) as qty from t_module m, pnt_pack p where p.tray_id = m.tray_id and p.pack_id = @code and p.status = 1
[INF] 2019-06-17 15:56:28 === 		Parameters:{ParamName:@code, DbType:AnsiString, Value:BNIDEC20196178000A. }
[INF] 2019-06-17 15:56:28 === Open database OK.
[INF] 2019-06-17 15:56:28 === Execute SQL:select lot ,count(lot) as qty from t_module left join pnt_pack on t_module.tray_id = pnt_pack.tray_id where pack_id =  @code group by lot order by qty desc ,lot  limit 16
[INF] 2019-06-17 15:56:28 === 		Parameters:{ParamName:@code, DbType:AnsiString, Value:BNIDEC20196178000A. }
[INF] 2019-06-17 15:56:28 === Open database OK.
[INF] 2019-06-17 15:56:28 === Execute SQL:select count(lot) as qty from t_module left join pnt_pack on t_module.tray_id = pnt_pack.tray_id where pack_id = @code 
[INF] 2019-06-17 15:56:28 === 		Parameters:{ParamName:@code, DbType:AnsiString, Value:BNIDEC20196178000A. }
[INF] 2019-06-17 15:56:36 === Open database OK.
[INF] 2019-06-17 15:56:36 === Execute SQL:select count(m.module_id) as qty from t_module m, pnt_pack p where p.tray_id = m.tray_id and p.pack_id = @code and p.status = 1
[INF] 2019-06-17 15:56:36 === 		Parameters:{ParamName:@code, DbType:AnsiString, Value:BNIDEC20196178000A. }
[INF] 2019-06-17 15:56:36 === Open database OK.
[INF] 2019-06-17 15:56:36 === Execute SQL:select lot ,count(lot) as qty from t_module left join pnt_pack on t_module.tray_id = pnt_pack.tray_id where pack_id =  @code group by lot order by qty desc ,lot  limit 16
[INF] 2019-06-17 15:56:36 === 		Parameters:{ParamName:@code, DbType:AnsiString, Value:BNIDEC20196178000A. }
[INF] 2019-06-17 15:56:36 === Open database OK.
[INF] 2019-06-17 15:56:36 === Execute SQL:select count(lot) as qty from t_module left join pnt_pack on t_module.tray_id = pnt_pack.tray_id where pack_id = @code 
[INF] 2019-06-17 15:56:36 === 		Parameters:{ParamName:@code, DbType:AnsiString, Value:BNIDEC20196178000A. }
[INF] 2019-06-17 15:56:45 === Open database OK.
[INF] 2019-06-17 15:56:45 === Execute SQL:insert into pnt_mng (pkg_id, pkg_type, act, pkg_date, pkg_qty, pkg_user, pkg_status) values (@id, @type, @act, @date, @qty, @user, @status) Params:{ParamName:@id, DbType:AnsiString, Value:BNIDEC20196178000A. },{ParamName:@type, DbType:AnsiString, Value:pack. },{ParamName:@act, DbType:AnsiString, Value:r. },{ParamName:@date, DbType:DateTime, Value:2019/6/17 15:56:45. },{ParamName:@qty, DbType:Int32, Value:1. },{ParamName:@status, DbType:Int32, Value:1. },{ParamName:@user, DbType:AnsiString, Value:20181115110. }
[INF] 2019-06-17 15:57:16 === Create database NIDEC category:PostgreSQL
[INF] 2019-06-17 15:57:51 === Create database NIDEC category:PostgreSQL
[INF] 2019-06-17 15:57:54 === Open database OK.
[INF] 2019-06-17 15:57:54 === Execute SQL:select user_id, user_name, pass, u_role from t_user where user_id = @user
[INF] 2019-06-17 15:57:54 === 		Parameters:{ParamName:@user, DbType:AnsiString, Value:20181115110. }
[INF] 2019-06-17 15:58:00 === Open database OK.
[INF] 2019-06-17 15:58:00 === Execute Function:fn_apply_no
[INF] 2019-06-17 15:58:00 === 		Parameters:{ParamName:@mode, DbType:AnsiString, Value:pack. },{ParamName:@vendor, DbType:AnsiString, Value:NIDEC. },{ParamName:@sitecode, DbType:AnsiString, Value:8. },{ParamName:@date, DbType:AnsiString, Value:2019617. }
[INF] 2019-06-17 15:58:00 === Open database OK.
[INF] 2019-06-17 15:58:00 === Execute SQL:insert into pnt_mng (pkg_id, pkg_type, act, pkg_date, pkg_qty, pkg_user, pkg_status, remark) values (@id, @type, @act, @date, @qty, @user, @status, @remark) Params:{ParamName:@id, DbType:AnsiString, Value:BNIDEC20196178000B. },{ParamName:@type, DbType:AnsiString, Value:pack. },{ParamName:@act, DbType:AnsiString, Value:r. },{ParamName:@date, DbType:DateTime, Value:2019/6/17 15:58:00. },{ParamName:@qty, DbType:Int32, Value:1. },{ParamName:@user, DbType:AnsiString, Value:20181115110. },{ParamName:@status, DbType:Int32, Value:0. },{ParamName:@remark, DbType:AnsiString, Value:. }
[INF] 2019-06-17 15:58:02 === Open database OK.
[INF] 2019-06-17 15:58:02 === Execute SQL:select count(tray_id) as qty from t_module where tray_id = @code
[INF] 2019-06-17 15:58:02 === 		Parameters:{ParamName:@code, DbType:AnsiString, Value:A1. }
[INF] 2019-06-17 15:58:02 === Open database OK.
[INF] 2019-06-17 15:58:02 === Execute SQL:select count(tray_id) as qty from pnt_pack where tray_id = @code and (status = 0 or status = 1)
[INF] 2019-06-17 15:58:02 === 		Parameters:{ParamName:@code, DbType:AnsiString, Value:A1. }
[INF] 2019-06-17 15:58:02 === Open database OK.
[INF] 2019-06-17 15:58:02 === Execute SQL:insert into pnt_pack values (@packid, @trayid, @pdate, 0) Params:{ParamName:@packid, DbType:AnsiString, Value:BNIDEC20196178000B. },{ParamName:@trayid, DbType:AnsiString, Value:A1. },{ParamName:@pdate, DbType:DateTime, Value:2019/6/17 15:58:02. }
[INF] 2019-06-17 15:58:05 === Open database OK.
[INF] 2019-06-17 15:58:05 === Execute SQLS : [update pnt_pack set status = 1 where pack_id = 'BNIDEC20196178000B' and tray_id = 'A1']
[INF] 2019-06-17 15:58:05 === Open database OK.
[INF] 2019-06-17 15:58:05 === Execute SQL:select count(m.module_id) as qty from t_module m, pnt_pack p where p.tray_id = m.tray_id and p.pack_id = @code and p.status = 1
[INF] 2019-06-17 15:58:05 === 		Parameters:{ParamName:@code, DbType:AnsiString, Value:BNIDEC20196178000B. }
[INF] 2019-06-17 15:58:05 === Open database OK.
[INF] 2019-06-17 15:58:05 === Execute SQL:select lot ,count(lot) as qty from t_module left join pnt_pack on t_module.tray_id = pnt_pack.tray_id where pack_id =  @code group by lot order by qty desc ,lot  limit 16
[INF] 2019-06-17 15:58:05 === 		Parameters:{ParamName:@code, DbType:AnsiString, Value:BNIDEC20196178000B. }
[INF] 2019-06-17 15:58:05 === Open database OK.
[INF] 2019-06-17 15:58:05 === Execute SQL:select count(lot) as qty from t_module left join pnt_pack on t_module.tray_id = pnt_pack.tray_id where pack_id = @code 
[INF] 2019-06-17 15:58:05 === 		Parameters:{ParamName:@code, DbType:AnsiString, Value:BNIDEC20196178000B. }
[INF] 2019-06-17 15:58:10 === Open database OK.
[INF] 2019-06-17 15:58:10 === Execute SQL:insert into pnt_mng (pkg_id, pkg_type, act, pkg_date, pkg_qty, pkg_user, pkg_status) values (@id, @type, @act, @date, @qty, @user, @status) Params:{ParamName:@id, DbType:AnsiString, Value:BNIDEC20196178000B. },{ParamName:@type, DbType:AnsiString, Value:pack. },{ParamName:@act, DbType:AnsiString, Value:r. },{ParamName:@date, DbType:DateTime, Value:2019/6/17 15:58:10. },{ParamName:@qty, DbType:Int32, Value:1. },{ParamName:@status, DbType:Int32, Value:1. },{ParamName:@user, DbType:AnsiString, Value:20181115110. }
[INF] 2019-06-17 16:21:44 === Create database NIDEC category:PostgreSQL
[INF] 2019-06-17 16:22:00 === Open database OK.
[INF] 2019-06-17 16:22:00 === Execute SQL:select user_id, user_name, pass, u_role from t_user where user_id = @user
[INF] 2019-06-17 16:22:00 === 		Parameters:{ParamName:@user, DbType:AnsiString, Value:20181115110. }
[INF] 2019-06-17 16:22:20 === Open database OK.
[INF] 2019-06-17 16:22:20 === Execute Function:fn_apply_no
[INF] 2019-06-17 16:22:20 === 		Parameters:{ParamName:@mode, DbType:AnsiString, Value:pack. },{ParamName:@vendor, DbType:AnsiString, Value:NIDEC. },{ParamName:@sitecode, DbType:AnsiString, Value:8. },{ParamName:@date, DbType:AnsiString, Value:2019617. }
[INF] 2019-06-17 16:22:20 === Open database OK.
[INF] 2019-06-17 16:22:20 === Execute SQL:insert into pnt_mng (pkg_id, pkg_type, act, pkg_date, pkg_qty, pkg_user, pkg_status, remark) values (@id, @type, @act, @date, @qty, @user, @status, @remark) Params:{ParamName:@id, DbType:AnsiString, Value:BNIDEC20196178000C. },{ParamName:@type, DbType:AnsiString, Value:pack. },{ParamName:@act, DbType:AnsiString, Value:r. },{ParamName:@date, DbType:DateTime, Value:2019/6/17 16:22:20. },{ParamName:@qty, DbType:Int32, Value:1. },{ParamName:@user, DbType:AnsiString, Value:20181115110. },{ParamName:@status, DbType:Int32, Value:0. },{ParamName:@remark, DbType:AnsiString, Value:. }
[INF] 2019-06-17 16:22:43 === Create database NIDEC category:PostgreSQL
[INF] 2019-06-17 16:22:45 === Open database OK.
[INF] 2019-06-17 16:22:45 === Execute SQL:select user_id, user_name, pass, u_role from t_user where user_id = @user
[INF] 2019-06-17 16:22:45 === 		Parameters:{ParamName:@user, DbType:AnsiString, Value:20181115110. }
[INF] 2019-06-17 16:22:48 === Open database OK.
[INF] 2019-06-17 16:22:48 === Execute Function:fn_apply_no
[INF] 2019-06-17 16:22:48 === 		Parameters:{ParamName:@mode, DbType:AnsiString, Value:pack. },{ParamName:@vendor, DbType:AnsiString, Value:NIDEC. },{ParamName:@sitecode, DbType:AnsiString, Value:8. },{ParamName:@date, DbType:AnsiString, Value:2019617. }
[INF] 2019-06-17 16:22:48 === Open database OK.
[INF] 2019-06-17 16:22:48 === Execute SQL:insert into pnt_mng (pkg_id, pkg_type, act, pkg_date, pkg_qty, pkg_user, pkg_status, remark) values (@id, @type, @act, @date, @qty, @user, @status, @remark) Params:{ParamName:@id, DbType:AnsiString, Value:BNIDEC20196178000D. },{ParamName:@type, DbType:AnsiString, Value:pack. },{ParamName:@act, DbType:AnsiString, Value:r. },{ParamName:@date, DbType:DateTime, Value:2019/6/17 16:22:48. },{ParamName:@qty, DbType:Int32, Value:1. },{ParamName:@user, DbType:AnsiString, Value:20181115110. },{ParamName:@status, DbType:Int32, Value:0. },{ParamName:@remark, DbType:AnsiString, Value:. }
[INF] 2019-06-17 16:23:56 === Open database OK.
[INF] 2019-06-17 16:23:56 === Execute SQL:select count(tray_id) as qty from t_module where tray_id = @code
[INF] 2019-06-17 16:23:56 === 		Parameters:{ParamName:@code, DbType:AnsiString, Value:A1. }
[INF] 2019-06-17 16:23:56 === Open database OK.
[INF] 2019-06-17 16:23:56 === Execute SQL:select count(tray_id) as qty from pnt_pack where tray_id = @code and (status = 0 or status = 1)
[INF] 2019-06-17 16:23:56 === 		Parameters:{ParamName:@code, DbType:AnsiString, Value:A1. }
[INF] 2019-06-17 16:23:57 === Open database OK.
[INF] 2019-06-17 16:23:57 === Execute SQL:insert into pnt_pack values (@packid, @trayid, @pdate, 0) Params:{ParamName:@packid, DbType:AnsiString, Value:BNIDEC20196178000D. },{ParamName:@trayid, DbType:AnsiString, Value:A1. },{ParamName:@pdate, DbType:DateTime, Value:2019/6/17 16:23:57. }
[INF] 2019-06-17 16:25:11 === Open database OK.
[INF] 2019-06-17 16:25:11 === Execute SQLS : [update pnt_pack set status = 1 where pack_id = 'BNIDEC20196178000D' and tray_id = 'A1']
[INF] 2019-06-17 16:25:11 === Open database OK.
[INF] 2019-06-17 16:25:11 === Execute SQL:select count(m.module_id) as qty from t_module m, pnt_pack p where p.tray_id = m.tray_id and p.pack_id = @code and p.status = 1
[INF] 2019-06-17 16:25:11 === 		Parameters:{ParamName:@code, DbType:AnsiString, Value:BNIDEC20196178000D. }
[INF] 2019-06-17 16:25:11 === Open database OK.
[INF] 2019-06-17 16:25:11 === Execute SQL:select lot ,count(lot) as qty from t_module left join pnt_pack on t_module.tray_id = pnt_pack.tray_id where pack_id =  @code group by lot order by qty desc ,lot  limit 16
[INF] 2019-06-17 16:25:11 === 		Parameters:{ParamName:@code, DbType:AnsiString, Value:BNIDEC20196178000D. }
[INF] 2019-06-17 16:25:11 === Open database OK.
[INF] 2019-06-17 16:25:11 === Execute SQL:select count(lot) as qty from t_module left join pnt_pack on t_module.tray_id = pnt_pack.tray_id where pack_id = @code 
[INF] 2019-06-17 16:25:11 === 		Parameters:{ParamName:@code, DbType:AnsiString, Value:BNIDEC20196178000D. }
[INF] 2019-06-17 16:59:37 === Create database NIDEC category:PostgreSQL
[INF] 2019-06-17 16:59:39 === Open database OK.
[INF] 2019-06-17 16:59:39 === Execute SQL:select user_id, user_name, pass, u_role from t_user where user_id = @user
[INF] 2019-06-17 16:59:39 === 		Parameters:{ParamName:@user, DbType:AnsiString, Value:20181115110. }
[INF] 2019-06-17 16:59:49 === Open database OK.
[INF] 2019-06-17 16:59:49 === Execute Function:fn_apply_no
[INF] 2019-06-17 16:59:49 === 		Parameters:{ParamName:@mode, DbType:AnsiString, Value:pack. },{ParamName:@vendor, DbType:AnsiString, Value:NIDEC. },{ParamName:@sitecode, DbType:AnsiString, Value:8. },{ParamName:@date, DbType:AnsiString, Value:2019617. }
[INF] 2019-06-17 16:59:49 === Open database OK.
[INF] 2019-06-17 16:59:49 === Execute SQL:insert into pnt_mng (pkg_id, pkg_type, act, pkg_date, pkg_qty, pkg_user, pkg_status, remark) values (@id, @type, @act, @date, @qty, @user, @status, @remark) Params:{ParamName:@id, DbType:AnsiString, Value:BNIDEC20196178000E. },{ParamName:@type, DbType:AnsiString, Value:pack. },{ParamName:@act, DbType:AnsiString, Value:r. },{ParamName:@date, DbType:DateTime, Value:2019/6/17 16:59:49. },{ParamName:@qty, DbType:Int32, Value:1. },{ParamName:@user, DbType:AnsiString, Value:20181115110. },{ParamName:@status, DbType:Int32, Value:0. },{ParamName:@remark, DbType:AnsiString, Value:. }
[INF] 2019-06-17 16:59:51 === Open database OK.
[INF] 2019-06-17 16:59:51 === Execute SQL:select count(tray_id) as qty from t_module where tray_id = @code
[INF] 2019-06-17 16:59:51 === 		Parameters:{ParamName:@code, DbType:AnsiString, Value:A1. }
[INF] 2019-06-17 16:59:51 === Open database OK.
[INF] 2019-06-17 16:59:51 === Execute SQL:select count(tray_id) as qty from pnt_pack where tray_id = @code and (status = 0 or status = 1)
[INF] 2019-06-17 16:59:51 === 		Parameters:{ParamName:@code, DbType:AnsiString, Value:A1. }
[INF] 2019-06-17 16:59:51 === Open database OK.
[INF] 2019-06-17 16:59:51 === Execute SQL:insert into pnt_pack values (@packid, @trayid, @pdate, 0) Params:{ParamName:@packid, DbType:AnsiString, Value:BNIDEC20196178000E. },{ParamName:@trayid, DbType:AnsiString, Value:A1. },{ParamName:@pdate, DbType:DateTime, Value:2019/6/17 16:59:51. }
[INF] 2019-06-17 16:59:56 === Open database OK.
[INF] 2019-06-17 16:59:56 === Execute SQLS : [update pnt_pack set status = 1 where pack_id = 'BNIDEC20196178000E' and tray_id = 'A1']
[INF] 2019-06-17 16:59:56 === Open database OK.
[INF] 2019-06-17 16:59:56 === Execute SQL:select count(m.module_id) as qty from t_module m, pnt_pack p where p.tray_id = m.tray_id and p.pack_id = @code and p.status = 1
[INF] 2019-06-17 16:59:56 === 		Parameters:{ParamName:@code, DbType:AnsiString, Value:BNIDEC20196178000E. }
[INF] 2019-06-17 16:59:56 === Open database OK.
[INF] 2019-06-17 16:59:56 === Execute SQL:select lot ,count(lot) as qty from t_module left join pnt_pack on t_module.tray_id = pnt_pack.tray_id where pack_id =  @code group by lot order by qty desc ,lot  limit 16
[INF] 2019-06-17 16:59:56 === 		Parameters:{ParamName:@code, DbType:AnsiString, Value:BNIDEC20196178000E. }
[INF] 2019-06-17 16:59:56 === Open database OK.
[INF] 2019-06-17 16:59:56 === Execute SQL:select count(lot) as qty from t_module left join pnt_pack on t_module.tray_id = pnt_pack.tray_id where pack_id = @code 
[INF] 2019-06-17 16:59:56 === 		Parameters:{ParamName:@code, DbType:AnsiString, Value:BNIDEC20196178000E. }
[INF] 2019-06-17 16:59:59 === Open database OK.
[INF] 2019-06-17 16:59:59 === Execute SQL:select count(m.module_id) as qty from t_module m, pnt_pack p where p.tray_id = m.tray_id and p.pack_id = @code and p.status = 1
[INF] 2019-06-17 16:59:59 === 		Parameters:{ParamName:@code, DbType:AnsiString, Value:BNIDEC20196178000E. }
[INF] 2019-06-17 16:59:59 === Open database OK.
[INF] 2019-06-17 16:59:59 === Execute SQL:select lot ,count(lot) as qty from t_module left join pnt_pack on t_module.tray_id = pnt_pack.tray_id where pack_id =  @code group by lot order by qty desc ,lot  limit 16
[INF] 2019-06-17 16:59:59 === 		Parameters:{ParamName:@code, DbType:AnsiString, Value:BNIDEC20196178000E. }
[INF] 2019-06-17 16:59:59 === Open database OK.
[INF] 2019-06-17 16:59:59 === Execute SQL:select count(lot) as qty from t_module left join pnt_pack on t_module.tray_id = pnt_pack.tray_id where pack_id = @code 
[INF] 2019-06-17 16:59:59 === 		Parameters:{ParamName:@code, DbType:AnsiString, Value:BNIDEC20196178000E. }
[INF] 2019-06-17 17:00:01 === Open database OK.
[INF] 2019-06-17 17:00:01 === Execute SQL:insert into pnt_mng (pkg_id, pkg_type, act, pkg_date, pkg_qty, pkg_user, pkg_status) values (@id, @type, @act, @date, @qty, @user, @status) Params:{ParamName:@id, DbType:AnsiString, Value:BNIDEC20196178000E. },{ParamName:@type, DbType:AnsiString, Value:pack. },{ParamName:@act, DbType:AnsiString, Value:r. },{ParamName:@date, DbType:DateTime, Value:2019/6/17 17:00:01. },{ParamName:@qty, DbType:Int32, Value:1. },{ParamName:@status, DbType:Int32, Value:1. },{ParamName:@user, DbType:AnsiString, Value:20181115110. }
[INF] 2019-06-17 18:33:54 === Create database NIDEC category:PostgreSQL
[INF] 2019-06-17 18:33:55 === Open database OK.
[INF] 2019-06-17 18:33:55 === Execute SQL:select user_id, user_name, pass, u_role from t_user where user_id = @user
[INF] 2019-06-17 18:33:55 === 		Parameters:{ParamName:@user, DbType:AnsiString, Value:20181115110. }
[INF] 2019-06-17 18:33:59 === Open database OK.
[INF] 2019-06-17 18:33:59 === Execute Function:fn_apply_no
[INF] 2019-06-17 18:33:59 === 		Parameters:{ParamName:@mode, DbType:AnsiString, Value:pack. },{ParamName:@vendor, DbType:AnsiString, Value:NIDEC. },{ParamName:@sitecode, DbType:AnsiString, Value:8. },{ParamName:@date, DbType:AnsiString, Value:2019617. }
[INF] 2019-06-17 18:33:59 === Open database OK.
[INF] 2019-06-17 18:33:59 === Execute SQL:insert into pnt_mng (pkg_id, pkg_type, act, pkg_date, pkg_qty, pkg_user, pkg_status, remark) values (@id, @type, @act, @date, @qty, @user, @status, @remark) Params:{ParamName:@id, DbType:AnsiString, Value:BNIDEC20196178000F. },{ParamName:@type, DbType:AnsiString, Value:pack. },{ParamName:@act, DbType:AnsiString, Value:r. },{ParamName:@date, DbType:DateTime, Value:2019/6/17 18:33:59. },{ParamName:@qty, DbType:Int32, Value:1. },{ParamName:@user, DbType:AnsiString, Value:20181115110. },{ParamName:@status, DbType:Int32, Value:0. },{ParamName:@remark, DbType:AnsiString, Value:. }
[INF] 2019-06-17 18:34:25 === Open database OK.
[INF] 2019-06-17 18:34:25 === Execute SQL:select count(tray_id) as qty from t_module where tray_id = @code
[INF] 2019-06-17 18:34:25 === 		Parameters:{ParamName:@code, DbType:AnsiString, Value:A1. }
[INF] 2019-06-17 18:34:27 === Open database OK.
[INF] 2019-06-17 18:34:27 === Execute SQL:select count(tray_id) as qty from pnt_pack where tray_id = @code and (status = 0 or status = 1)
[INF] 2019-06-17 18:34:27 === 		Parameters:{ParamName:@code, DbType:AnsiString, Value:A1. }
[INF] 2019-06-17 18:34:28 === Open database OK.
[INF] 2019-06-17 18:34:28 === Execute SQL:insert into pnt_pack values (@packid, @trayid, @pdate, 0) Params:{ParamName:@packid, DbType:AnsiString, Value:BNIDEC20196178000F. },{ParamName:@trayid, DbType:AnsiString, Value:A1. },{ParamName:@pdate, DbType:DateTime, Value:2019/6/17 18:34:27. }
[INF] 2019-06-17 18:34:35 === Open database OK.
[INF] 2019-06-17 18:34:35 === Execute SQLS : [update pnt_pack set status = 1 where pack_id = 'BNIDEC20196178000F' and tray_id = 'A1']
[INF] 2019-06-17 18:50:30 === Open database OK.
[INF] 2019-06-17 18:50:30 === Execute SQL:select count(m.module_id) as qty from t_module m, pnt_pack p where p.tray_id = m.tray_id and p.pack_id = @code and p.status = 1
[INF] 2019-06-17 18:50:30 === 		Parameters:{ParamName:@code, DbType:AnsiString, Value:BNIDEC20196178000F. }
[INF] 2019-06-17 18:54:33 === Open database OK.
[INF] 2019-06-17 18:54:33 === Execute SQL:select lot ,count(lot) as qty from t_module left join pnt_pack on t_module.tray_id = pnt_pack.tray_id where pack_id =  @code group by lot order by qty desc ,lot  limit 16
[INF] 2019-06-17 18:54:33 === 		Parameters:{ParamName:@code, DbType:AnsiString, Value:BNIDEC20196178000F. }
[INF] 2019-06-17 18:56:03 === Open database OK.
[INF] 2019-06-17 18:56:03 === Execute SQL:select count(lot) as qty from t_module left join pnt_pack on t_module.tray_id = pnt_pack.tray_id where pack_id = @code 
[INF] 2019-06-17 18:56:03 === 		Parameters:{ParamName:@code, DbType:AnsiString, Value:BNIDEC20196178000F. }
[INF] 2019-06-17 19:19:23 === Create database NIDEC category:PostgreSQL
[INF] 2019-06-17 19:19:26 === Open database OK.
[INF] 2019-06-17 19:19:26 === Execute SQL:select user_id, user_name, pass, u_role from t_user where user_id = @user
[INF] 2019-06-17 19:19:26 === 		Parameters:{ParamName:@user, DbType:AnsiString, Value:20181115110. }
[INF] 2019-06-17 19:20:23 === Create database NIDEC category:PostgreSQL
[INF] 2019-06-17 19:20:24 === Open database OK.
[INF] 2019-06-17 19:20:24 === Execute SQL:select user_id, user_name, pass, u_role from t_user where user_id = @user
[INF] 2019-06-17 19:20:24 === 		Parameters:{ParamName:@user, DbType:AnsiString, Value:20181115110. }
[ERR] 2019-06-17 19:20:26 === Not found language:zh-cn message by key:REPRINT_BT_PRINT3
[WRN] 2019-06-17 19:24:30 === Duplicate Key:REPRINT_BT_PRINT_NEW in language mapping file.
[INF] 2019-06-17 19:24:30 === Create database NIDEC category:PostgreSQL
[INF] 2019-06-17 19:24:31 === Open database OK.
[INF] 2019-06-17 19:24:31 === Execute SQL:select user_id, user_name, pass, u_role from t_user where user_id = @user
[INF] 2019-06-17 19:24:31 === 		Parameters:{ParamName:@user, DbType:AnsiString, Value:20181115110. }
[INF] 2019-06-17 19:25:21 === Create database NIDEC category:PostgreSQL
[INF] 2019-06-17 19:25:23 === Open database OK.
[INF] 2019-06-17 19:25:23 === Execute SQL:select user_id, user_name, pass, u_role from t_user where user_id = @user
[INF] 2019-06-17 19:25:23 === 		Parameters:{ParamName:@user, DbType:AnsiString, Value:20181115110. }
[INF] 2019-06-17 19:26:45 === Create database NIDEC category:PostgreSQL
[INF] 2019-06-17 19:26:46 === Open database OK.
[INF] 2019-06-17 19:26:47 === Execute SQL:select user_id, user_name, pass, u_role from t_user where user_id = @user
[INF] 2019-06-17 19:26:47 === 		Parameters:{ParamName:@user, DbType:AnsiString, Value:20181115110. }
[INF] 2019-06-17 19:48:20 === Create database NIDEC category:PostgreSQL
[INF] 2019-06-17 19:48:22 === Open database OK.
[INF] 2019-06-17 19:48:22 === Execute SQL:select user_id, user_name, pass, u_role from t_user where user_id = @user
[INF] 2019-06-17 19:48:22 === 		Parameters:{ParamName:@user, DbType:AnsiString, Value:20181115110. }
[INF] 2019-06-17 19:48:24 === Open database OK.
[INF] 2019-06-17 19:48:24 === Execute SQL:select name, pcode, ccode, p_date, status from vw_packing where pcode = @pcode and status = 1 order by ccode
[INF] 2019-06-17 19:48:24 === 		Parameters:{ParamName:@pcode, DbType:AnsiString, Value:BNIDEC20196178000F. }
[INF] 2019-06-17 19:48:25 === Open database OK.
[INF] 2019-06-17 19:48:25 === Execute SQL:select name, pcode, ccode, p_date, status from vw_packing where pcode = @pcode and status = 1 order by ccode
[INF] 2019-06-17 19:48:25 === 		Parameters:{ParamName:@pcode, DbType:AnsiString, Value:BNIDEC20196178000F. }
[INF] 2019-06-17 19:48:32 === Open database OK.
[INF] 2019-06-17 19:48:32 === Execute SQL:select count(m.module_id) as qty from t_module m, pnt_pack p where p.tray_id = m.tray_id and p.pack_id = @code and p.status = 1
[INF] 2019-06-17 19:48:32 === 		Parameters:{ParamName:@code, DbType:AnsiString, Value:BNIDEC20196178000F. }
[INF] 2019-06-17 19:48:32 === Open database OK.
[INF] 2019-06-17 19:48:32 === Execute SQL:select lot ,count(lot) as qty from t_module left join pnt_pack on t_module.tray_id = pnt_pack.tray_id where pack_id =  @code group by lot order by qty desc ,lot  limit 16
[INF] 2019-06-17 19:48:32 === 		Parameters:{ParamName:@code, DbType:AnsiString, Value:BNIDEC20196178000F. }
[INF] 2019-06-17 19:48:32 === Open database OK.
[INF] 2019-06-17 19:48:32 === Execute SQL:select count(lot) as qty from t_module left join pnt_pack on t_module.tray_id = pnt_pack.tray_id where pack_id = @code 
[INF] 2019-06-17 19:48:32 === 		Parameters:{ParamName:@code, DbType:AnsiString, Value:BNIDEC20196178000F. }
[INF] 2019-06-17 19:48:57 === Open database OK.
[INF] 2019-06-17 19:48:57 === Execute SQL:select lot ,count(lot) as qty from t_module left join pnt_pack on t_module.tray_id = pnt_pack.tray_id where pack_id =  @code group by lot order by qty desc ,lot  limit 16
[INF] 2019-06-17 19:48:57 === 		Parameters:{ParamName:@code, DbType:AnsiString, Value:BNIDEC20196178000F. }
[INF] 2019-06-17 19:48:57 === Open database OK.
[INF] 2019-06-17 19:48:57 === Execute SQL:select count(lot) as qty from t_module left join pnt_pack on t_module.tray_id = pnt_pack.tray_id where pack_id = @code 
[INF] 2019-06-17 19:48:57 === 		Parameters:{ParamName:@code, DbType:AnsiString, Value:BNIDEC20196178000F. }
[INF] 2019-06-17 19:49:09 === Open database OK.
[INF] 2019-06-17 19:49:09 === Execute SQL:insert into pnt_mng (pkg_id, pkg_type, act, pkg_date, pkg_qty, pkg_user, pkg_status) values (@id, @type, @act, @date, @qty, @user, @status) Params:{ParamName:@id, DbType:AnsiString, Value:BNIDEC20196178000F. },{ParamName:@type, DbType:AnsiString, Value:pack. },{ParamName:@act, DbType:AnsiString, Value:r. },{ParamName:@date, DbType:DateTime, Value:2019/6/17 19:49:09. },{ParamName:@qty, DbType:Int32, Value:1. },{ParamName:@status, DbType:Int32, Value:1. },{ParamName:@user, DbType:AnsiString, Value:20181115110. }
[INF] 2019-06-17 19:49:14 === Open database OK.
[INF] 2019-06-17 19:49:14 === Execute SQL:select count(m.module_id) as qty from t_module m, pnt_pack p where p.tray_id = m.tray_id and p.pack_id = @code and p.status = 1
[INF] 2019-06-17 19:49:14 === 		Parameters:{ParamName:@code, DbType:AnsiString, Value:BNIDEC20196178000F. }
[INF] 2019-06-17 19:49:14 === Open database OK.
[INF] 2019-06-17 19:49:14 === Execute SQL:select lot ,count(lot) as qty from t_module left join pnt_pack on t_module.tray_id = pnt_pack.tray_id where pack_id =  @code group by lot order by qty desc ,lot  limit 16
[INF] 2019-06-17 19:49:14 === 		Parameters:{ParamName:@code, DbType:AnsiString, Value:BNIDEC20196178000F. }
[INF] 2019-06-17 19:49:14 === Open database OK.
[INF] 2019-06-17 19:49:14 === Execute SQL:select count(lot) as qty from t_module left join pnt_pack on t_module.tray_id = pnt_pack.tray_id where pack_id = @code 
[INF] 2019-06-17 19:49:14 === 		Parameters:{ParamName:@code, DbType:AnsiString, Value:BNIDEC20196178000F. }
[INF] 2019-06-17 19:49:28 === Open database OK.
[INF] 2019-06-17 19:49:28 === Execute SQL:insert into pnt_mng (pkg_id, pkg_type, act, pkg_date, pkg_qty, pkg_user, pkg_status) values (@id, @type, @act, @date, @qty, @user, @status) Params:{ParamName:@id, DbType:AnsiString, Value:BNIDEC20196178000F. },{ParamName:@type, DbType:AnsiString, Value:pack. },{ParamName:@act, DbType:AnsiString, Value:r. },{ParamName:@date, DbType:DateTime, Value:2019/6/17 19:49:28. },{ParamName:@qty, DbType:Int32, Value:1. },{ParamName:@status, DbType:Int32, Value:1. },{ParamName:@user, DbType:AnsiString, Value:20181115110. }
[INF] 2019-06-17 19:52:06 === Create database NIDEC category:PostgreSQL
[INF] 2019-06-17 19:52:08 === Open database OK.
[INF] 2019-06-17 19:52:08 === Execute SQL:select user_id, user_name, pass, u_role from t_user where user_id = @user
[INF] 2019-06-17 19:52:08 === 		Parameters:{ParamName:@user, DbType:AnsiString, Value:20181115110. }
[INF] 2019-06-17 19:53:04 === Create database NIDEC category:PostgreSQL
[INF] 2019-06-17 19:53:06 === Open database OK.
[INF] 2019-06-17 19:53:06 === Execute SQL:select user_id, user_name, pass, u_role from t_user where user_id = @user
[INF] 2019-06-17 19:53:06 === 		Parameters:{ParamName:@user, DbType:AnsiString, Value:20181115110. }
[INF] 2019-06-17 19:53:18 === Open database OK.
[INF] 2019-06-17 19:53:18 === Execute Function:fn_apply_no
[INF] 2019-06-17 19:53:18 === 		Parameters:{ParamName:@mode, DbType:AnsiString, Value:pack. },{ParamName:@vendor, DbType:AnsiString, Value:NIDEC. },{ParamName:@sitecode, DbType:AnsiString, Value:8. },{ParamName:@date, DbType:AnsiString, Value:2019617. }
[INF] 2019-06-17 19:53:18 === Open database OK.
[INF] 2019-06-17 19:53:18 === Execute SQL:insert into pnt_mng (pkg_id, pkg_type, act, pkg_date, pkg_qty, pkg_user, pkg_status, remark) values (@id, @type, @act, @date, @qty, @user, @status, @remark) Params:{ParamName:@id, DbType:AnsiString, Value:BNIDEC20196178000G. },{ParamName:@type, DbType:AnsiString, Value:pack. },{ParamName:@act, DbType:AnsiString, Value:r. },{ParamName:@date, DbType:DateTime, Value:2019/6/17 19:53:18. },{ParamName:@qty, DbType:Int32, Value:1. },{ParamName:@user, DbType:AnsiString, Value:20181115110. },{ParamName:@status, DbType:Int32, Value:0. },{ParamName:@remark, DbType:AnsiString, Value:. }
[INF] 2019-06-17 19:53:22 === Open database OK.
[INF] 2019-06-17 19:53:22 === Execute SQL:select count(tray_id) as qty from t_module where tray_id = @code
[INF] 2019-06-17 19:53:22 === 		Parameters:{ParamName:@code, DbType:AnsiString, Value:A1. }
[INF] 2019-06-17 19:53:22 === Open database OK.
[INF] 2019-06-17 19:53:22 === Execute SQL:select count(tray_id) as qty from pnt_pack where tray_id = @code and (status = 0 or status = 1)
[INF] 2019-06-17 19:53:22 === 		Parameters:{ParamName:@code, DbType:AnsiString, Value:A1. }
[INF] 2019-06-17 19:53:22 === Open database OK.
[INF] 2019-06-17 19:53:22 === Execute SQL:insert into pnt_pack values (@packid, @trayid, @pdate, 0) Params:{ParamName:@packid, DbType:AnsiString, Value:BNIDEC20196178000G. },{ParamName:@trayid, DbType:AnsiString, Value:A1. },{ParamName:@pdate, DbType:DateTime, Value:2019/6/17 19:53:22. }
[INF] 2019-06-17 19:53:25 === Open database OK.
[INF] 2019-06-17 19:53:25 === Execute SQLS : [update pnt_pack set status = 1 where pack_id = 'BNIDEC20196178000G' and tray_id = 'A1']
[INF] 2019-06-17 19:53:25 === Open database OK.
[INF] 2019-06-17 19:53:25 === Execute SQL:select count(m.module_id) as qty from t_module m, pnt_pack p where p.tray_id = m.tray_id and p.pack_id = @code and p.status = 1
[INF] 2019-06-17 19:53:25 === 		Parameters:{ParamName:@code, DbType:AnsiString, Value:BNIDEC20196178000G. }
[INF] 2019-06-17 19:53:25 === Open database OK.
[INF] 2019-06-17 19:53:25 === Execute SQL:select lot ,count(lot) as qty from t_module left join pnt_pack on t_module.tray_id = pnt_pack.tray_id where pack_id =  @code group by lot order by qty desc ,lot  limit 16
[INF] 2019-06-17 19:53:25 === 		Parameters:{ParamName:@code, DbType:AnsiString, Value:BNIDEC20196178000G. }
[INF] 2019-06-17 19:53:25 === Open database OK.
[INF] 2019-06-17 19:53:25 === Execute SQL:select count(lot) as qty from t_module left join pnt_pack on t_module.tray_id = pnt_pack.tray_id where pack_id = @code 
[INF] 2019-06-17 19:53:25 === 		Parameters:{ParamName:@code, DbType:AnsiString, Value:BNIDEC20196178000G. }
[INF] 2019-06-17 19:53:29 === Open database OK.
[INF] 2019-06-17 19:53:29 === Execute SQL:select count(m.module_id) as qty from t_module m, pnt_pack p where p.tray_id = m.tray_id and p.pack_id = @code and p.status = 1
[INF] 2019-06-17 19:53:29 === 		Parameters:{ParamName:@code, DbType:AnsiString, Value:BNIDEC20196178000G. }
[INF] 2019-06-17 19:53:29 === Open database OK.
[INF] 2019-06-17 19:53:29 === Execute SQL:select lot ,count(lot) as qty from t_module left join pnt_pack on t_module.tray_id = pnt_pack.tray_id where pack_id =  @code group by lot order by qty desc ,lot  limit 16
[INF] 2019-06-17 19:53:29 === 		Parameters:{ParamName:@code, DbType:AnsiString, Value:BNIDEC20196178000G. }
[INF] 2019-06-17 19:53:29 === Open database OK.
[INF] 2019-06-17 19:53:29 === Execute SQL:select count(lot) as qty from t_module left join pnt_pack on t_module.tray_id = pnt_pack.tray_id where pack_id = @code 
[INF] 2019-06-17 19:53:29 === 		Parameters:{ParamName:@code, DbType:AnsiString, Value:BNIDEC20196178000G. }
[INF] 2019-06-17 19:53:31 === Open database OK.
[INF] 2019-06-17 19:53:31 === Execute SQL:insert into pnt_mng (pkg_id, pkg_type, act, pkg_date, pkg_qty, pkg_user, pkg_status) values (@id, @type, @act, @date, @qty, @user, @status) Params:{ParamName:@id, DbType:AnsiString, Value:BNIDEC20196178000G. },{ParamName:@type, DbType:AnsiString, Value:pack. },{ParamName:@act, DbType:AnsiString, Value:r. },{ParamName:@date, DbType:DateTime, Value:2019/6/17 19:53:31. },{ParamName:@qty, DbType:Int32, Value:1. },{ParamName:@status, DbType:Int32, Value:1. },{ParamName:@user, DbType:AnsiString, Value:20181115110. }
[INF] 2019-06-17 19:53:47 === Open database OK.
[INF] 2019-06-17 19:53:47 === Execute Function:fn_apply_no
[INF] 2019-06-17 19:53:47 === 		Parameters:{ParamName:@mode, DbType:AnsiString, Value:pack. },{ParamName:@vendor, DbType:AnsiString, Value:NIDEC. },{ParamName:@sitecode, DbType:AnsiString, Value:8. },{ParamName:@date, DbType:AnsiString, Value:2019617. }
[INF] 2019-06-17 19:53:47 === Open database OK.
[INF] 2019-06-17 19:53:47 === Execute SQL:insert into pnt_mng (pkg_id, pkg_type, act, pkg_date, pkg_qty, pkg_user, pkg_status, remark) values (@id, @type, @act, @date, @qty, @user, @status, @remark) Params:{ParamName:@id, DbType:AnsiString, Value:BNIDEC20196178000H. },{ParamName:@type, DbType:AnsiString, Value:pack. },{ParamName:@act, DbType:AnsiString, Value:r. },{ParamName:@date, DbType:DateTime, Value:2019/6/17 19:53:47. },{ParamName:@qty, DbType:Int32, Value:1. },{ParamName:@user, DbType:AnsiString, Value:20181115110. },{ParamName:@status, DbType:Int32, Value:0. },{ParamName:@remark, DbType:AnsiString, Value:. }
[INF] 2019-06-17 19:53:49 === Open database OK.
[INF] 2019-06-17 19:53:49 === Execute SQL:select count(tray_id) as qty from t_module where tray_id = @code
[INF] 2019-06-17 19:53:49 === 		Parameters:{ParamName:@code, DbType:AnsiString, Value:A1. }
[INF] 2019-06-17 19:53:49 === Open database OK.
[INF] 2019-06-17 19:53:49 === Execute SQL:select count(tray_id) as qty from pnt_pack where tray_id = @code and (status = 0 or status = 1)
[INF] 2019-06-17 19:53:49 === 		Parameters:{ParamName:@code, DbType:AnsiString, Value:A1. }
[INF] 2019-06-17 19:53:49 === Open database OK.
[INF] 2019-06-17 19:53:49 === Execute SQL:insert into pnt_pack values (@packid, @trayid, @pdate, 0) Params:{ParamName:@packid, DbType:AnsiString, Value:BNIDEC20196178000H. },{ParamName:@trayid, DbType:AnsiString, Value:A1. },{ParamName:@pdate, DbType:DateTime, Value:2019/6/17 19:53:49. }
[INF] 2019-06-17 19:53:53 === Open database OK.
[INF] 2019-06-17 19:53:53 === Execute SQLS : [update pnt_pack set status = 1 where pack_id = 'BNIDEC20196178000H' and tray_id = 'A1']
[INF] 2019-06-17 19:53:53 === Open database OK.
[INF] 2019-06-17 19:53:53 === Execute SQL:select count(m.module_id) as qty from t_module m, pnt_pack p where p.tray_id = m.tray_id and p.pack_id = @code and p.status = 1
[INF] 2019-06-17 19:53:53 === 		Parameters:{ParamName:@code, DbType:AnsiString, Value:BNIDEC20196178000H. }
[INF] 2019-06-17 19:53:53 === Open database OK.
[INF] 2019-06-17 19:53:53 === Execute SQL:select lot ,count(lot) as qty from t_module left join pnt_pack on t_module.tray_id = pnt_pack.tray_id where pack_id =  @code group by lot order by qty desc ,lot  limit 16
[INF] 2019-06-17 19:53:53 === 		Parameters:{ParamName:@code, DbType:AnsiString, Value:BNIDEC20196178000H. }
[INF] 2019-06-17 19:53:53 === Open database OK.
[INF] 2019-06-17 19:53:53 === Execute SQL:select count(lot) as qty from t_module left join pnt_pack on t_module.tray_id = pnt_pack.tray_id where pack_id = @code 
[INF] 2019-06-17 19:53:53 === 		Parameters:{ParamName:@code, DbType:AnsiString, Value:BNIDEC20196178000H. }
[INF] 2019-06-17 19:53:56 === Open database OK.
[INF] 2019-06-17 19:53:56 === Execute SQL:insert into pnt_mng (pkg_id, pkg_type, act, pkg_date, pkg_qty, pkg_user, pkg_status) values (@id, @type, @act, @date, @qty, @user, @status) Params:{ParamName:@id, DbType:AnsiString, Value:BNIDEC20196178000H. },{ParamName:@type, DbType:AnsiString, Value:pack. },{ParamName:@act, DbType:AnsiString, Value:r. },{ParamName:@date, DbType:DateTime, Value:2019/6/17 19:53:56. },{ParamName:@qty, DbType:Int32, Value:1. },{ParamName:@status, DbType:Int32, Value:1. },{ParamName:@user, DbType:AnsiString, Value:20181115110. }
