[INF] 2019-05-30 09:53:25 === Create database NIDEC category:PostgreSQL
[INF] 2019-05-30 09:53:29 === Open database OK.
[INF] 2019-05-30 09:53:29 === Execute SQL:select user_id, user_name, pass, u_role from t_user where user_id = @user
[INF] 2019-05-30 09:53:29 === 		Parameters:{ParamName:@user, DbType:AnsiString, Value:20181115110. }
[INF] 2019-05-30 09:53:52 === Open database OK.
[INF] 2019-05-30 09:53:52 === Execute SQL:select name, pcode, ccode, p_date, status from vw_packing where pcode = @pcode and status = 1 order by ccode
[INF] 2019-05-30 09:53:52 === 		Parameters:{ParamName:@pcode, DbType:AnsiString, Value:PNIDEC201952980004. }
[INF] 2019-05-30 09:54:17 === Open database OK.
[INF] 2019-05-30 09:54:17 === Execute SQL:select name, pcode, ccode, p_date, status from vw_packing where pcode = @pcode and status = 1 order by ccode
[INF] 2019-05-30 09:54:17 === 		Parameters:{ParamName:@pcode, DbType:AnsiString, Value:PNIDEC201952980004. }
[INF] 2019-05-30 09:54:18 === Open database OK.
[INF] 2019-05-30 09:54:18 === Execute SQL:select name, pcode, ccode, p_date, status from vw_packing where pcode = @pcode and status = 1 order by ccode
[INF] 2019-05-30 09:54:18 === 		Parameters:{ParamName:@pcode, DbType:AnsiString, Value:PNIDEC201952980004. }
[INF] 2019-05-30 09:54:24 === Create database NIDEC category:PostgreSQL
[INF] 2019-05-30 09:54:25 === Open database OK.
[INF] 2019-05-30 09:54:25 === Execute SQL:select user_id, user_name, pass, u_role from t_user where user_id = @user
[INF] 2019-05-30 09:54:25 === 		Parameters:{ParamName:@user, DbType:AnsiString, Value:20181115110. }
[INF] 2019-05-30 09:54:28 === Open database OK.
[INF] 2019-05-30 09:54:28 === Execute SQL:select name, pcode, ccode, p_date, status from vw_packing where pcode = @pcode and status = 1 order by ccode
[INF] 2019-05-30 09:54:28 === 		Parameters:{ParamName:@pcode, DbType:AnsiString, Value:PNIDEC201952980004. }
[INF] 2019-05-30 09:55:03 === Create database NIDEC category:PostgreSQL
[INF] 2019-05-30 09:55:04 === Open database OK.
[INF] 2019-05-30 09:55:04 === Execute SQL:select user_id, user_name, pass, u_role from t_user where user_id = @user
[INF] 2019-05-30 09:55:04 === 		Parameters:{ParamName:@user, DbType:AnsiString, Value:20181115110. }
[INF] 2019-05-30 09:55:07 === Open database OK.
[INF] 2019-05-30 09:55:07 === Execute SQL:select name, pcode, ccode, p_date, status from vw_packing where pcode = @pcode and status = 1 order by ccode
[INF] 2019-05-30 09:55:07 === 		Parameters:{ParamName:@pcode, DbType:AnsiString, Value:PNIDEC201952980004. }
[INF] 2019-05-30 10:02:26 === Create database NIDEC category:PostgreSQL
[INF] 2019-05-30 10:02:27 === Open database OK.
[INF] 2019-05-30 10:02:27 === Execute SQL:select user_id, user_name, pass, u_role from t_user where user_id = @user
[INF] 2019-05-30 10:02:27 === 		Parameters:{ParamName:@user, DbType:AnsiString, Value:20181115110. }
[INF] 2019-05-30 10:02:29 === Open database OK.
[INF] 2019-05-30 10:02:29 === Execute SQL:select name, pcode, ccode, p_date, status from vw_packing where pcode = @pcode and status = 1 order by ccode
[INF] 2019-05-30 10:02:29 === 		Parameters:{ParamName:@pcode, DbType:AnsiString, Value:BNIDEC201952980007. }
[INF] 2019-05-30 10:10:40 === Create database NIDEC category:PostgreSQL
[INF] 2019-05-30 10:10:41 === Open database OK.
[INF] 2019-05-30 10:10:41 === Execute SQL:select user_id, user_name, pass, u_role from t_user where user_id = @user
[INF] 2019-05-30 10:10:41 === 		Parameters:{ParamName:@user, DbType:AnsiString, Value:20181115110. }
[INF] 2019-05-30 10:10:56 === Open database OK.
[INF] 2019-05-30 10:10:56 === Execute SQL:select name, pcode, ccode, p_date, status from vw_packing where pcode = @pcode and status = 1 order by ccode
[INF] 2019-05-30 10:10:56 === 		Parameters:{ParamName:@pcode, DbType:AnsiString, Value:BNIDEC201952980007. }
[INF] 2019-05-30 10:11:07 === Open database OK.
[INF] 2019-05-30 10:11:07 === Execute SQL:select sum(count)over(partition by 1),substring(lot,4,4),substring(lot,1,7)
from
(select lot,count(lot) from pnt_pack as aa
left join t_module as bb on aa.tray_id = bb.tray_id
where aa.pack_id = @pcode
and aa.status = '1'
group by lot)as tt
order by count desc limit 1

[INF] 2019-05-30 10:11:07 === 		Parameters:{ParamName:@pcode, DbType:AnsiString, Value:BNIDEC201952980007. }
[INF] 2019-05-30 10:11:41 === Create database NIDEC category:PostgreSQL
[INF] 2019-05-30 10:11:42 === Open database OK.
[INF] 2019-05-30 10:11:42 === Execute SQL:select user_id, user_name, pass, u_role from t_user where user_id = @user
[INF] 2019-05-30 10:11:42 === 		Parameters:{ParamName:@user, DbType:AnsiString, Value:20181115110. }
[INF] 2019-05-30 10:11:44 === Open database OK.
[INF] 2019-05-30 10:11:44 === Execute SQL:select name, pcode, ccode, p_date, status from vw_packing where pcode = @pcode and status = 1 order by ccode
[INF] 2019-05-30 10:11:44 === 		Parameters:{ParamName:@pcode, DbType:AnsiString, Value:BNIDEC201952980007. }
[INF] 2019-05-30 10:11:47 === Open database OK.
[INF] 2019-05-30 10:11:47 === Execute SQL:select sum(count)over(partition by 1),substring(lot,4,4),substring(lot,1,7)
from
(select lot,count(lot) from pnt_pack as aa
left join t_module as bb on aa.tray_id = bb.tray_id
where aa.pack_id = @pcode
and aa.status = '1'
group by lot)as tt
order by count desc limit 1

[INF] 2019-05-30 10:11:47 === 		Parameters:{ParamName:@pcode, DbType:AnsiString, Value:BNIDEC201952980007. }
[INF] 2019-05-30 10:11:56 === Create database NIDEC category:PostgreSQL
[INF] 2019-05-30 10:11:57 === Open database OK.
[INF] 2019-05-30 10:11:57 === Execute SQL:select user_id, user_name, pass, u_role from t_user where user_id = @user
[INF] 2019-05-30 10:11:57 === 		Parameters:{ParamName:@user, DbType:AnsiString, Value:20181115110. }
[INF] 2019-05-30 10:12:00 === Open database OK.
[INF] 2019-05-30 10:12:00 === Execute SQL:select name, pcode, ccode, p_date, status from vw_packing where pcode = @pcode and status = 1 order by ccode
[INF] 2019-05-30 10:12:00 === 		Parameters:{ParamName:@pcode, DbType:AnsiString, Value:BNIDEC201952980007. }
[INF] 2019-05-30 10:12:02 === Open database OK.
[INF] 2019-05-30 10:12:02 === Execute SQL:select sum(count)over(partition by 1),substring(lot,4,4),substring(lot,1,7)
from
(select lot,count(lot) from pnt_pack as aa
left join t_module as bb on aa.tray_id = bb.tray_id
where aa.pack_id = @pcode
and aa.status = '1'
group by lot)as tt
order by count desc limit 1

[INF] 2019-05-30 10:12:02 === 		Parameters:{ParamName:@pcode, DbType:AnsiString, Value:BNIDEC201952980007. }
[INF] 2019-05-30 10:12:19 === Create database NIDEC category:PostgreSQL
[INF] 2019-05-30 10:12:20 === Open database OK.
[INF] 2019-05-30 10:12:20 === Execute SQL:select user_id, user_name, pass, u_role from t_user where user_id = @user
[INF] 2019-05-30 10:12:20 === 		Parameters:{ParamName:@user, DbType:AnsiString, Value:20181115110. }
[INF] 2019-05-30 10:12:23 === Open database OK.
[INF] 2019-05-30 10:12:23 === Execute SQL:select name, pcode, ccode, p_date, status from vw_packing where pcode = @pcode and status = 1 order by ccode
[INF] 2019-05-30 10:12:23 === 		Parameters:{ParamName:@pcode, DbType:AnsiString, Value:BNIDEC201952980007. }
[INF] 2019-05-30 10:12:25 === Open database OK.
[INF] 2019-05-30 10:12:25 === Execute SQL:select sum(count)over(partition by 1),substring(lot,4,4),substring(lot,1,7)
from
(select lot,count(lot) from pnt_pack as aa
left join t_module as bb on aa.tray_id = bb.tray_id
where aa.pack_id = @pcode
and aa.status = '1'
group by lot)as tt
order by count desc limit 1

[INF] 2019-05-30 10:12:25 === 		Parameters:{ParamName:@pcode, DbType:AnsiString, Value:BNIDEC201952980007. }
[INF] 2019-05-30 10:45:38 === Create database NIDEC category:PostgreSQL
[INF] 2019-05-30 10:45:39 === Open database OK.
[INF] 2019-05-30 10:45:39 === Execute SQL:select user_id, user_name, pass, u_role from t_user where user_id = @user
[INF] 2019-05-30 10:45:39 === 		Parameters:{ParamName:@user, DbType:AnsiString, Value:20181115110. }
[INF] 2019-05-30 10:45:55 === Open database OK.
[INF] 2019-05-30 10:45:55 === Execute SQL:select name, pcode, ccode, p_date, status from vw_packing where pcode = @pcode and status = 1 order by ccode
[INF] 2019-05-30 10:45:55 === 		Parameters:{ParamName:@pcode, DbType:AnsiString, Value:BNIDEC201952980007. }
[INF] 2019-05-30 10:45:58 === Open database OK.
[INF] 2019-05-30 10:45:58 === Execute SQL:select sum(count)over(partition by 1),substring(lot,4,4),substring(lot,1,7)
from
(select lot,count(lot) from pnt_pack as aa
left join t_module as bb on aa.tray_id = bb.tray_id
where aa.pack_id = @pcode
and aa.status = '1'
group by lot)as tt
order by count desc limit 1

[INF] 2019-05-30 10:45:58 === 		Parameters:{ParamName:@pcode, DbType:AnsiString, Value:BNIDEC201952980007. }
[INF] 2019-05-30 10:47:08 === Create database NIDEC category:PostgreSQL
[INF] 2019-05-30 10:47:09 === Open database OK.
[INF] 2019-05-30 10:47:09 === Execute SQL:select user_id, user_name, pass, u_role from t_user where user_id = @user
[INF] 2019-05-30 10:47:09 === 		Parameters:{ParamName:@user, DbType:AnsiString, Value:20181115110. }
[INF] 2019-05-30 10:47:21 === Open database OK.
[INF] 2019-05-30 10:47:21 === Execute SQL:select name, pcode, ccode, p_date, status from vw_packing where pcode = @pcode and status = 1 order by ccode
[INF] 2019-05-30 10:47:21 === 		Parameters:{ParamName:@pcode, DbType:AnsiString, Value:BNIDEC201952980007. }
[INF] 2019-05-30 10:47:24 === Open database OK.
[INF] 2019-05-30 10:47:24 === Execute SQL:select sum(count)over(partition by 1),substring(lot,4,4),substring(lot,1,7)
from
(select lot,count(lot) from pnt_pack as aa
left join t_module as bb on aa.tray_id = bb.tray_id
where aa.pack_id = @pcode
and aa.status = '1'
group by lot)as tt
order by count desc limit 1

[INF] 2019-05-30 10:47:24 === 		Parameters:{ParamName:@pcode, DbType:AnsiString, Value:BNIDEC201952980007. }
[INF] 2019-05-30 10:48:40 === Create database NIDEC category:PostgreSQL
[INF] 2019-05-30 10:48:41 === Open database OK.
[INF] 2019-05-30 10:48:41 === Execute SQL:select user_id, user_name, pass, u_role from t_user where user_id = @user
[INF] 2019-05-30 10:48:41 === 		Parameters:{ParamName:@user, DbType:AnsiString, Value:20181115110. }
[INF] 2019-05-30 10:48:46 === Open database OK.
[INF] 2019-05-30 10:48:46 === Execute SQL:select name, pcode, ccode, p_date, status from vw_packing where pcode = @pcode and status = 1 order by ccode
[INF] 2019-05-30 10:48:46 === 		Parameters:{ParamName:@pcode, DbType:AnsiString, Value:BNIDEC201952980007. }
[INF] 2019-05-30 10:48:48 === Open database OK.
[INF] 2019-05-30 10:48:48 === Execute SQL:select sum(count)over(partition by 1),substring(lot,4,4),substring(lot,1,7)
from
(select lot,count(lot) from pnt_pack as aa
left join t_module as bb on aa.tray_id = bb.tray_id
where aa.pack_id = @pcode
and aa.status = '1'
group by lot)as tt
order by count desc limit 1

[INF] 2019-05-30 10:48:48 === 		Parameters:{ParamName:@pcode, DbType:AnsiString, Value:BNIDEC201952980007. }
[INF] 2019-05-30 11:14:49 === Create database NIDEC category:PostgreSQL
[INF] 2019-05-30 11:14:50 === Open database OK.
[INF] 2019-05-30 11:14:50 === Execute SQL:select user_id, user_name, pass, u_role from t_user where user_id = @user
[INF] 2019-05-30 11:14:50 === 		Parameters:{ParamName:@user, DbType:AnsiString, Value:20181115110. }
[INF] 2019-05-30 11:14:53 === Open database OK.
[INF] 2019-05-30 11:14:53 === Execute SQL:select name, pcode, ccode, p_date, status from vw_packing where pcode = @pcode and status = 1 order by ccode
[INF] 2019-05-30 11:14:53 === 		Parameters:{ParamName:@pcode, DbType:AnsiString, Value:BNIDEC201952980007. }
[INF] 2019-05-30 11:14:56 === Open database OK.
[INF] 2019-05-30 11:14:56 === Execute SQL:select sum(count)over(partition by 1),substring(lot,4,4),substring(lot,1,7)
from
(select lot,count(lot) from pnt_pack as aa
left join t_module as bb on aa.tray_id = bb.tray_id
where aa.pack_id = @pcode
and aa.status = '1'
group by lot)as tt
order by count desc limit 1

[INF] 2019-05-30 11:14:56 === 		Parameters:{ParamName:@pcode, DbType:AnsiString, Value:BNIDEC201952980007. }
[INF] 2019-05-30 11:17:07 === Create database NIDEC category:PostgreSQL
[INF] 2019-05-30 11:17:08 === Open database OK.
[INF] 2019-05-30 11:17:08 === Execute SQL:select user_id, user_name, pass, u_role from t_user where user_id = @user
[INF] 2019-05-30 11:17:08 === 		Parameters:{ParamName:@user, DbType:AnsiString, Value:20181115110. }
[INF] 2019-05-30 11:17:10 === Open database OK.
[INF] 2019-05-30 11:17:10 === Execute SQL:select name, pcode, ccode, p_date, status from vw_packing where pcode = @pcode and status = 1 order by ccode
[INF] 2019-05-30 11:17:10 === 		Parameters:{ParamName:@pcode, DbType:AnsiString, Value:BNIDEC201952980007. }
[INF] 2019-05-30 11:17:12 === Open database OK.
[INF] 2019-05-30 11:17:12 === Execute SQL:select sum(count)over(partition by 1),substring(lot,4,4),substring(lot,1,7)
from
(select lot,count(lot) from pnt_pack as aa
left join t_module as bb on aa.tray_id = bb.tray_id
where aa.pack_id = @pcode
and aa.status = '1'
group by lot)as tt
order by count desc limit 1

[INF] 2019-05-30 11:17:12 === 		Parameters:{ParamName:@pcode, DbType:AnsiString, Value:BNIDEC201952980007. }
[INF] 2019-05-30 11:27:46 === Create database NIDEC category:PostgreSQL
[INF] 2019-05-30 11:27:56 === Open database OK.
[INF] 2019-05-30 11:27:56 === Execute SQL:select user_id, user_name, pass, u_role from t_user where user_id = @user
[INF] 2019-05-30 11:27:56 === 		Parameters:{ParamName:@user, DbType:AnsiString, Value:20181115110. }
[INF] 2019-05-30 11:27:59 === Open database OK.
[INF] 2019-05-30 11:27:59 === Execute SQL:select name, pcode, ccode, p_date, status from vw_packing where pcode = @pcode and status = 1 order by ccode
[INF] 2019-05-30 11:27:59 === 		Parameters:{ParamName:@pcode, DbType:AnsiString, Value:BNIDEC201952980007. }
[INF] 2019-05-30 11:28:01 === Open database OK.
[INF] 2019-05-30 11:28:01 === Execute SQL:select sum(count)over(partition by 1),substring(lot,4,4),substring(lot,1,7)
from
(select lot,count(lot) from pnt_pack as aa
left join t_module as bb on aa.tray_id = bb.tray_id
where aa.pack_id = @pcode
and aa.status = '1'
group by lot)as tt
order by count desc limit 1

[INF] 2019-05-30 11:28:01 === 		Parameters:{ParamName:@pcode, DbType:AnsiString, Value:BNIDEC201952980007. }
[INF] 2019-05-30 11:28:40 === Create database NIDEC category:PostgreSQL
[INF] 2019-05-30 11:28:41 === Open database OK.
[INF] 2019-05-30 11:28:41 === Execute SQL:select user_id, user_name, pass, u_role from t_user where user_id = @user
[INF] 2019-05-30 11:28:41 === 		Parameters:{ParamName:@user, DbType:AnsiString, Value:20181115110. }
[INF] 2019-05-30 11:28:43 === Open database OK.
[INF] 2019-05-30 11:28:43 === Execute SQL:select name, pcode, ccode, p_date, status from vw_packing where pcode = @pcode and status = 1 order by ccode
[INF] 2019-05-30 11:28:43 === 		Parameters:{ParamName:@pcode, DbType:AnsiString, Value:BNIDEC201952980007. }
[INF] 2019-05-30 11:28:46 === Open database OK.
[INF] 2019-05-30 11:28:46 === Execute SQL:select sum(count)over(partition by 1),substring(lot,4,4),substring(lot,1,7)
from
(select lot,count(lot) from pnt_pack as aa
left join t_module as bb on aa.tray_id = bb.tray_id
where aa.pack_id = @pcode
and aa.status = '1'
group by lot)as tt
order by count desc limit 1

[INF] 2019-05-30 11:28:46 === 		Parameters:{ParamName:@pcode, DbType:AnsiString, Value:BNIDEC201952980007. }
[INF] 2019-05-30 11:30:22 === Create database NIDEC category:PostgreSQL
[INF] 2019-05-30 11:30:23 === Open database OK.
[INF] 2019-05-30 11:30:23 === Execute SQL:select user_id, user_name, pass, u_role from t_user where user_id = @user
[INF] 2019-05-30 11:30:23 === 		Parameters:{ParamName:@user, DbType:AnsiString, Value:20181115110. }
[INF] 2019-05-30 11:30:25 === Open database OK.
[INF] 2019-05-30 11:30:25 === Execute SQL:select name, pcode, ccode, p_date, status from vw_packing where pcode = @pcode and status = 1 order by ccode
[INF] 2019-05-30 11:30:25 === 		Parameters:{ParamName:@pcode, DbType:AnsiString, Value:BNIDEC201952980007. }
[INF] 2019-05-30 11:30:28 === Open database OK.
[INF] 2019-05-30 11:30:28 === Execute SQL:select sum(count)over(partition by 1),substring(lot,4,4),substring(lot,1,7)
from
(select lot,count(lot) from pnt_pack as aa
left join t_module as bb on aa.tray_id = bb.tray_id
where aa.pack_id = @pcode
and aa.status = '1'
group by lot)as tt
order by count desc limit 1

[INF] 2019-05-30 11:30:28 === 		Parameters:{ParamName:@pcode, DbType:AnsiString, Value:BNIDEC201952980007. }
[INF] 2019-05-30 11:40:24 === Create database NIDEC category:PostgreSQL
[INF] 2019-05-30 11:40:25 === Open database OK.
[INF] 2019-05-30 11:40:25 === Execute SQL:select user_id, user_name, pass, u_role from t_user where user_id = @user
[INF] 2019-05-30 11:40:25 === 		Parameters:{ParamName:@user, DbType:AnsiString, Value:20181115110. }
[INF] 2019-05-30 11:40:26 === Open database OK.
[INF] 2019-05-30 11:40:26 === Execute SQL:select name, pcode, ccode, p_date, status from vw_packing where pcode = @pcode and status = 1 order by ccode
[INF] 2019-05-30 11:40:26 === 		Parameters:{ParamName:@pcode, DbType:AnsiString, Value:BNIDEC201952980007. }
[INF] 2019-05-30 11:40:29 === Open database OK.
[INF] 2019-05-30 11:40:29 === Execute SQL:select sum(count)over(partition by 1),substring(lot,4,4),substring(lot,1,7)
from
(select lot,count(lot) from pnt_pack as aa
left join t_module as bb on aa.tray_id = bb.tray_id
where aa.pack_id = @pcode
and aa.status = '1'
group by lot)as tt
order by count desc limit 1

[INF] 2019-05-30 11:40:29 === 		Parameters:{ParamName:@pcode, DbType:AnsiString, Value:BNIDEC201952980007. }
[INF] 2019-05-30 11:48:42 === Create database NIDEC category:PostgreSQL
[INF] 2019-05-30 11:48:43 === Open database OK.
[INF] 2019-05-30 11:48:43 === Execute SQL:select user_id, user_name, pass, u_role from t_user where user_id = @user
[INF] 2019-05-30 11:48:43 === 		Parameters:{ParamName:@user, DbType:AnsiString, Value:20181115110. }
[INF] 2019-05-30 11:49:14 === Create database NIDEC category:PostgreSQL
[INF] 2019-05-30 11:49:15 === Open database OK.
[INF] 2019-05-30 11:49:15 === Execute SQL:select user_id, user_name, pass, u_role from t_user where user_id = @user
[INF] 2019-05-30 11:49:15 === 		Parameters:{ParamName:@user, DbType:AnsiString, Value:20181115110. }
[INF] 2019-05-30 11:49:18 === Open database OK.
[INF] 2019-05-30 11:49:18 === Execute SQL:select name, pcode, ccode, p_date, status from vw_packing where pcode = @pcode and status = 1 order by ccode
[INF] 2019-05-30 11:49:18 === 		Parameters:{ParamName:@pcode, DbType:AnsiString, Value:PNIDEC201952980004. }
[INF] 2019-05-30 11:49:21 === Open database OK.
[INF] 2019-05-30 11:49:21 === Execute SQL:select sum(count)over(partition by 1),substring(lot,4,4),substring(lot,1,7)
from
(select lot,count(lot) from pnt_pallet as aa
left join pnt_carton as bb on aa.carton_id = bb.carton_id
left join pnt_pack as cc on bb.pack_id = cc.pack_id
left join t_module as dd on cc.tray_id = dd.tray_id
where aa.pallet_id = @pcode
and aa.status = '1'
and bb.status = '1'
and cc.status = '1'
group by lot)as tt
order by count desc limit 1

[INF] 2019-05-30 11:49:21 === 		Parameters:{ParamName:@pcode, DbType:AnsiString, Value:PNIDEC201952980004. }
[INF] 2019-05-30 11:49:38 === Open database OK.
[INF] 2019-05-30 11:49:38 === Execute SQL:select sum(count)over(partition by 1),substring(lot,4,4),substring(lot,1,7)
from
(select lot,count(lot) from pnt_carton as aa
left join pnt_pack as bb on aa.pack_id = bb.pack_id
left join t_module as cc on bb.tray_id = cc.tray_id
where aa.carton_id = @pcode
and aa.status = '1'
and bb.status = '1'
group by lot)as tt
order by count desc limit 1

[INF] 2019-05-30 11:49:38 === 		Parameters:{ParamName:@pcode, DbType:AnsiString, Value:HNIDEC201952980004. }
[INF] 2019-05-30 11:49:40 === Open database OK.
[INF] 2019-05-30 11:49:40 === Execute SQL:insert into pnt_mng (pkg_id, pkg_type, act, pkg_date, pkg_qty, pkg_user, pkg_status) values (@id, @type, @act, @date, @qty, @user, @status) Params:{ParamName:@id, DbType:AnsiString, Value:PNIDEC201952980004. },{ParamName:@type, DbType:AnsiString, Value:pallet. },{ParamName:@act, DbType:AnsiString, Value:r. },{ParamName:@date, DbType:DateTime, Value:2019/5/30 11:49:40. },{ParamName:@qty, DbType:Int32, Value:1. },{ParamName:@status, DbType:Int32, Value:1. },{ParamName:@user, DbType:AnsiString, Value:20181115110. }
[INF] 2019-05-30 12:00:18 === Create database NIDEC category:PostgreSQL
[INF] 2019-05-30 12:00:19 === Open database OK.
[INF] 2019-05-30 12:00:19 === Execute SQL:select user_id, user_name, pass, u_role from t_user where user_id = @user
[INF] 2019-05-30 12:00:19 === 		Parameters:{ParamName:@user, DbType:AnsiString, Value:20181115110. }
[INF] 2019-05-30 12:00:29 === Open database OK.
[INF] 2019-05-30 12:00:29 === Execute SQL:select name, pcode, ccode, p_date, status from vw_packing where pcode = @pcode and status = 1 order by ccode
[INF] 2019-05-30 12:00:29 === 		Parameters:{ParamName:@pcode, DbType:AnsiString, Value:PNIDEC201952980004. }
[INF] 2019-05-30 12:00:39 === Open database OK.
[INF] 2019-05-30 12:00:39 === Execute SQL:select sum(count)over(partition by 1),substring(lot,4,4),substring(lot,1,7)
from
(select lot,count(lot) from pnt_pallet as aa
left join pnt_carton as bb on aa.carton_id = bb.carton_id
left join pnt_pack as cc on bb.pack_id = cc.pack_id
left join t_module as dd on cc.tray_id = dd.tray_id
where aa.pallet_id = @pcode
and aa.status = '1'
and bb.status = '1'
and cc.status = '1'
group by lot)as tt
order by count desc limit 1

[INF] 2019-05-30 12:00:39 === 		Parameters:{ParamName:@pcode, DbType:AnsiString, Value:PNIDEC201952980004. }
[INF] 2019-05-30 12:00:53 === Open database OK.
[INF] 2019-05-30 12:00:53 === Execute SQL:select sum(count)over(partition by 1),substring(lot,4,4),substring(lot,1,7)
from
(select lot,count(lot) from pnt_carton as aa
left join pnt_pack as bb on aa.pack_id = bb.pack_id
left join t_module as cc on bb.tray_id = cc.tray_id
where aa.carton_id = @pcode
and aa.status = '1'
and bb.status = '1'
group by lot)as tt
order by count desc limit 1

[INF] 2019-05-30 12:00:53 === 		Parameters:{ParamName:@pcode, DbType:AnsiString, Value:HNIDEC201952980004. }
[INF] 2019-05-30 12:00:58 === Open database OK.
[INF] 2019-05-30 12:00:58 === Execute SQL:insert into pnt_mng (pkg_id, pkg_type, act, pkg_date, pkg_qty, pkg_user, pkg_status) values (@id, @type, @act, @date, @qty, @user, @status) Params:{ParamName:@id, DbType:AnsiString, Value:PNIDEC201952980004. },{ParamName:@type, DbType:AnsiString, Value:pallet. },{ParamName:@act, DbType:AnsiString, Value:r. },{ParamName:@date, DbType:DateTime, Value:2019/5/30 12:00:58. },{ParamName:@qty, DbType:Int32, Value:1. },{ParamName:@status, DbType:Int32, Value:1. },{ParamName:@user, DbType:AnsiString, Value:20181115110. }
[INF] 2019-05-30 12:13:33 === Create database NIDEC category:PostgreSQL
[INF] 2019-05-30 12:13:34 === Open database OK.
[INF] 2019-05-30 12:13:34 === Execute SQL:select user_id, user_name, pass, u_role from t_user where user_id = @user
[INF] 2019-05-30 12:13:34 === 		Parameters:{ParamName:@user, DbType:AnsiString, Value:20181115110. }
[INF] 2019-05-30 13:34:18 === Create database NIDEC category:PostgreSQL
[INF] 2019-05-30 13:34:25 === Open database OK.
[INF] 2019-05-30 13:34:25 === Execute SQL:select user_id, user_name, pass, u_role from t_user where user_id = @user
[INF] 2019-05-30 13:34:25 === 		Parameters:{ParamName:@user, DbType:AnsiString, Value:20181115110. }
[INF] 2019-05-30 13:47:19 === Create database NIDEC category:PostgreSQL
[INF] 2019-05-30 14:09:34 === Create database NIDEC category:PostgreSQL
[INF] 2019-05-30 14:09:44 === Open database OK.
[INF] 2019-05-30 14:09:44 === Execute SQL:select user_id, user_name, pass, u_role from t_user where user_id = @user
[INF] 2019-05-30 14:09:44 === 		Parameters:{ParamName:@user, DbType:AnsiString, Value:20181115110. }
[INF] 2019-05-30 14:09:46 === Open database OK.
[INF] 2019-05-30 14:09:46 === Execute SQL:select name, pcode, ccode, p_date, status from vw_packing where pcode = @pcode and status = 1 order by ccode
[INF] 2019-05-30 14:09:46 === 		Parameters:{ParamName:@pcode, DbType:AnsiString, Value:PNIDEC201952980004. }
[INF] 2019-05-30 14:26:03 === Create database NIDEC category:PostgreSQL
[INF] 2019-05-30 14:26:08 === Open database OK.
[INF] 2019-05-30 14:26:08 === Execute SQL:select user_id, user_name, pass, u_role from t_user where user_id = @user
[INF] 2019-05-30 14:26:08 === 		Parameters:{ParamName:@user, DbType:AnsiString, Value:20181115110. }
[INF] 2019-05-30 14:26:10 === Open database OK.
[INF] 2019-05-30 14:26:10 === Execute Function:fn1_apply_no
[INF] 2019-05-30 14:26:10 === 		Parameters:{ParamName:@mode, DbType:AnsiString, Value:pack. },{ParamName:@vendor, DbType:AnsiString, Value:NIDEC. },{ParamName:@sitecode, DbType:AnsiString, Value:8. },{ParamName:@date, DbType:AnsiString, Value:2019530. }
[ERR] 2019-05-30 14:26:10 === ERROR: 42883: function fn1_apply_no(text, text, text, text) does not exist
[INF] 2019-05-30 14:27:43 === Create database NIDEC category:PostgreSQL
[INF] 2019-05-30 14:27:56 === Open database OK.
[INF] 2019-05-30 14:27:56 === Execute SQL:select user_id, user_name, pass, u_role from t_user where user_id = @user
[INF] 2019-05-30 14:27:56 === 		Parameters:{ParamName:@user, DbType:AnsiString, Value:20181115110. }
[INF] 2019-05-30 14:27:57 === Open database OK.
[INF] 2019-05-30 14:27:57 === Execute Function:fn_apply_no
[INF] 2019-05-30 14:27:57 === 		Parameters:{ParamName:@mode, DbType:AnsiString, Value:pack. },{ParamName:@vendor, DbType:AnsiString, Value:NIDEC. },{ParamName:@sitecode, DbType:AnsiString, Value:8. },{ParamName:@date, DbType:AnsiString, Value:2019530. }
[INF] 2019-05-30 14:27:57 === Open database OK.
[INF] 2019-05-30 14:27:57 === Execute SQL:insert into pnt_mng (pkg_id, pkg_type, act, pkg_date, pkg_qty, pkg_user, pkg_status, remark) values (@id, @type, @act, @date, @qty, @user, @status, @remark) Params:{ParamName:@id, DbType:AnsiString, Value:BNIDEC201953080001. },{ParamName:@type, DbType:AnsiString, Value:pack. },{ParamName:@act, DbType:AnsiString, Value:r. },{ParamName:@date, DbType:DateTime, Value:2019/5/30 14:27:57. },{ParamName:@qty, DbType:Int32, Value:1. },{ParamName:@user, DbType:AnsiString, Value:20181115110. },{ParamName:@status, DbType:Int32, Value:0. },{ParamName:@remark, DbType:AnsiString, Value:. }
[INF] 2019-05-30 14:36:49 === Create database NIDEC category:PostgreSQL
[INF] 2019-05-30 14:36:58 === Create database NIDEC category:PostgreSQL
[INF] 2019-05-30 14:37:04 === Open database OK.
[INF] 2019-05-30 14:37:04 === Execute SQL:select user_id, user_name, pass, u_role from t_user where user_id = @user
[INF] 2019-05-30 14:37:04 === 		Parameters:{ParamName:@user, DbType:AnsiString, Value:20181115110. }
[INF] 2019-05-30 14:46:39 === Open database OK.
[INF] 2019-05-30 14:46:39 === Execute SQL:select name, pcode, ccode, p_date, status from vw_packing where pcode = @pcode and status = 1 order by ccode
[INF] 2019-05-30 14:46:39 === 		Parameters:{ParamName:@pcode, DbType:AnsiString, Value:PNIDEC201952980004. }
[INF] 2019-05-30 15:06:06 === Create database NIDEC category:PostgreSQL
[INF] 2019-05-30 15:06:13 === Create database NIDEC category:PostgreSQL
[INF] 2019-05-30 15:06:18 === Open database OK.
[INF] 2019-05-30 15:06:18 === Execute SQL:select user_id, user_name, pass, u_role from t_user where user_id = @user
[INF] 2019-05-30 15:06:18 === 		Parameters:{ParamName:@user, DbType:AnsiString, Value:20181115110. }
[INF] 2019-05-30 15:06:28 === Open database OK.
[INF] 2019-05-30 15:06:28 === Execute Function:fn_apply_no
[INF] 2019-05-30 15:06:28 === 		Parameters:{ParamName:@mode, DbType:AnsiString, Value:pack. },{ParamName:@vendor, DbType:AnsiString, Value:NIDEC. },{ParamName:@sitecode, DbType:AnsiString, Value:8. },{ParamName:@date, DbType:AnsiString, Value:2019530. }
[INF] 2019-05-30 15:06:28 === Open database OK.
[INF] 2019-05-30 15:06:28 === Execute SQL:insert into pnt_mng (pkg_id, pkg_type, act, pkg_date, pkg_qty, pkg_user, pkg_status, remark) values (@id, @type, @act, @date, @qty, @user, @status, @remark) Params:{ParamName:@id, DbType:AnsiString, Value:BNIDEC201953080002. },{ParamName:@type, DbType:AnsiString, Value:pack. },{ParamName:@act, DbType:AnsiString, Value:r. },{ParamName:@date, DbType:DateTime, Value:2019/5/30 15:06:28. },{ParamName:@qty, DbType:Int32, Value:1. },{ParamName:@user, DbType:AnsiString, Value:20181115110. },{ParamName:@status, DbType:Int32, Value:0. },{ParamName:@remark, DbType:AnsiString, Value:. }
[INF] 2019-05-30 15:06:46 === Open database OK.
[INF] 2019-05-30 15:06:46 === Execute SQL:select name, pcode, ccode, p_date, status from vw_packing where pcode = @pcode and status = 1 order by ccode
[INF] 2019-05-30 15:06:46 === 		Parameters:{ParamName:@pcode, DbType:AnsiString, Value:PNIDEC201952980004. }
[INF] 2019-05-30 15:06:51 === Open database OK.
[INF] 2019-05-30 15:06:51 === Execute SQL:select sum(count)over(partition by 1),substring(lot,4,4),substring(lot,1,7)
from
(select lot,count(lot) from pnt_pallet as aa
left join pnt_carton as bb on aa.carton_id = bb.carton_id
left join pnt_pack as cc on bb.pack_id = cc.pack_id
left join t_module as dd on cc.tray_id = dd.tray_id
where aa.pallet_id = @pcode
and aa.status = '1'
and bb.status = '1'
and cc.status = '1'
group by lot)as tt
order by count desc limit 1

[INF] 2019-05-30 15:06:51 === 		Parameters:{ParamName:@pcode, DbType:AnsiString, Value:PNIDEC201952980004. }
[INF] 2019-05-30 15:07:03 === Open database OK.
[INF] 2019-05-30 15:07:03 === Execute SQL:select sum(count)over(partition by 1),substring(lot,4,4),substring(lot,1,7)
from
(select lot,count(lot) from pnt_carton as aa
left join pnt_pack as bb on aa.pack_id = bb.pack_id
left join t_module as cc on bb.tray_id = cc.tray_id
where aa.carton_id = @pcode
and aa.status = '1'
and bb.status = '1'
group by lot)as tt
order by count desc limit 1

[INF] 2019-05-30 15:07:03 === 		Parameters:{ParamName:@pcode, DbType:AnsiString, Value:HNIDEC201952980004. }
[INF] 2019-05-30 15:07:05 === Open database OK.
[INF] 2019-05-30 15:07:05 === Execute SQL:insert into pnt_mng (pkg_id, pkg_type, act, pkg_date, pkg_qty, pkg_user, pkg_status) values (@id, @type, @act, @date, @qty, @user, @status) Params:{ParamName:@id, DbType:AnsiString, Value:PNIDEC201952980004. },{ParamName:@type, DbType:AnsiString, Value:pallet. },{ParamName:@act, DbType:AnsiString, Value:r. },{ParamName:@date, DbType:DateTime, Value:2019/5/30 15:07:05. },{ParamName:@qty, DbType:Int32, Value:1. },{ParamName:@status, DbType:Int32, Value:1. },{ParamName:@user, DbType:AnsiString, Value:20181115110. }
