[INF] 2019-07-26 14:44:26 === Create database NIDEC category:PostgreSQL
[ERR] 2019-07-26 14:44:47 === Connection establishment timeout. Increase Timeout value in ConnectionString.
[ERR] 2019-07-26 14:44:47 === Open Database Failed.
[INF] 2019-07-26 14:45:43 === Create database NIDEC category:PostgreSQL
[INF] 2019-07-26 14:45:52 === Open database OK.
[INF] 2019-07-26 14:45:52 === Execute SQL:select user_id, user_name, pass, u_role from t_user where user_id = @user
[INF] 2019-07-26 14:45:52 === 		Parameters:{ParamName:@user, DbType:AnsiString, Value:20181115110. }
[INF] 2019-07-26 14:48:15 === Open database OK.
[INF] 2019-07-26 14:48:15 === Execute SQL:select name, pcode, ccode, p_date, status from vw_packing where pcode = @pcode and status = 1 order by ccode
[INF] 2019-07-26 14:48:15 === 		Parameters:{ParamName:@pcode, DbType:AnsiString, Value:BM004HK188385C0001. }
[INF] 2019-07-26 14:48:19 === Open database OK.
[INF] 2019-07-26 14:48:19 === Execute SQL:select name, pcode, ccode, p_date, status from vw_packing where pcode = @pcode and status = 1 order by ccode
[INF] 2019-07-26 14:48:19 === 		Parameters:{ParamName:@pcode, DbType:AnsiString, Value:BM004HK188385C0001. }
[INF] 2019-07-26 14:48:39 === Open database OK.
[INF] 2019-07-26 14:48:39 === Execute SQL:select name, pcode, ccode, p_date, status from vw_packing where pcode = @pcode and status = 1 order by ccode
[INF] 2019-07-26 14:48:39 === 		Parameters:{ParamName:@pcode, DbType:AnsiString, Value:BM004HK188385C0001. }
[INF] 2019-07-26 14:48:53 === Open database OK.
[INF] 2019-07-26 14:48:53 === Execute SQL:select name, pcode, ccode, p_date, status from vw_packing where pcode = @pcode and status = 1 order by ccode
[INF] 2019-07-26 14:48:53 === 		Parameters:{ParamName:@pcode, DbType:AnsiString, Value:BM004HK188416P0006. }
[INF] 2019-07-26 14:49:17 === Open database OK.
[INF] 2019-07-26 14:49:17 === Execute SQL:select count(m.module_id) as qty from t_module m, pnt_pack p where p.tray_id = m.tray_id and p.pack_id = @code and p.status = 1
[INF] 2019-07-26 14:49:17 === 		Parameters:{ParamName:@code, DbType:AnsiString, Value:BM004HK188416P0006. }
[INF] 2019-07-26 14:49:17 === Open database OK.
[INF] 2019-07-26 14:49:17 === Execute SQL:select lot ,count(lot) as qty from t_module left join pnt_pack on t_module.tray_id = pnt_pack.tray_id where pack_id =  @code group by lot order by qty desc ,lot  limit 16
[INF] 2019-07-26 14:49:17 === 		Parameters:{ParamName:@code, DbType:AnsiString, Value:BM004HK188416P0006. }
[INF] 2019-07-26 14:49:17 === Open database OK.
[INF] 2019-07-26 14:49:17 === Execute SQL:select count(lot) as qty from t_module left join pnt_pack on t_module.tray_id = pnt_pack.tray_id where pack_id = @code 
[INF] 2019-07-26 14:49:17 === 		Parameters:{ParamName:@code, DbType:AnsiString, Value:BM004HK188416P0006. }
[INF] 2019-07-26 14:49:22 === Open database OK.
[INF] 2019-07-26 14:49:22 === Execute SQL:insert into pnt_mng (pkg_id, pkg_type, act, pkg_date, pkg_qty, pkg_user, pkg_status) values (@id, @type, @act, @date, @qty, @user, @status) Params:{ParamName:@id, DbType:AnsiString, Value:BM004HK188416P0006. },{ParamName:@type, DbType:AnsiString, Value:pack. },{ParamName:@act, DbType:AnsiString, Value:r. },{ParamName:@date, DbType:DateTime, Value:2019/7/26 14:49:22. },{ParamName:@qty, DbType:Int32, Value:13. },{ParamName:@status, DbType:Int32, Value:1. },{ParamName:@user, DbType:AnsiString, Value:20181115110. }
[INF] 2019-07-26 14:49:35 === Open database OK.
[INF] 2019-07-26 14:49:35 === Execute SQL:select count(m.module_id) as qty from t_module m, pnt_pack p where p.tray_id = m.tray_id and p.pack_id = @code and p.status = 1
[INF] 2019-07-26 14:49:35 === 		Parameters:{ParamName:@code, DbType:AnsiString, Value:BM004HK188416P0006. }
[INF] 2019-07-26 14:49:35 === Open database OK.
[INF] 2019-07-26 14:49:35 === Execute SQL:select lot ,count(lot) as qty from t_module left join pnt_pack on t_module.tray_id = pnt_pack.tray_id where pack_id =  @code group by lot order by qty desc ,lot  limit 16
[INF] 2019-07-26 14:49:35 === 		Parameters:{ParamName:@code, DbType:AnsiString, Value:BM004HK188416P0006. }
[INF] 2019-07-26 14:49:35 === Open database OK.
[INF] 2019-07-26 14:49:35 === Execute SQL:select count(lot) as qty from t_module left join pnt_pack on t_module.tray_id = pnt_pack.tray_id where pack_id = @code 
[INF] 2019-07-26 14:49:35 === 		Parameters:{ParamName:@code, DbType:AnsiString, Value:BM004HK188416P0006. }
[INF] 2019-07-26 14:49:38 === Open database OK.
[INF] 2019-07-26 14:49:38 === Execute SQL:select lot ,count(lot) as qty from t_module left join pnt_pack on t_module.tray_id = pnt_pack.tray_id where pack_id =  @code group by lot order by qty desc ,lot  limit 16
[INF] 2019-07-26 14:49:38 === 		Parameters:{ParamName:@code, DbType:AnsiString, Value:BM004HK188416P0006. }
[INF] 2019-07-26 14:49:38 === Open database OK.
[INF] 2019-07-26 14:49:38 === Execute SQL:select count(lot) as qty from t_module left join pnt_pack on t_module.tray_id = pnt_pack.tray_id where pack_id = @code 
[INF] 2019-07-26 14:49:38 === 		Parameters:{ParamName:@code, DbType:AnsiString, Value:BM004HK188416P0006. }
[INF] 2019-07-26 14:49:41 === Open database OK.
[INF] 2019-07-26 14:49:41 === Execute SQL:insert into pnt_mng (pkg_id, pkg_type, act, pkg_date, pkg_qty, pkg_user, pkg_status) values (@id, @type, @act, @date, @qty, @user, @status) Params:{ParamName:@id, DbType:AnsiString, Value:BM004HK188416P0006. },{ParamName:@type, DbType:AnsiString, Value:pack. },{ParamName:@act, DbType:AnsiString, Value:r. },{ParamName:@date, DbType:DateTime, Value:2019/7/26 14:49:41. },{ParamName:@qty, DbType:Int32, Value:13. },{ParamName:@status, DbType:Int32, Value:1. },{ParamName:@user, DbType:AnsiString, Value:20181115110. }
[INF] 2019-07-26 14:58:24 === Create database NIDEC category:PostgreSQL
[INF] 2019-07-26 14:58:28 === Open database OK.
[INF] 2019-07-26 14:58:28 === Execute SQL:select user_id, user_name, pass, u_role from t_user where user_id = @user
[INF] 2019-07-26 14:58:28 === 		Parameters:{ParamName:@user, DbType:AnsiString, Value:20181115110. }
[INF] 2019-07-26 14:58:58 === Open database OK.
[INF] 2019-07-26 14:58:58 === Execute SQL:select name, pcode, ccode, p_date, status from vw_packing where pcode = @pcode and status = 1 order by ccode
[INF] 2019-07-26 14:58:58 === 		Parameters:{ParamName:@pcode, DbType:AnsiString, Value:BM004HK188414L0001. }
[INF] 2019-07-26 14:59:05 === Open database OK.
[INF] 2019-07-26 14:59:05 === Execute SQL:select sum(count)over(partition by 1),substring(lot,4,4),substring(lot,1,7)
from
(select lot,count(lot) from pnt_pack as aa
left join t_module as bb on aa.tray_id = bb.tray_id
where aa.pack_id = @pcode
and aa.status = '1'
group by lot)as tt
order by count desc limit 1

[INF] 2019-07-26 14:59:05 === 		Parameters:{ParamName:@pcode, DbType:AnsiString, Value:BM004HK188414L0001. }
[INF] 2019-07-26 14:59:24 === Open database OK.
[INF] 2019-07-26 14:59:24 === Execute SQL:select name, pcode, ccode, p_date, status from vw_packing where pcode = @pcode and status = 1 order by ccode
[INF] 2019-07-26 14:59:24 === 		Parameters:{ParamName:@pcode, DbType:AnsiString, Value:BM004HK188414L0001. }
[INF] 2019-07-26 14:59:30 === Open database OK.
[INF] 2019-07-26 14:59:30 === Execute SQL:select sum(count)over(partition by 1),substring(lot,4,4),substring(lot,1,7)
from
(select lot,count(lot) from pnt_pack as aa
left join t_module as bb on aa.tray_id = bb.tray_id
where aa.pack_id = @pcode
and aa.status = '1'
group by lot)as tt
order by count desc limit 1

[INF] 2019-07-26 14:59:30 === 		Parameters:{ParamName:@pcode, DbType:AnsiString, Value:BM004HK188414L0001. }
