[INF] 2019-07-26 15:09:36 === Create database NIDEC category:PostgreSQL
[INF] 2019-07-26 15:09:42 === Open database OK.
[INF] 2019-07-26 15:09:42 === Execute SQL:select user_id, user_name, pass, u_role from t_user where user_id = @user
[INF] 2019-07-26 15:09:42 === 		Parameters:{ParamName:@user, DbType:AnsiString, Value:20181115110. }
[INF] 2019-07-26 15:10:21 === Create database NIDEC category:PostgreSQL
[INF] 2019-07-26 15:10:25 === Open database OK.
[INF] 2019-07-26 15:10:25 === Execute SQL:select user_id, user_name, pass, u_role from t_user where user_id = @user
[INF] 2019-07-26 15:10:25 === 		Parameters:{ParamName:@user, DbType:AnsiString, Value:20181115110. }
[INF] 2019-07-26 15:10:34 === Open database OK.
[INF] 2019-07-26 15:10:34 === Execute Function:fn_apply_no
[INF] 2019-07-26 15:10:34 === 		Parameters:{ParamName:@mode, DbType:AnsiString, Value:carton. },{ParamName:@vendor, DbType:AnsiString, Value:NIDEC. },{ParamName:@sitecode, DbType:AnsiString, Value:8. },{ParamName:@date, DbType:AnsiString, Value:2019726. }
[INF] 2019-07-26 15:10:34 === Open database OK.
[INF] 2019-07-26 15:10:34 === Execute SQL:insert into pnt_mng (pkg_id, pkg_type, act, pkg_date, pkg_qty, pkg_user, pkg_status, remark) values (@id, @type, @act, @date, @qty, @user, @status, @remark) Params:{ParamName:@id, DbType:AnsiString, Value:HNIDEC201972680003. },{ParamName:@type, DbType:AnsiString, Value:carton. },{ParamName:@act, DbType:AnsiString, Value:r. },{ParamName:@date, DbType:DateTime, Value:2019/7/26 15:10:34. },{ParamName:@qty, DbType:Int32, Value:1. },{ParamName:@user, DbType:AnsiString, Value:20181115110. },{ParamName:@status, DbType:Int32, Value:0. },{ParamName:@remark, DbType:AnsiString, Value:. }
[INF] 2019-07-26 15:11:04 === Open database OK.
[INF] 2019-07-26 15:11:04 === Execute SQL:select count(pack_id) as qty from pnt_pack where pack_id = @code and status = 1
[INF] 2019-07-26 15:11:04 === 		Parameters:{ParamName:@code, DbType:AnsiString, Value:BM004HK188416P0006. }
[INF] 2019-07-26 15:11:06 === Open database OK.
[INF] 2019-07-26 15:11:06 === Execute SQL:select count(pack_id) as qty from pnt_carton where pack_id = @code and (status = 0 or status = 1)
[INF] 2019-07-26 15:11:06 === 		Parameters:{ParamName:@code, DbType:AnsiString, Value:BM004HK188416P0006. }
[INF] 2019-07-26 15:11:39 === Create database NIDEC category:PostgreSQL
[INF] 2019-07-26 15:11:49 === Open database OK.
[INF] 2019-07-26 15:11:49 === Execute SQL:select user_id, user_name, pass, u_role from t_user where user_id = @user
[INF] 2019-07-26 15:11:49 === 		Parameters:{ParamName:@user, DbType:AnsiString, Value:20181115110. }
[INF] 2019-07-26 15:11:52 === Open database OK.
[INF] 2019-07-26 15:11:52 === Execute SQL:select name, pcode, ccode, p_date, status from vw_packing where pcode = @pcode and status = 1 order by ccode
[INF] 2019-07-26 15:11:52 === 		Parameters:{ParamName:@pcode, DbType:AnsiString, Value:BM004HK188416P0006. }
[INF] 2019-07-26 15:11:59 === Open database OK.
[INF] 2019-07-26 15:11:59 === Execute SQL:select count(m.module_id) as qty from t_module m, pnt_pack p where p.tray_id = m.tray_id and p.pack_id = @code and p.status = 1
[INF] 2019-07-26 15:11:59 === 		Parameters:{ParamName:@code, DbType:AnsiString, Value:BM004HK188416P0006. }
[INF] 2019-07-26 15:11:59 === Open database OK.
[INF] 2019-07-26 15:11:59 === Execute SQL:select lot ,count(lot) as qty from t_module left join pnt_pack on t_module.tray_id = pnt_pack.tray_id where pack_id =  @code group by lot order by qty desc ,lot  limit 16
[INF] 2019-07-26 15:11:59 === 		Parameters:{ParamName:@code, DbType:AnsiString, Value:BM004HK188416P0006. }
[INF] 2019-07-26 15:11:59 === Open database OK.
[INF] 2019-07-26 15:11:59 === Execute SQL:select count(lot) as qty from t_module left join pnt_pack on t_module.tray_id = pnt_pack.tray_id where pack_id = @code 
[INF] 2019-07-26 15:11:59 === 		Parameters:{ParamName:@code, DbType:AnsiString, Value:BM004HK188416P0006. }
[INF] 2019-07-26 15:12:01 === Open database OK.
[INF] 2019-07-26 15:12:01 === Execute SQL:insert into pnt_mng (pkg_id, pkg_type, act, pkg_date, pkg_qty, pkg_user, pkg_status) values (@id, @type, @act, @date, @qty, @user, @status) Params:{ParamName:@id, DbType:AnsiString, Value:BM004HK188416P0006. },{ParamName:@type, DbType:AnsiString, Value:pack. },{ParamName:@act, DbType:AnsiString, Value:r. },{ParamName:@date, DbType:DateTime, Value:2019/7/26 15:12:01. },{ParamName:@qty, DbType:Int32, Value:2. },{ParamName:@status, DbType:Int32, Value:1. },{ParamName:@user, DbType:AnsiString, Value:20181115110. }
[INF] 2019-07-26 15:13:30 === Open database OK.
[INF] 2019-07-26 15:13:30 === Execute SQL:select count(m.module_id) as qty from t_module m, pnt_pack p where p.tray_id = m.tray_id and p.pack_id = @code and p.status = 1
[INF] 2019-07-26 15:13:30 === 		Parameters:{ParamName:@code, DbType:AnsiString, Value:BM004HK188416P0006. }
[INF] 2019-07-26 15:13:30 === Open database OK.
[INF] 2019-07-26 15:13:30 === Execute SQL:select lot ,count(lot) as qty from t_module left join pnt_pack on t_module.tray_id = pnt_pack.tray_id where pack_id =  @code group by lot order by qty desc ,lot  limit 16
[INF] 2019-07-26 15:13:30 === 		Parameters:{ParamName:@code, DbType:AnsiString, Value:BM004HK188416P0006. }
[INF] 2019-07-26 15:13:30 === Open database OK.
[INF] 2019-07-26 15:13:30 === Execute SQL:select count(lot) as qty from t_module left join pnt_pack on t_module.tray_id = pnt_pack.tray_id where pack_id = @code 
[INF] 2019-07-26 15:13:30 === 		Parameters:{ParamName:@code, DbType:AnsiString, Value:BM004HK188416P0006. }
[INF] 2019-07-26 15:13:51 === Create database NIDEC category:PostgreSQL
[INF] 2019-07-26 15:13:56 === Open database OK.
[INF] 2019-07-26 15:13:56 === Execute SQL:select user_id, user_name, pass, u_role from t_user where user_id = @user
[INF] 2019-07-26 15:13:56 === 		Parameters:{ParamName:@user, DbType:AnsiString, Value:20181115110. }
[INF] 2019-07-26 15:14:00 === Open database OK.
[INF] 2019-07-26 15:14:00 === Execute SQL:select name, pcode, ccode, p_date, status from vw_packing where pcode = @pcode and status = 1 order by ccode
[INF] 2019-07-26 15:14:00 === 		Parameters:{ParamName:@pcode, DbType:AnsiString, Value:BM004HK188416P0006. }
[INF] 2019-07-26 15:14:04 === Open database OK.
[INF] 2019-07-26 15:14:04 === Execute SQL:select count(m.module_id) as qty from t_module m, pnt_pack p where p.tray_id = m.tray_id and p.pack_id = @code and p.status = 1
[INF] 2019-07-26 15:14:04 === 		Parameters:{ParamName:@code, DbType:AnsiString, Value:BM004HK188416P0006. }
[INF] 2019-07-26 15:14:04 === Open database OK.
[INF] 2019-07-26 15:14:04 === Execute SQL:select lot ,count(lot) as qty from t_module left join pnt_pack on t_module.tray_id = pnt_pack.tray_id where pack_id =  @code group by lot order by qty desc ,lot  limit 16
[INF] 2019-07-26 15:14:04 === 		Parameters:{ParamName:@code, DbType:AnsiString, Value:BM004HK188416P0006. }
[INF] 2019-07-26 15:14:04 === Open database OK.
[INF] 2019-07-26 15:14:04 === Execute SQL:select count(lot) as qty from t_module left join pnt_pack on t_module.tray_id = pnt_pack.tray_id where pack_id = @code 
[INF] 2019-07-26 15:14:04 === 		Parameters:{ParamName:@code, DbType:AnsiString, Value:BM004HK188416P0006. }
[INF] 2019-07-26 15:14:08 === Open database OK.
[INF] 2019-07-26 15:14:08 === Execute SQL:select lot ,count(lot) as qty from t_module left join pnt_pack on t_module.tray_id = pnt_pack.tray_id where pack_id =  @code group by lot order by qty desc ,lot  limit 16
[INF] 2019-07-26 15:14:08 === 		Parameters:{ParamName:@code, DbType:AnsiString, Value:BM004HK188416P0006. }
[INF] 2019-07-26 15:14:08 === Open database OK.
[INF] 2019-07-26 15:14:08 === Execute SQL:select count(lot) as qty from t_module left join pnt_pack on t_module.tray_id = pnt_pack.tray_id where pack_id = @code 
[INF] 2019-07-26 15:14:08 === 		Parameters:{ParamName:@code, DbType:AnsiString, Value:BM004HK188416P0006. }
[INF] 2019-07-26 15:14:10 === Open database OK.
[INF] 2019-07-26 15:14:10 === Execute SQL:insert into pnt_mng (pkg_id, pkg_type, act, pkg_date, pkg_qty, pkg_user, pkg_status) values (@id, @type, @act, @date, @qty, @user, @status) Params:{ParamName:@id, DbType:AnsiString, Value:BM004HK188416P0006. },{ParamName:@type, DbType:AnsiString, Value:pack. },{ParamName:@act, DbType:AnsiString, Value:r. },{ParamName:@date, DbType:DateTime, Value:2019/7/26 15:14:10. },{ParamName:@qty, DbType:Int32, Value:2. },{ParamName:@status, DbType:Int32, Value:1. },{ParamName:@user, DbType:AnsiString, Value:20181115110. }
[INF] 2019-07-26 15:14:13 === Open database OK.
[INF] 2019-07-26 15:14:13 === Execute SQL:select count(m.module_id) as qty from t_module m, pnt_pack p where p.tray_id = m.tray_id and p.pack_id = @code and p.status = 1
[INF] 2019-07-26 15:14:13 === 		Parameters:{ParamName:@code, DbType:AnsiString, Value:BM004HK188416P0006. }
[INF] 2019-07-26 15:14:13 === Open database OK.
[INF] 2019-07-26 15:14:13 === Execute SQL:select lot ,count(lot) as qty from t_module left join pnt_pack on t_module.tray_id = pnt_pack.tray_id where pack_id =  @code group by lot order by qty desc ,lot  limit 16
[INF] 2019-07-26 15:14:13 === 		Parameters:{ParamName:@code, DbType:AnsiString, Value:BM004HK188416P0006. }
[INF] 2019-07-26 15:14:13 === Open database OK.
[INF] 2019-07-26 15:14:13 === Execute SQL:select count(lot) as qty from t_module left join pnt_pack on t_module.tray_id = pnt_pack.tray_id where pack_id = @code 
[INF] 2019-07-26 15:14:13 === 		Parameters:{ParamName:@code, DbType:AnsiString, Value:BM004HK188416P0006. }
[INF] 2019-07-26 15:14:16 === Open database OK.
[INF] 2019-07-26 15:14:16 === Execute SQL:insert into pnt_mng (pkg_id, pkg_type, act, pkg_date, pkg_qty, pkg_user, pkg_status) values (@id, @type, @act, @date, @qty, @user, @status) Params:{ParamName:@id, DbType:AnsiString, Value:BM004HK188416P0006. },{ParamName:@type, DbType:AnsiString, Value:pack. },{ParamName:@act, DbType:AnsiString, Value:r. },{ParamName:@date, DbType:DateTime, Value:2019/7/26 15:14:16. },{ParamName:@qty, DbType:Int32, Value:2. },{ParamName:@status, DbType:Int32, Value:1. },{ParamName:@user, DbType:AnsiString, Value:20181115110. }
[INF] 2019-07-26 15:14:19 === Open database OK.
[INF] 2019-07-26 15:14:19 === Execute SQL:select count(m.module_id) as qty from t_module m, pnt_pack p where p.tray_id = m.tray_id and p.pack_id = @code and p.status = 1
[INF] 2019-07-26 15:14:19 === 		Parameters:{ParamName:@code, DbType:AnsiString, Value:BM004HK188416P0006. }
[INF] 2019-07-26 15:14:19 === Open database OK.
[INF] 2019-07-26 15:14:19 === Execute SQL:select lot ,count(lot) as qty from t_module left join pnt_pack on t_module.tray_id = pnt_pack.tray_id where pack_id =  @code group by lot order by qty desc ,lot  limit 16
[INF] 2019-07-26 15:14:19 === 		Parameters:{ParamName:@code, DbType:AnsiString, Value:BM004HK188416P0006. }
[INF] 2019-07-26 15:14:19 === Open database OK.
[INF] 2019-07-26 15:14:19 === Execute SQL:select count(lot) as qty from t_module left join pnt_pack on t_module.tray_id = pnt_pack.tray_id where pack_id = @code 
[INF] 2019-07-26 15:14:19 === 		Parameters:{ParamName:@code, DbType:AnsiString, Value:BM004HK188416P0006. }
[INF] 2019-07-26 15:14:19 === Open database OK.
[INF] 2019-07-26 15:14:19 === Execute SQL:select lot ,count(lot) as qty from t_module left join pnt_pack on t_module.tray_id = pnt_pack.tray_id where pack_id =  @code group by lot order by qty desc ,lot  limit 16
[INF] 2019-07-26 15:14:19 === 		Parameters:{ParamName:@code, DbType:AnsiString, Value:BM004HK188416P0006. }
[INF] 2019-07-26 15:14:19 === Open database OK.
[INF] 2019-07-26 15:14:19 === Execute SQL:select count(lot) as qty from t_module left join pnt_pack on t_module.tray_id = pnt_pack.tray_id where pack_id = @code 
[INF] 2019-07-26 15:14:19 === 		Parameters:{ParamName:@code, DbType:AnsiString, Value:BM004HK188416P0006. }
[INF] 2019-07-26 15:14:24 === Open database OK.
[INF] 2019-07-26 15:14:24 === Execute SQL:insert into pnt_mng (pkg_id, pkg_type, act, pkg_date, pkg_qty, pkg_user, pkg_status) values (@id, @type, @act, @date, @qty, @user, @status) Params:{ParamName:@id, DbType:AnsiString, Value:BM004HK188416P0006. },{ParamName:@type, DbType:AnsiString, Value:pack. },{ParamName:@act, DbType:AnsiString, Value:r. },{ParamName:@date, DbType:DateTime, Value:2019/7/26 15:14:24. },{ParamName:@qty, DbType:Int32, Value:2. },{ParamName:@status, DbType:Int32, Value:1. },{ParamName:@user, DbType:AnsiString, Value:20181115110. }
[INF] 2019-07-26 15:16:10 === Create database NIDEC category:PostgreSQL
[INF] 2019-07-26 15:16:15 === Open database OK.
[INF] 2019-07-26 15:16:15 === Execute SQL:select user_id, user_name, pass, u_role from t_user where user_id = @user
[INF] 2019-07-26 15:16:15 === 		Parameters:{ParamName:@user, DbType:AnsiString, Value:20181115110. }
[INF] 2019-07-26 15:16:20 === Open database OK.
[INF] 2019-07-26 15:16:20 === Execute SQL:select name, pcode, ccode, p_date, status from vw_packing where pcode = @pcode and status = 1 order by ccode
[INF] 2019-07-26 15:16:20 === 		Parameters:{ParamName:@pcode, DbType:AnsiString, Value:BM004HK188416P0006. }
[INF] 2019-07-26 15:16:24 === Open database OK.
[INF] 2019-07-26 15:16:24 === Execute SQL:select count(m.module_id) as qty from t_module m, pnt_pack p where p.tray_id = m.tray_id and p.pack_id = @code and p.status = 1
[INF] 2019-07-26 15:16:24 === 		Parameters:{ParamName:@code, DbType:AnsiString, Value:BM004HK188416P0006. }
[INF] 2019-07-26 15:16:24 === Open database OK.
[INF] 2019-07-26 15:16:24 === Execute SQL:select lot ,count(lot) as qty from t_module left join pnt_pack on t_module.tray_id = pnt_pack.tray_id where pack_id =  @code group by lot order by qty desc ,lot  limit 16
[INF] 2019-07-26 15:16:24 === 		Parameters:{ParamName:@code, DbType:AnsiString, Value:BM004HK188416P0006. }
[INF] 2019-07-26 15:16:24 === Open database OK.
[INF] 2019-07-26 15:16:24 === Execute SQL:select count(lot) as qty from t_module left join pnt_pack on t_module.tray_id = pnt_pack.tray_id where pack_id = @code 
[INF] 2019-07-26 15:16:24 === 		Parameters:{ParamName:@code, DbType:AnsiString, Value:BM004HK188416P0006. }
[INF] 2019-07-26 15:16:28 === Open database OK.
[INF] 2019-07-26 15:16:28 === Execute SQL:select lot ,count(lot) as qty from t_module left join pnt_pack on t_module.tray_id = pnt_pack.tray_id where pack_id =  @code group by lot order by qty desc ,lot  limit 16
[INF] 2019-07-26 15:16:28 === 		Parameters:{ParamName:@code, DbType:AnsiString, Value:BM004HK188416P0006. }
[INF] 2019-07-26 15:16:28 === Open database OK.
[INF] 2019-07-26 15:16:28 === Execute SQL:select count(lot) as qty from t_module left join pnt_pack on t_module.tray_id = pnt_pack.tray_id where pack_id = @code 
[INF] 2019-07-26 15:16:28 === 		Parameters:{ParamName:@code, DbType:AnsiString, Value:BM004HK188416P0006. }
[INF] 2019-07-26 15:16:29 === Open database OK.
[INF] 2019-07-26 15:16:29 === Execute SQL:insert into pnt_mng (pkg_id, pkg_type, act, pkg_date, pkg_qty, pkg_user, pkg_status) values (@id, @type, @act, @date, @qty, @user, @status) Params:{ParamName:@id, DbType:AnsiString, Value:BM004HK188416P0006. },{ParamName:@type, DbType:AnsiString, Value:pack. },{ParamName:@act, DbType:AnsiString, Value:r. },{ParamName:@date, DbType:DateTime, Value:2019/7/26 15:16:29. },{ParamName:@qty, DbType:Int32, Value:2. },{ParamName:@status, DbType:Int32, Value:1. },{ParamName:@user, DbType:AnsiString, Value:20181115110. }
[INF] 2019-07-26 15:16:32 === Open database OK.
[INF] 2019-07-26 15:16:32 === Execute SQL:select count(m.module_id) as qty from t_module m, pnt_pack p where p.tray_id = m.tray_id and p.pack_id = @code and p.status = 1
[INF] 2019-07-26 15:16:32 === 		Parameters:{ParamName:@code, DbType:AnsiString, Value:BM004HK188416P0006. }
[INF] 2019-07-26 15:16:32 === Open database OK.
[INF] 2019-07-26 15:16:32 === Execute SQL:select lot ,count(lot) as qty from t_module left join pnt_pack on t_module.tray_id = pnt_pack.tray_id where pack_id =  @code group by lot order by qty desc ,lot  limit 16
[INF] 2019-07-26 15:16:32 === 		Parameters:{ParamName:@code, DbType:AnsiString, Value:BM004HK188416P0006. }
[INF] 2019-07-26 15:16:32 === Open database OK.
[INF] 2019-07-26 15:16:32 === Execute SQL:select count(lot) as qty from t_module left join pnt_pack on t_module.tray_id = pnt_pack.tray_id where pack_id = @code 
[INF] 2019-07-26 15:16:32 === 		Parameters:{ParamName:@code, DbType:AnsiString, Value:BM004HK188416P0006. }
[INF] 2019-07-26 15:16:34 === Open database OK.
[INF] 2019-07-26 15:16:34 === Execute SQL:insert into pnt_mng (pkg_id, pkg_type, act, pkg_date, pkg_qty, pkg_user, pkg_status) values (@id, @type, @act, @date, @qty, @user, @status) Params:{ParamName:@id, DbType:AnsiString, Value:BM004HK188416P0006. },{ParamName:@type, DbType:AnsiString, Value:pack. },{ParamName:@act, DbType:AnsiString, Value:r. },{ParamName:@date, DbType:DateTime, Value:2019/7/26 15:16:34. },{ParamName:@qty, DbType:Int32, Value:2. },{ParamName:@status, DbType:Int32, Value:1. },{ParamName:@user, DbType:AnsiString, Value:20181115110. }
[INF] 2019-07-26 15:17:03 === Create database NIDEC category:PostgreSQL
[INF] 2019-07-26 15:17:29 === Create database NIDEC category:PostgreSQL
[INF] 2019-07-26 15:17:34 === Open database OK.
[INF] 2019-07-26 15:17:34 === Execute SQL:select user_id, user_name, pass, u_role from t_user where user_id = @user
[INF] 2019-07-26 15:17:34 === 		Parameters:{ParamName:@user, DbType:AnsiString, Value:20181115110. }
[INF] 2019-07-26 15:17:38 === Open database OK.
[INF] 2019-07-26 15:17:38 === Execute SQL:select name, pcode, ccode, p_date, status from vw_packing where pcode = @pcode and status = 1 order by ccode
[INF] 2019-07-26 15:17:38 === 		Parameters:{ParamName:@pcode, DbType:AnsiString, Value:BM004HK188416P0006. }
[INF] 2019-07-26 15:17:41 === Open database OK.
[INF] 2019-07-26 15:17:41 === Execute SQL:select count(m.module_id) as qty from t_module m, pnt_pack p where p.tray_id = m.tray_id and p.pack_id = @code and p.status = 1
[INF] 2019-07-26 15:17:41 === 		Parameters:{ParamName:@code, DbType:AnsiString, Value:BM004HK188416P0006. }
[INF] 2019-07-26 15:17:41 === Open database OK.
[INF] 2019-07-26 15:17:41 === Execute SQL:select lot ,count(lot) as qty from t_module left join pnt_pack on t_module.tray_id = pnt_pack.tray_id where pack_id =  @code group by lot order by qty desc ,lot  limit 16
[INF] 2019-07-26 15:17:41 === 		Parameters:{ParamName:@code, DbType:AnsiString, Value:BM004HK188416P0006. }
[INF] 2019-07-26 15:17:41 === Open database OK.
[INF] 2019-07-26 15:17:41 === Execute SQL:select count(lot) as qty from t_module left join pnt_pack on t_module.tray_id = pnt_pack.tray_id where pack_id = @code 
[INF] 2019-07-26 15:17:41 === 		Parameters:{ParamName:@code, DbType:AnsiString, Value:BM004HK188416P0006. }
[INF] 2019-07-26 15:17:44 === Open database OK.
[INF] 2019-07-26 15:17:44 === Execute SQL:insert into pnt_mng (pkg_id, pkg_type, act, pkg_date, pkg_qty, pkg_user, pkg_status) values (@id, @type, @act, @date, @qty, @user, @status) Params:{ParamName:@id, DbType:AnsiString, Value:BM004HK188416P0006. },{ParamName:@type, DbType:AnsiString, Value:pack. },{ParamName:@act, DbType:AnsiString, Value:r. },{ParamName:@date, DbType:DateTime, Value:2019/7/26 15:17:44. },{ParamName:@qty, DbType:Int32, Value:2. },{ParamName:@status, DbType:Int32, Value:1. },{ParamName:@user, DbType:AnsiString, Value:20181115110. }
[INF] 2019-07-26 15:18:49 === Create database NIDEC category:PostgreSQL
[INF] 2019-07-26 15:18:50 === Open database OK.
[INF] 2019-07-26 15:18:50 === Execute SQL:select user_id, user_name, pass, u_role from t_user where user_id = @user
[INF] 2019-07-26 15:18:50 === 		Parameters:{ParamName:@user, DbType:AnsiString, Value:20181115110. }
[INF] 2019-07-26 15:19:03 === Open database OK.
[INF] 2019-07-26 15:19:03 === Execute SQL:select name, pcode, ccode, p_date, status from vw_packing where pcode = @pcode and status = 1 order by ccode
[INF] 2019-07-26 15:19:03 === 		Parameters:{ParamName:@pcode, DbType:AnsiString, Value:BM004HK188416P0006. }
[INF] 2019-07-26 15:19:33 === Open database OK.
[INF] 2019-07-26 15:19:33 === Execute SQL:select count(m.module_id) as qty from t_module m, pnt_pack p where p.tray_id = m.tray_id and p.pack_id = @code and p.status = 1
[INF] 2019-07-26 15:19:33 === 		Parameters:{ParamName:@code, DbType:AnsiString, Value:BM004HK188416P0006. }
[INF] 2019-07-26 15:19:43 === Open database OK.
[INF] 2019-07-26 15:19:43 === Execute SQL:select lot ,count(lot) as qty from t_module left join pnt_pack on t_module.tray_id = pnt_pack.tray_id where pack_id =  @code group by lot order by qty desc ,lot  limit 16
[INF] 2019-07-26 15:19:43 === 		Parameters:{ParamName:@code, DbType:AnsiString, Value:BM004HK188416P0006. }
[INF] 2019-07-26 15:19:43 === Open database OK.
[INF] 2019-07-26 15:19:43 === Execute SQL:select count(lot) as qty from t_module left join pnt_pack on t_module.tray_id = pnt_pack.tray_id where pack_id = @code 
[INF] 2019-07-26 15:19:43 === 		Parameters:{ParamName:@code, DbType:AnsiString, Value:BM004HK188416P0006. }
[INF] 2019-07-26 15:20:12 === Open database OK.
[INF] 2019-07-26 15:20:12 === Execute SQL:select lot ,count(lot) as qty from t_module left join pnt_pack on t_module.tray_id = pnt_pack.tray_id where pack_id =  @code group by lot order by qty desc ,lot  limit 16
[INF] 2019-07-26 15:20:12 === 		Parameters:{ParamName:@code, DbType:AnsiString, Value:BM004HK188416P0006. }
[INF] 2019-07-26 15:20:12 === Open database OK.
[INF] 2019-07-26 15:20:12 === Execute SQL:select count(lot) as qty from t_module left join pnt_pack on t_module.tray_id = pnt_pack.tray_id where pack_id = @code 
[INF] 2019-07-26 15:20:12 === 		Parameters:{ParamName:@code, DbType:AnsiString, Value:BM004HK188416P0006. }
[INF] 2019-07-26 15:20:23 === Open database OK.
[INF] 2019-07-26 15:20:23 === Execute SQL:insert into pnt_mng (pkg_id, pkg_type, act, pkg_date, pkg_qty, pkg_user, pkg_status) values (@id, @type, @act, @date, @qty, @user, @status) Params:{ParamName:@id, DbType:AnsiString, Value:BM004HK188416P0006. },{ParamName:@type, DbType:AnsiString, Value:pack. },{ParamName:@act, DbType:AnsiString, Value:r. },{ParamName:@date, DbType:DateTime, Value:2019/7/26 15:20:23. },{ParamName:@qty, DbType:Int32, Value:13. },{ParamName:@status, DbType:Int32, Value:1. },{ParamName:@user, DbType:AnsiString, Value:20181115110. }
[INF] 2019-07-26 15:20:52 === Open database OK.
[INF] 2019-07-26 15:20:52 === Execute SQL:select count(m.module_id) as qty from t_module m, pnt_pack p where p.tray_id = m.tray_id and p.pack_id = @code and p.status = 1
[INF] 2019-07-26 15:20:52 === 		Parameters:{ParamName:@code, DbType:AnsiString, Value:BM004HK188416P0006. }
[INF] 2019-07-26 15:20:52 === Open database OK.
[INF] 2019-07-26 15:20:52 === Execute SQL:select lot ,count(lot) as qty from t_module left join pnt_pack on t_module.tray_id = pnt_pack.tray_id where pack_id =  @code group by lot order by qty desc ,lot  limit 16
[INF] 2019-07-26 15:20:53 === 		Parameters:{ParamName:@code, DbType:AnsiString, Value:BM004HK188416P0006. }
[INF] 2019-07-26 15:20:53 === Open database OK.
[INF] 2019-07-26 15:20:53 === Execute SQL:select count(lot) as qty from t_module left join pnt_pack on t_module.tray_id = pnt_pack.tray_id where pack_id = @code 
[INF] 2019-07-26 15:20:53 === 		Parameters:{ParamName:@code, DbType:AnsiString, Value:BM004HK188416P0006. }
[INF] 2019-07-26 15:20:56 === Open database OK.
[INF] 2019-07-26 15:20:56 === Execute SQL:select lot ,count(lot) as qty from t_module left join pnt_pack on t_module.tray_id = pnt_pack.tray_id where pack_id =  @code group by lot order by qty desc ,lot  limit 16
[INF] 2019-07-26 15:20:56 === 		Parameters:{ParamName:@code, DbType:AnsiString, Value:BM004HK188416P0006. }
[INF] 2019-07-26 15:20:56 === Open database OK.
[INF] 2019-07-26 15:20:56 === Execute SQL:select count(lot) as qty from t_module left join pnt_pack on t_module.tray_id = pnt_pack.tray_id where pack_id = @code 
[INF] 2019-07-26 15:20:56 === 		Parameters:{ParamName:@code, DbType:AnsiString, Value:BM004HK188416P0006. }
[INF] 2019-07-26 15:20:59 === Open database OK.
[INF] 2019-07-26 15:20:59 === Execute SQL:insert into pnt_mng (pkg_id, pkg_type, act, pkg_date, pkg_qty, pkg_user, pkg_status) values (@id, @type, @act, @date, @qty, @user, @status) Params:{ParamName:@id, DbType:AnsiString, Value:BM004HK188416P0006. },{ParamName:@type, DbType:AnsiString, Value:pack. },{ParamName:@act, DbType:AnsiString, Value:r. },{ParamName:@date, DbType:DateTime, Value:2019/7/26 15:20:59. },{ParamName:@qty, DbType:Int32, Value:13. },{ParamName:@status, DbType:Int32, Value:1. },{ParamName:@user, DbType:AnsiString, Value:20181115110. }
[INF] 2019-07-26 15:24:45 === Create database NIDEC category:PostgreSQL
[INF] 2019-07-26 15:24:47 === Open database OK.
[INF] 2019-07-26 15:24:47 === Execute SQL:select user_id, user_name, pass, u_role from t_user where user_id = @user
[INF] 2019-07-26 15:24:47 === 		Parameters:{ParamName:@user, DbType:AnsiString, Value:20181115110. }
[INF] 2019-07-26 15:25:05 === Open database OK.
[INF] 2019-07-26 15:25:05 === Execute SQL:select name, pcode, ccode, p_date, status from vw_packing where pcode = @pcode and status = 1 order by ccode
[INF] 2019-07-26 15:25:05 === 		Parameters:{ParamName:@pcode, DbType:AnsiString, Value:BM004HK188416P0006. }
[INF] 2019-07-26 15:25:17 === Open database OK.
[INF] 2019-07-26 15:25:17 === Execute SQL:select sum(count)over(partition by 1),substring(lot,4,4),substring(lot,1,7)
from
(select lot,count(lot) from pnt_pack as aa
left join t_module as bb on aa.tray_id = bb.tray_id
where aa.pack_id = @pcode
and aa.status = '1'
group by lot)as tt
order by count desc limit 1

[INF] 2019-07-26 15:25:17 === 		Parameters:{ParamName:@pcode, DbType:AnsiString, Value:BM004HK188416P0006. }
[INF] 2019-07-26 15:25:20 === Open database OK.
[INF] 2019-07-26 15:25:20 === Execute SQL:insert into pnt_mng (pkg_id, pkg_type, act, pkg_date, pkg_qty, pkg_user, pkg_status) values (@id, @type, @act, @date, @qty, @user, @status) Params:{ParamName:@id, DbType:AnsiString, Value:BM004HK188416P0006. },{ParamName:@type, DbType:AnsiString, Value:pack. },{ParamName:@act, DbType:AnsiString, Value:r. },{ParamName:@date, DbType:DateTime, Value:2019/7/26 15:25:20. },{ParamName:@qty, DbType:Int32, Value:13. },{ParamName:@status, DbType:Int32, Value:1. },{ParamName:@user, DbType:AnsiString, Value:20181115110. }
[INF] 2019-07-26 15:26:12 === Open database OK.
[INF] 2019-07-26 15:26:12 === Execute SQL:select name, pcode, ccode, p_date, status from vw_packing where pcode = @pcode and status = 1 order by ccode
[INF] 2019-07-26 15:26:12 === 		Parameters:{ParamName:@pcode, DbType:AnsiString, Value:BM004HK188385C0001. }
[INF] 2019-07-26 15:26:23 === Open database OK.
[INF] 2019-07-26 15:26:23 === Execute SQL:select name, pcode, ccode, p_date, status from vw_packing where pcode = @pcode and status = 1 order by ccode
[INF] 2019-07-26 15:26:23 === 		Parameters:{ParamName:@pcode, DbType:AnsiString, Value:BM004HK188416C0003. }
[INF] 2019-07-26 15:26:28 === Open database OK.
[INF] 2019-07-26 15:26:28 === Execute SQL:select sum(count)over(partition by 1),substring(lot,4,4),substring(lot,1,7)
from
(select lot,count(lot) from pnt_pack as aa
left join t_module as bb on aa.tray_id = bb.tray_id
where aa.pack_id = @pcode
and aa.status = '1'
group by lot)as tt
order by count desc limit 1

[INF] 2019-07-26 15:26:28 === 		Parameters:{ParamName:@pcode, DbType:AnsiString, Value:BM004HK188416C0003. }
[INF] 2019-07-26 15:26:48 === Create database NIDEC category:PostgreSQL
[INF] 2019-07-26 15:26:49 === Open database OK.
[INF] 2019-07-26 15:26:49 === Execute SQL:select user_id, user_name, pass, u_role from t_user where user_id = @user
[INF] 2019-07-26 15:26:49 === 		Parameters:{ParamName:@user, DbType:AnsiString, Value:20181115110. }
[INF] 2019-07-26 15:26:53 === Open database OK.
[INF] 2019-07-26 15:26:53 === Execute SQL:select name, pcode, ccode, p_date, status from vw_packing where pcode = @pcode and status = 1 order by ccode
[INF] 2019-07-26 15:26:53 === 		Parameters:{ParamName:@pcode, DbType:AnsiString, Value:BM004HK188416C0003. }
[INF] 2019-07-26 15:27:20 === Open database OK.
[INF] 2019-07-26 15:27:20 === Execute SQL:select sum(count)over(partition by 1),substring(lot,4,4),substring(lot,1,7)
from
(select lot,count(lot) from pnt_pack as aa
left join t_module as bb on aa.tray_id = bb.tray_id
where aa.pack_id = @pcode
and aa.status = '1'
group by lot)as tt
order by count desc limit 1

[INF] 2019-07-26 15:27:20 === 		Parameters:{ParamName:@pcode, DbType:AnsiString, Value:BM004HK188416C0003. }
[INF] 2019-07-26 15:28:14 === Create database NIDEC category:PostgreSQL
[INF] 2019-07-26 15:28:15 === Open database OK.
[INF] 2019-07-26 15:28:15 === Execute SQL:select user_id, user_name, pass, u_role from t_user where user_id = @user
[INF] 2019-07-26 15:28:15 === 		Parameters:{ParamName:@user, DbType:AnsiString, Value:20181115110. }
[INF] 2019-07-26 15:28:18 === Open database OK.
[INF] 2019-07-26 15:28:18 === Execute SQL:select name, pcode, ccode, p_date, status from vw_packing where pcode = @pcode and status = 1 order by ccode
[INF] 2019-07-26 15:28:18 === 		Parameters:{ParamName:@pcode, DbType:AnsiString, Value:BM004HK188416C0003. }
[INF] 2019-07-26 15:28:21 === Open database OK.
[INF] 2019-07-26 15:28:21 === Execute SQL:select sum(count)over(partition by 1),substring(lot,4,4),substring(lot,1,7)
from
(select lot,count(lot) from pnt_pack as aa
left join t_module as bb on aa.tray_id = bb.tray_id
where aa.pack_id = @pcode
and aa.status = '1'
group by lot)as tt
order by count desc limit 1

[INF] 2019-07-26 15:28:21 === 		Parameters:{ParamName:@pcode, DbType:AnsiString, Value:BM004HK188416C0003. }
[INF] 2019-07-26 15:30:10 === Create database NIDEC category:PostgreSQL
[INF] 2019-07-26 15:30:12 === Open database OK.
[INF] 2019-07-26 15:30:12 === Execute SQL:select user_id, user_name, pass, u_role from t_user where user_id = @user
[INF] 2019-07-26 15:30:12 === 		Parameters:{ParamName:@user, DbType:AnsiString, Value:20181115110. }
[INF] 2019-07-26 15:30:15 === Open database OK.
[INF] 2019-07-26 15:30:15 === Execute SQL:select name, pcode, ccode, p_date, status from vw_packing where pcode = @pcode and status = 1 order by ccode
[INF] 2019-07-26 15:30:15 === 		Parameters:{ParamName:@pcode, DbType:AnsiString, Value:BM004HK188416C0003. }
[INF] 2019-07-26 15:35:30 === Open database OK.
[INF] 2019-07-26 15:35:30 === Execute SQL:select sum(count)over(partition by 1),substring(lot,4,4),substring(lot,1,7)
from
(select lot,count(lot) from pnt_pack as aa
left join t_module as bb on aa.tray_id = bb.tray_id
where aa.pack_id = @pcode
and aa.status = '1'
group by lot)as tt
order by count desc limit 1

[INF] 2019-07-26 15:35:30 === 		Parameters:{ParamName:@pcode, DbType:AnsiString, Value:BM004HK188416C0003. }
[INF] 2019-07-26 15:42:37 === Create database NIDEC category:PostgreSQL
[INF] 2019-07-26 15:42:38 === Open database OK.
[INF] 2019-07-26 15:42:38 === Execute SQL:select user_id, user_name, pass, u_role from t_user where user_id = @user
[INF] 2019-07-26 15:42:38 === 		Parameters:{ParamName:@user, DbType:AnsiString, Value:20181115110. }
[INF] 2019-07-26 15:42:49 === Open database OK.
[INF] 2019-07-26 15:42:49 === Execute Function:fn_apply_no
[INF] 2019-07-26 15:42:49 === 		Parameters:{ParamName:@mode, DbType:AnsiString, Value:pack. },{ParamName:@vendor, DbType:AnsiString, Value:NIDEC. },{ParamName:@sitecode, DbType:AnsiString, Value:8. },{ParamName:@date, DbType:AnsiString, Value:2019726. }
[INF] 2019-07-26 15:42:50 === Open database OK.
[INF] 2019-07-26 15:42:50 === Execute SQL:insert into pnt_mng (pkg_id, pkg_type, act, pkg_date, pkg_qty, pkg_user, pkg_status, remark) values (@id, @type, @act, @date, @qty, @user, @status, @remark) Params:{ParamName:@id, DbType:AnsiString, Value:BNIDEC201972680001. },{ParamName:@type, DbType:AnsiString, Value:pack. },{ParamName:@act, DbType:AnsiString, Value:r. },{ParamName:@date, DbType:DateTime, Value:2019/7/26 15:42:50. },{ParamName:@qty, DbType:Int32, Value:1. },{ParamName:@user, DbType:AnsiString, Value:20181115110. },{ParamName:@status, DbType:Int32, Value:0. },{ParamName:@remark, DbType:AnsiString, Value:. }
[INF] 2019-07-26 15:43:01 === Open database OK.
[INF] 2019-07-26 15:43:01 === Execute SQL:select count(tray_id) as qty from t_module where tray_id = @code
[INF] 2019-07-26 15:43:01 === 		Parameters:{ParamName:@code, DbType:AnsiString, Value:A1. }
