[INF] 2019-07-29 11:09:47 === Create database NIDEC category:PostgreSQL
[INF] 2019-07-29 11:09:49 === Open database OK.
[INF] 2019-07-29 11:09:49 === Execute SQL:select user_id, user_name, pass, u_role from t_user where user_id = @user
[INF] 2019-07-29 11:09:49 === 		Parameters:{ParamName:@user, DbType:AnsiString, Value:20181115110. }
[INF] 2019-07-29 11:12:26 === Open database OK.
[INF] 2019-07-29 11:12:26 === Execute SQL:select name, pcode, ccode, p_date, status from vw_packing where pcode = @pcode and status = 1 order by ccode
[INF] 2019-07-29 11:12:26 === 		Parameters:{ParamName:@pcode, DbType:AnsiString, Value:BM004HK188385P0002. }
[INF] 2019-07-29 11:12:28 === Open database OK.
[INF] 2019-07-29 11:12:28 === Execute SQL:select name, pcode, ccode, p_date, status from vw_packing where pcode = @pcode and status = 1 order by ccode
[INF] 2019-07-29 11:12:28 === 		Parameters:{ParamName:@pcode, DbType:AnsiString, Value:BM004HK188385P0002. }
[INF] 2019-07-29 11:12:28 === Open database OK.
[INF] 2019-07-29 11:12:28 === Execute SQL:select name, pcode, ccode, p_date, status from vw_packing where pcode = @pcode and status = 1 order by ccode
[INF] 2019-07-29 11:12:28 === 		Parameters:{ParamName:@pcode, DbType:AnsiString, Value:BM004HK188385P0002. }
[INF] 2019-07-29 11:12:28 === Open database OK.
[INF] 2019-07-29 11:12:28 === Execute SQL:select name, pcode, ccode, p_date, status from vw_packing where pcode = @pcode and status = 1 order by ccode
[INF] 2019-07-29 11:12:28 === 		Parameters:{ParamName:@pcode, DbType:AnsiString, Value:BM004HK188385P0002. }
[INF] 2019-07-29 11:12:28 === Open database OK.
[INF] 2019-07-29 11:12:28 === Execute SQL:select name, pcode, ccode, p_date, status from vw_packing where pcode = @pcode and status = 1 order by ccode
[INF] 2019-07-29 11:12:28 === 		Parameters:{ParamName:@pcode, DbType:AnsiString, Value:BM004HK188385P0002. }
[INF] 2019-07-29 11:13:42 === Open database OK.
[INF] 2019-07-29 11:13:42 === Execute Function:fn_apply_no
[INF] 2019-07-29 11:13:42 === 		Parameters:{ParamName:@mode, DbType:AnsiString, Value:pack. },{ParamName:@vendor, DbType:AnsiString, Value:NIDEC. },{ParamName:@sitecode, DbType:AnsiString, Value:8. },{ParamName:@date, DbType:AnsiString, Value:2019729. }
[INF] 2019-07-29 11:13:42 === Open database OK.
[INF] 2019-07-29 11:13:42 === Execute SQL:insert into pnt_mng (pkg_id, pkg_type, act, pkg_date, pkg_qty, pkg_user, pkg_status, remark) values (@id, @type, @act, @date, @qty, @user, @status, @remark) Params:{ParamName:@id, DbType:AnsiString, Value:BNIDEC201972980001. },{ParamName:@type, DbType:AnsiString, Value:pack. },{ParamName:@act, DbType:AnsiString, Value:r. },{ParamName:@date, DbType:DateTime, Value:2019/7/29 11:13:42. },{ParamName:@qty, DbType:Int32, Value:1. },{ParamName:@user, DbType:AnsiString, Value:20181115110. },{ParamName:@status, DbType:Int32, Value:0. },{ParamName:@remark, DbType:AnsiString, Value:. }
[INF] 2019-07-29 11:13:45 === Open database OK.
[INF] 2019-07-29 11:13:45 === Execute SQL:select count(tray_id) as qty from t_module where tray_id = @code
[INF] 2019-07-29 11:13:45 === 		Parameters:{ParamName:@code, DbType:AnsiString, Value:M_K8_190415_2_001_S_1. }
[INF] 2019-07-29 11:13:45 === Open database OK.
[INF] 2019-07-29 11:13:45 === Execute SQL:select count(tray_id) as qty from pnt_pack where tray_id = @code and (status = 0 or status = 1)
[INF] 2019-07-29 11:13:45 === 		Parameters:{ParamName:@code, DbType:AnsiString, Value:M_K8_190415_2_001_S_1. }
[INF] 2019-07-29 11:15:05 === Open database OK.
[INF] 2019-07-29 11:15:05 === Execute SQL:select count(tray_id) as qty from t_module where tray_id = @code
[INF] 2019-07-29 11:15:05 === 		Parameters:{ParamName:@code, DbType:AnsiString, Value:B1. }
[INF] 2019-07-29 11:15:24 === Create database NIDEC category:PostgreSQL
[INF] 2019-07-29 11:15:25 === Open database OK.
[INF] 2019-07-29 11:15:25 === Execute SQL:select user_id, user_name, pass, u_role from t_user where user_id = @user
[INF] 2019-07-29 11:15:25 === 		Parameters:{ParamName:@user, DbType:AnsiString, Value:20181115110. }
[INF] 2019-07-29 11:16:00 === Open database OK.
[INF] 2019-07-29 11:16:00 === Execute Function:fn_apply_no
[INF] 2019-07-29 11:16:00 === 		Parameters:{ParamName:@mode, DbType:AnsiString, Value:pack. },{ParamName:@vendor, DbType:AnsiString, Value:NIDEC. },{ParamName:@sitecode, DbType:AnsiString, Value:8. },{ParamName:@date, DbType:AnsiString, Value:2019729. }
[INF] 2019-07-29 11:16:00 === Open database OK.
[INF] 2019-07-29 11:16:00 === Execute SQL:insert into pnt_mng (pkg_id, pkg_type, act, pkg_date, pkg_qty, pkg_user, pkg_status, remark) values (@id, @type, @act, @date, @qty, @user, @status, @remark) Params:{ParamName:@id, DbType:AnsiString, Value:BNIDEC201972980002. },{ParamName:@type, DbType:AnsiString, Value:pack. },{ParamName:@act, DbType:AnsiString, Value:r. },{ParamName:@date, DbType:DateTime, Value:2019/7/29 11:16:00. },{ParamName:@qty, DbType:Int32, Value:1. },{ParamName:@user, DbType:AnsiString, Value:20181115110. },{ParamName:@status, DbType:Int32, Value:0. },{ParamName:@remark, DbType:AnsiString, Value:. }
[INF] 2019-07-29 11:16:17 === Open database OK.
[INF] 2019-07-29 11:16:17 === Execute SQL:select count(tray_id) as qty from t_module where tray_id = @code
[INF] 2019-07-29 11:16:17 === 		Parameters:{ParamName:@code, DbType:AnsiString, Value:B1. }
[INF] 2019-07-29 11:16:31 === Open database OK.
[INF] 2019-07-29 11:16:31 === Execute SQL:select count(tray_id) as qty from t_module where tray_id = @code
[INF] 2019-07-29 11:16:31 === 		Parameters:{ParamName:@code, DbType:AnsiString, Value:B1. }
[INF] 2019-07-29 11:17:39 === Open database OK.
[INF] 2019-07-29 11:17:39 === Execute SQL:select count(tray_id) as qty from pnt_pack where tray_id = @code and (status = 0 or status = 1)
[INF] 2019-07-29 11:17:39 === 		Parameters:{ParamName:@code, DbType:AnsiString, Value:B1. }
[INF] 2019-07-29 11:17:43 === Open database OK.
[INF] 2019-07-29 11:17:43 === Execute SQL:insert into pnt_pack values (@packid, @trayid, @pdate, 0) Params:{ParamName:@packid, DbType:AnsiString, Value:BNIDEC201972980002. },{ParamName:@trayid, DbType:AnsiString, Value:B1. },{ParamName:@pdate, DbType:DateTime, Value:2019/7/29 11:17:42. }
[INF] 2019-07-29 11:18:03 === Open database OK.
[INF] 2019-07-29 11:18:03 === Execute SQLS : [update pnt_pack set status = 1 where pack_id = 'BNIDEC201972980002' and tray_id = 'B1']
[INF] 2019-07-29 11:18:03 === Open database OK.
[INF] 2019-07-29 11:18:03 === Execute SQL:select count(m.module_id) as qty from t_module m, pnt_pack p where p.tray_id = m.tray_id and p.pack_id = @code and p.status = 1
[INF] 2019-07-29 11:18:03 === 		Parameters:{ParamName:@code, DbType:AnsiString, Value:BNIDEC201972980002. }
[INF] 2019-07-29 11:18:03 === Open database OK.
[INF] 2019-07-29 11:18:03 === Execute SQL:select lot ,count(lot) as qty from t_module left join pnt_pack on t_module.tray_id = pnt_pack.tray_id where pack_id =  @code group by lot order by qty desc ,lot  limit 16
[INF] 2019-07-29 11:18:03 === 		Parameters:{ParamName:@code, DbType:AnsiString, Value:BNIDEC201972980002. }
[INF] 2019-07-29 11:18:07 === Open database OK.
[INF] 2019-07-29 11:18:07 === Execute SQL:insert into pnt_mng (pkg_id, pkg_type, act, pkg_date, pkg_qty, pkg_user, pkg_status) values (@id, @type, @act, @date, @qty, @user, @status) Params:{ParamName:@id, DbType:AnsiString, Value:BNIDEC201972980002. },{ParamName:@type, DbType:AnsiString, Value:pack. },{ParamName:@act, DbType:AnsiString, Value:r. },{ParamName:@date, DbType:DateTime, Value:2019/7/29 11:18:07. },{ParamName:@qty, DbType:Int32, Value:1. },{ParamName:@status, DbType:Int32, Value:1. },{ParamName:@user, DbType:AnsiString, Value:20181115110. }
[INF] 2019-07-29 11:20:22 === Create database NIDEC category:PostgreSQL
[INF] 2019-07-29 11:20:23 === Open database OK.
[INF] 2019-07-29 11:20:23 === Execute SQL:select user_id, user_name, pass, u_role from t_user where user_id = @user
[INF] 2019-07-29 11:20:23 === 		Parameters:{ParamName:@user, DbType:AnsiString, Value:20181115110. }
[INF] 2019-07-29 11:20:53 === Create database NIDEC category:PostgreSQL
[INF] 2019-07-29 11:20:54 === Open database OK.
[INF] 2019-07-29 11:20:54 === Execute SQL:select user_id, user_name, pass, u_role from t_user where user_id = @user
[INF] 2019-07-29 11:20:54 === 		Parameters:{ParamName:@user, DbType:AnsiString, Value:20181115110. }
[INF] 2019-07-29 11:20:56 === Open database OK.
[INF] 2019-07-29 11:20:56 === Execute SQL:select name, pcode, ccode, p_date, status from vw_packing where pcode = @pcode and status = 1 order by ccode
[INF] 2019-07-29 11:20:56 === 		Parameters:{ParamName:@pcode, DbType:AnsiString, Value:BNIDEC201972980002. }
[INF] 2019-07-29 11:21:28 === Create database NIDEC category:PostgreSQL
[INF] 2019-07-29 11:21:29 === Open database OK.
[INF] 2019-07-29 11:21:29 === Execute SQL:select user_id, user_name, pass, u_role from t_user where user_id = @user
[INF] 2019-07-29 11:21:29 === 		Parameters:{ParamName:@user, DbType:AnsiString, Value:20181115110. }
[INF] 2019-07-29 11:22:12 === Open database OK.
[INF] 2019-07-29 11:22:12 === Execute Function:fn_apply_no
[INF] 2019-07-29 11:22:12 === 		Parameters:{ParamName:@mode, DbType:AnsiString, Value:pack. },{ParamName:@vendor, DbType:AnsiString, Value:NIDEC. },{ParamName:@sitecode, DbType:AnsiString, Value:8. },{ParamName:@date, DbType:AnsiString, Value:2019729. }
[INF] 2019-07-29 11:22:12 === Open database OK.
[INF] 2019-07-29 11:22:12 === Execute SQL:insert into pnt_mng (pkg_id, pkg_type, act, pkg_date, pkg_qty, pkg_user, pkg_status, remark) values (@id, @type, @act, @date, @qty, @user, @status, @remark) Params:{ParamName:@id, DbType:AnsiString, Value:BNIDEC201972980003. },{ParamName:@type, DbType:AnsiString, Value:pack. },{ParamName:@act, DbType:AnsiString, Value:r. },{ParamName:@date, DbType:DateTime, Value:2019/7/29 11:22:12. },{ParamName:@qty, DbType:Int32, Value:1. },{ParamName:@user, DbType:AnsiString, Value:20181115110. },{ParamName:@status, DbType:Int32, Value:0. },{ParamName:@remark, DbType:AnsiString, Value:. }
[INF] 2019-07-29 11:22:30 === Open database OK.
[INF] 2019-07-29 11:22:30 === Execute SQL:select count(tray_id) as qty from t_module where tray_id = @code
[INF] 2019-07-29 11:22:30 === 		Parameters:{ParamName:@code, DbType:AnsiString, Value:B1. }
[INF] 2019-07-29 11:22:34 === Open database OK.
[INF] 2019-07-29 11:22:35 === Execute SQL:select count(tray_id) as qty from pnt_pack where tray_id = @code and (status = 0 or status = 1)
[INF] 2019-07-29 11:22:35 === 		Parameters:{ParamName:@code, DbType:AnsiString, Value:B1. }
[INF] 2019-07-29 11:22:43 === Open database OK.
[INF] 2019-07-29 11:22:43 === Execute SQL:insert into pnt_pack values (@packid, @trayid, @pdate, 0) Params:{ParamName:@packid, DbType:AnsiString, Value:BNIDEC201972980003. },{ParamName:@trayid, DbType:AnsiString, Value:B1. },{ParamName:@pdate, DbType:DateTime, Value:2019/7/29 11:22:37. }
[INF] 2019-07-29 11:22:51 === Open database OK.
[INF] 2019-07-29 11:22:51 === Execute SQLS : [update pnt_pack set status = 1 where pack_id = 'BNIDEC201972980003' and tray_id = 'B1']
[INF] 2019-07-29 11:22:51 === Open database OK.
[INF] 2019-07-29 11:22:51 === Execute SQL:select count(m.module_id) as qty from t_module m, pnt_pack p where p.tray_id = m.tray_id and p.pack_id = @code and p.status = 1
[INF] 2019-07-29 11:22:51 === 		Parameters:{ParamName:@code, DbType:AnsiString, Value:BNIDEC201972980003. }
[INF] 2019-07-29 11:22:51 === Open database OK.
[INF] 2019-07-29 11:22:51 === Execute SQL:select lot ,count(lot) as qty from t_module left join pnt_pack on t_module.tray_id = pnt_pack.tray_id where pack_id =  @code group by lot order by qty desc ,lot  limit 16
[INF] 2019-07-29 11:22:51 === 		Parameters:{ParamName:@code, DbType:AnsiString, Value:BNIDEC201972980003. }
[INF] 2019-07-29 11:23:03 === Open database OK.
[INF] 2019-07-29 11:23:03 === Execute SQL:select count(m.module_id) as qty from t_module m, pnt_pack p where p.tray_id = m.tray_id and p.pack_id = @code and p.status = 1
[INF] 2019-07-29 11:23:03 === 		Parameters:{ParamName:@code, DbType:AnsiString, Value:BNIDEC201972980003. }
[INF] 2019-07-29 11:23:03 === Open database OK.
[INF] 2019-07-29 11:23:03 === Execute SQL:select lot ,count(lot) as qty from t_module left join pnt_pack on t_module.tray_id = pnt_pack.tray_id where pack_id =  @code group by lot order by qty desc ,lot  limit 16
[INF] 2019-07-29 11:23:03 === 		Parameters:{ParamName:@code, DbType:AnsiString, Value:BNIDEC201972980003. }
[INF] 2019-07-29 11:23:15 === Open database OK.
[INF] 2019-07-29 11:23:15 === Execute SQL:insert into pnt_mng (pkg_id, pkg_type, act, pkg_date, pkg_qty, pkg_user, pkg_status) values (@id, @type, @act, @date, @qty, @user, @status) Params:{ParamName:@id, DbType:AnsiString, Value:BNIDEC201972980003. },{ParamName:@type, DbType:AnsiString, Value:pack. },{ParamName:@act, DbType:AnsiString, Value:r. },{ParamName:@date, DbType:DateTime, Value:2019/7/29 11:23:15. },{ParamName:@qty, DbType:Int32, Value:1. },{ParamName:@status, DbType:Int32, Value:1. },{ParamName:@user, DbType:AnsiString, Value:20181115110. }
[INF] 2019-07-29 11:23:28 === Open database OK.
[INF] 2019-07-29 11:23:28 === Execute SQL:select name, pcode, ccode, p_date, status from vw_packing where pcode = @pcode and status = 1 order by ccode
[INF] 2019-07-29 11:23:28 === 		Parameters:{ParamName:@pcode, DbType:AnsiString, Value:BNIDEC201972980002. }
[INF] 2019-07-29 11:27:11 === Create database NIDEC category:PostgreSQL
[INF] 2019-07-29 11:27:12 === Open database OK.
[INF] 2019-07-29 11:27:12 === Execute SQL:select user_id, user_name, pass, u_role from t_user where user_id = @user
[INF] 2019-07-29 11:27:12 === 		Parameters:{ParamName:@user, DbType:AnsiString, Value:20181115110. }
[INF] 2019-07-29 13:44:30 === Create database NIDEC category:PostgreSQL
[INF] 2019-07-29 13:44:32 === Open database OK.
[INF] 2019-07-29 13:44:32 === Execute SQL:select user_id, user_name, pass, u_role from t_user where user_id = @user
[INF] 2019-07-29 13:44:32 === 		Parameters:{ParamName:@user, DbType:AnsiString, Value:20181115110. }
[INF] 2019-07-29 15:13:34 === Create database NIDEC category:PostgreSQL
[INF] 2019-07-29 15:13:35 === Open database OK.
[INF] 2019-07-29 15:13:35 === Execute SQL:select user_id, user_name, pass, u_role from t_user where user_id = @user
[INF] 2019-07-29 15:13:35 === 		Parameters:{ParamName:@user, DbType:AnsiString, Value:20181115110. }
[INF] 2019-07-29 15:13:37 === Open database OK.
[INF] 2019-07-29 15:13:37 === Execute Function:fn_apply_no
[INF] 2019-07-29 15:13:37 === 		Parameters:{ParamName:@mode, DbType:AnsiString, Value:pack. },{ParamName:@vendor, DbType:AnsiString, Value:NIDEC. },{ParamName:@sitecode, DbType:AnsiString, Value:8. },{ParamName:@date, DbType:AnsiString, Value:2019729. }
[INF] 2019-07-29 15:13:37 === Open database OK.
[INF] 2019-07-29 15:13:37 === Execute SQL:insert into pnt_mng (pkg_id, pkg_type, act, pkg_date, pkg_qty, pkg_user, pkg_status, remark) values (@id, @type, @act, @date, @qty, @user, @status, @remark) Params:{ParamName:@id, DbType:AnsiString, Value:BNIDEC201972980004. },{ParamName:@type, DbType:AnsiString, Value:pack. },{ParamName:@act, DbType:AnsiString, Value:r. },{ParamName:@date, DbType:DateTime, Value:2019/7/29 15:13:37. },{ParamName:@qty, DbType:Int32, Value:1. },{ParamName:@user, DbType:AnsiString, Value:20181115110. },{ParamName:@status, DbType:Int32, Value:0. },{ParamName:@remark, DbType:AnsiString, Value:. }
[INF] 2019-07-29 15:15:52 === Create database NIDEC category:PostgreSQL
[INF] 2019-07-29 15:15:53 === Open database OK.
[INF] 2019-07-29 15:15:53 === Execute SQL:select user_id, user_name, pass, u_role from t_user where user_id = @user
[INF] 2019-07-29 15:15:53 === 		Parameters:{ParamName:@user, DbType:AnsiString, Value:20181115110. }
[INF] 2019-07-29 15:15:55 === Open database OK.
[INF] 2019-07-29 15:15:55 === Execute Function:fn_apply_no
[INF] 2019-07-29 15:15:55 === 		Parameters:{ParamName:@mode, DbType:AnsiString, Value:carton. },{ParamName:@vendor, DbType:AnsiString, Value:NIDEC. },{ParamName:@sitecode, DbType:AnsiString, Value:8. },{ParamName:@date, DbType:AnsiString, Value:2019729. }
[INF] 2019-07-29 15:15:55 === Open database OK.
[INF] 2019-07-29 15:15:55 === Execute SQL:insert into pnt_mng (pkg_id, pkg_type, act, pkg_date, pkg_qty, pkg_user, pkg_status, remark) values (@id, @type, @act, @date, @qty, @user, @status, @remark) Params:{ParamName:@id, DbType:AnsiString, Value:HNIDEC201972980001. },{ParamName:@type, DbType:AnsiString, Value:carton. },{ParamName:@act, DbType:AnsiString, Value:r. },{ParamName:@date, DbType:DateTime, Value:2019/7/29 15:15:55. },{ParamName:@qty, DbType:Int32, Value:1. },{ParamName:@user, DbType:AnsiString, Value:20181115110. },{ParamName:@status, DbType:Int32, Value:0. },{ParamName:@remark, DbType:AnsiString, Value:. }
[INF] 2019-07-29 15:28:58 === Create database NIDEC category:PostgreSQL
[INF] 2019-07-29 15:29:00 === Open database OK.
[INF] 2019-07-29 15:29:00 === Execute SQL:select user_id, user_name, pass, u_role from t_user where user_id = @user
[INF] 2019-07-29 15:29:00 === 		Parameters:{ParamName:@user, DbType:AnsiString, Value:20181115110. }
[INF] 2019-07-29 15:36:55 === Create database NIDEC category:PostgreSQL
[INF] 2019-07-29 15:37:04 === Create database NIDEC category:PostgreSQL
[INF] 2019-07-29 15:37:09 === Open database OK.
[INF] 2019-07-29 15:37:09 === Execute SQL:select user_id, user_name, pass, u_role from t_user where user_id = @user
[INF] 2019-07-29 15:37:09 === 		Parameters:{ParamName:@user, DbType:AnsiString, Value:20181115110. }
[INF] 2019-07-29 15:37:11 === Open database OK.
[INF] 2019-07-29 15:37:11 === Execute SQL:select user_id, user_name, pass, u_role from t_user where user_id = @user
[INF] 2019-07-29 15:37:11 === 		Parameters:{ParamName:@user, DbType:AnsiString, Value:20181115110. }
[INF] 2019-07-29 19:29:01 === Create database NIDEC category:PostgreSQL
[INF] 2019-07-29 19:29:06 === Open database OK.
[INF] 2019-07-29 19:29:06 === Execute SQL:select user_id, user_name, pass, u_role from t_user where user_id = @user
[INF] 2019-07-29 19:29:06 === 		Parameters:{ParamName:@user, DbType:AnsiString, Value:20181115110. }
