[INF] 2019-12-18 09:28:56 === Create database NIDEC category:PostgreSQL
[INF] 2019-12-18 09:29:02 === Open database OK.
[INF] 2019-12-18 09:29:02 === Execute SQL:select user_id, user_name, pass, u_role from t_user where user_id = @user
[INF] 2019-12-18 09:29:02 === 		Parameters:{ParamName:@user, DbType:AnsiString, Value:20181115110. }
[INF] 2019-12-18 09:33:27 === Open database OK.
[INF] 2019-12-18 09:33:27 === Execute SQL:select name, pcode, ccode, p_date, status from vw_packing where pcode = @pcode and status = 1 order by ccode
[INF] 2019-12-18 09:33:27 === 		Parameters:{ParamName:@pcode, DbType:AnsiString, Value:BNIDEC2019B2780005. }
[INF] 2019-12-18 09:33:36 === Open database OK.
[INF] 2019-12-18 09:33:36 === Execute SQL:select name, pcode, ccode, p_date, status from vw_packing where pcode = @pcode and status = 1 order by ccode
[INF] 2019-12-18 09:33:36 === 		Parameters:{ParamName:@pcode, DbType:AnsiString, Value:BNIDEC2019B2780005. }
[INF] 2019-12-18 09:34:01 === Open database OK.
[INF] 2019-12-18 09:34:01 === Execute SQL:select count(m.module_id) as qty from t_module m, pnt_pack p where p.tray_id = m.tray_id and p.pack_id = @code and p.status = 1
[INF] 2019-12-18 09:34:01 === 		Parameters:{ParamName:@code, DbType:AnsiString, Value:BNIDEC2019B2780005. }
[INF] 2019-12-18 09:34:01 === Open database OK.
[INF] 2019-12-18 09:34:01 === Execute SQL:select lot ,count(lot) as qty from t_module left join pnt_pack on t_module.tray_id = pnt_pack.tray_id where pack_id =  @code group by lot order by qty desc ,lot  limit 16
[INF] 2019-12-18 09:34:01 === 		Parameters:{ParamName:@code, DbType:AnsiString, Value:BNIDEC2019B2780005. }
[INF] 2019-12-18 09:34:01 === Open database OK.
[INF] 2019-12-18 09:34:01 === Execute SQL:select count(lot) as qty from t_module left join pnt_pack on t_module.tray_id = pnt_pack.tray_id where pack_id = @code 
[INF] 2019-12-18 09:34:01 === 		Parameters:{ParamName:@code, DbType:AnsiString, Value:BNIDEC2019B2780005. }
[INF] 2019-12-18 09:34:01 === Open database OK.
[INF] 2019-12-18 09:34:01 === Execute SQL:select lot ,count(lot) as qty from t_module left join pnt_pack on t_module.tray_id = pnt_pack.tray_id where pack_id =  @code group by lot order by qty desc ,lot  limit 16
[INF] 2019-12-18 09:34:01 === 		Parameters:{ParamName:@code, DbType:AnsiString, Value:BNIDEC2019B2780005. }
[INF] 2019-12-18 09:34:01 === Open database OK.
[INF] 2019-12-18 09:34:01 === Execute SQL:select count(lot) as qty from t_module left join pnt_pack on t_module.tray_id = pnt_pack.tray_id where pack_id = @code 
[INF] 2019-12-18 09:34:01 === 		Parameters:{ParamName:@code, DbType:AnsiString, Value:BNIDEC2019B2780005. }
[INF] 2019-12-18 09:34:25 === Open database OK.
[INF] 2019-12-18 09:34:25 === Execute SQL:insert into pnt_mng (pkg_id, pkg_type, act, pkg_date, pkg_qty, pkg_user, pkg_status) values (@id, @type, @act, @date, @qty, @user, @status) Params:{ParamName:@id, DbType:AnsiString, Value:BNIDEC2019B2780005. },{ParamName:@type, DbType:AnsiString, Value:pack. },{ParamName:@act, DbType:AnsiString, Value:r. },{ParamName:@date, DbType:DateTime, Value:2019/12/18 9:34:25. },{ParamName:@qty, DbType:Int32, Value:1. },{ParamName:@status, DbType:Int32, Value:1. },{ParamName:@user, DbType:AnsiString, Value:20181115110. }
[INF] 2019-12-18 09:34:53 === Open database OK.
[INF] 2019-12-18 09:34:53 === Execute SQL:select count(m.module_id) as qty from t_module m, pnt_pack p where p.tray_id = m.tray_id and p.pack_id = @code and p.status = 1
[INF] 2019-12-18 09:34:53 === 		Parameters:{ParamName:@code, DbType:AnsiString, Value:BNIDEC2019B2780005. }
[INF] 2019-12-18 09:34:53 === Open database OK.
[INF] 2019-12-18 09:34:53 === Execute SQL:select lot ,count(lot) as qty from t_module left join pnt_pack on t_module.tray_id = pnt_pack.tray_id where pack_id =  @code group by lot order by qty desc ,lot  limit 16
[INF] 2019-12-18 09:34:53 === 		Parameters:{ParamName:@code, DbType:AnsiString, Value:BNIDEC2019B2780005. }
[INF] 2019-12-18 09:34:53 === Open database OK.
[INF] 2019-12-18 09:34:53 === Execute SQL:select count(lot) as qty from t_module left join pnt_pack on t_module.tray_id = pnt_pack.tray_id where pack_id = @code 
[INF] 2019-12-18 09:34:53 === 		Parameters:{ParamName:@code, DbType:AnsiString, Value:BNIDEC2019B2780005. }
[INF] 2019-12-18 09:34:53 === Open database OK.
[INF] 2019-12-18 09:34:53 === Execute SQL:select lot ,count(lot) as qty from t_module left join pnt_pack on t_module.tray_id = pnt_pack.tray_id where pack_id =  @code group by lot order by qty desc ,lot  limit 16
[INF] 2019-12-18 09:34:53 === 		Parameters:{ParamName:@code, DbType:AnsiString, Value:BNIDEC2019B2780005. }
[INF] 2019-12-18 09:34:53 === Open database OK.
[INF] 2019-12-18 09:34:53 === Execute SQL:select count(lot) as qty from t_module left join pnt_pack on t_module.tray_id = pnt_pack.tray_id where pack_id = @code 
[INF] 2019-12-18 09:34:53 === 		Parameters:{ParamName:@code, DbType:AnsiString, Value:BNIDEC2019B2780005. }
[INF] 2019-12-18 09:34:58 === Open database OK.
[INF] 2019-12-18 09:34:58 === Execute SQL:insert into pnt_mng (pkg_id, pkg_type, act, pkg_date, pkg_qty, pkg_user, pkg_status) values (@id, @type, @act, @date, @qty, @user, @status) Params:{ParamName:@id, DbType:AnsiString, Value:BNIDEC2019B2780005. },{ParamName:@type, DbType:AnsiString, Value:pack. },{ParamName:@act, DbType:AnsiString, Value:r. },{ParamName:@date, DbType:DateTime, Value:2019/12/18 9:34:58. },{ParamName:@qty, DbType:Int32, Value:1. },{ParamName:@status, DbType:Int32, Value:1. },{ParamName:@user, DbType:AnsiString, Value:20181115110. }
[INF] 2019-12-18 09:41:20 === Create database NIDEC category:PostgreSQL
[INF] 2019-12-18 09:41:25 === Open database OK.
[INF] 2019-12-18 09:41:25 === Execute SQL:select user_id, user_name, pass, u_role from t_user where user_id = @user
[INF] 2019-12-18 09:41:25 === 		Parameters:{ParamName:@user, DbType:AnsiString, Value:20181115110. }
[INF] 2019-12-18 09:41:37 === Open database OK.
[INF] 2019-12-18 09:41:37 === Execute SQL:select name, pcode, ccode, p_date, status from vw_packing where pcode = @pcode and status = 1 order by ccode
[INF] 2019-12-18 09:41:37 === 		Parameters:{ParamName:@pcode, DbType:AnsiString, Value:HNIDEC2019B2780003. }
[INF] 2019-12-18 09:41:47 === Open database OK.
[INF] 2019-12-18 09:41:47 === Execute SQL:select name, pcode, ccode, p_date, status from vw_packing where pcode = @pcode and status = 1 order by ccode
[INF] 2019-12-18 09:41:47 === 		Parameters:{ParamName:@pcode, DbType:AnsiString, Value:HNIDEC2019B2780003. }
[INF] 2019-12-18 09:41:49 === Open database OK.
[INF] 2019-12-18 09:41:49 === Execute SQL:select count(m.module_id) as qty from t_module m, pnt_pack p, pnt_carton c where c.pack_id = p.pack_id and p.tray_id = m.tray_id and c.carton_id = @code and (p.status = 1 and c.status = 1)
[INF] 2019-12-18 09:41:49 === 		Parameters:{ParamName:@code, DbType:AnsiString, Value:HNIDEC2019B2780003. }
[INF] 2019-12-18 09:41:50 === Open database OK.
[INF] 2019-12-18 09:41:50 === Execute SQL:select lot ,count(lot) as qty from t_module left join pnt_pack on t_module.tray_id = pnt_pack.tray_id left join pnt_carton on pnt_pack.pack_id = pnt_carton.pack_id where carton_id =  @code group by lot order by qty desc ,lot  limit 16
[INF] 2019-12-18 09:41:50 === 		Parameters:{ParamName:@code, DbType:AnsiString, Value:HNIDEC2019B2780003. }
[INF] 2019-12-18 09:41:50 === Open database OK.
[INF] 2019-12-18 09:41:50 === Execute SQL:select count(lot) as qty from t_module left join pnt_pack on t_module.tray_id = pnt_pack.tray_id left join pnt_carton on pnt_pack.pack_id = pnt_carton.pack_id where carton_id =  @code 
[INF] 2019-12-18 09:41:50 === 		Parameters:{ParamName:@code, DbType:AnsiString, Value:HNIDEC2019B2780003. }
[INF] 2019-12-18 09:41:50 === Open database OK.
[INF] 2019-12-18 09:41:50 === Execute SQL:select lot ,count(lot) as qty from t_module left join pnt_pack on t_module.tray_id = pnt_pack.tray_id left join pnt_carton on pnt_pack.pack_id = pnt_carton.pack_id where carton_id =  @code group by lot order by qty desc ,lot  limit 16
[INF] 2019-12-18 09:41:50 === 		Parameters:{ParamName:@code, DbType:AnsiString, Value:HNIDEC2019B2780003. }
[INF] 2019-12-18 09:41:50 === Open database OK.
[INF] 2019-12-18 09:41:50 === Execute SQL:select count(lot) as qty from t_module left join pnt_pack on t_module.tray_id = pnt_pack.tray_id left join pnt_carton on pnt_pack.pack_id = pnt_carton.pack_id where carton_id =  @code 
[INF] 2019-12-18 09:41:50 === 		Parameters:{ParamName:@code, DbType:AnsiString, Value:HNIDEC2019B2780003. }
[INF] 2019-12-18 09:42:14 === Create database NIDEC category:PostgreSQL
