[INF] 2019-11-26 16:15:20 === Create database NIDEC category:PostgreSQL
[INF] 2019-11-26 16:15:30 === Create database NIDEC category:PostgreSQL
[INF] 2019-11-26 16:15:31 === Open database OK.
[INF] 2019-11-26 16:15:31 === Execute SQL:select user_id, user_name, pass, u_role from t_user where user_id = @user
[INF] 2019-11-26 16:15:31 === 		Parameters:{ParamName:@user, DbType:AnsiString, Value:20181115110. }
[INF] 2019-11-26 16:16:01 === Open database OK.
[INF] 2019-11-26 16:16:01 === Execute SQL:select name, pcode, ccode, p_date, status from vw_packing where pcode = @pcode and status = 1 order by ccode
[INF] 2019-11-26 16:16:01 === 		Parameters:{ParamName:@pcode, DbType:AnsiString, Value:BNIDEC201980780008. }
[INF] 2019-11-26 16:16:13 === Open database OK.
[INF] 2019-11-26 16:16:13 === Execute SQL:select name, pcode, ccode, p_date, status from vw_packing where pcode = @pcode and status = 1 order by ccode
[INF] 2019-11-26 16:16:13 === 		Parameters:{ParamName:@pcode, DbType:AnsiString, Value:BNIDEC201980780008. }
[INF] 2019-11-26 16:16:28 === Open database OK.
[INF] 2019-11-26 16:16:28 === Execute SQL:select count(m.module_id) as qty from t_module m, pnt_pack p where p.tray_id = m.tray_id and p.pack_id = @code and p.status = 1
[INF] 2019-11-26 16:16:28 === 		Parameters:{ParamName:@code, DbType:AnsiString, Value:BNIDEC201980780008. }
[INF] 2019-11-26 16:16:28 === Open database OK.
[INF] 2019-11-26 16:16:28 === Execute SQL:select lot ,count(lot) as qty from t_module left join pnt_pack on t_module.tray_id = pnt_pack.tray_id where pack_id =  @code group by lot order by qty desc ,lot  limit 16
[INF] 2019-11-26 16:16:28 === 		Parameters:{ParamName:@code, DbType:AnsiString, Value:BNIDEC201980780008. }
[INF] 2019-11-26 16:16:28 === Open database OK.
[INF] 2019-11-26 16:16:28 === Execute SQL:select count(lot) as qty from t_module left join pnt_pack on t_module.tray_id = pnt_pack.tray_id where pack_id = @code 
[INF] 2019-11-26 16:16:28 === 		Parameters:{ParamName:@code, DbType:AnsiString, Value:BNIDEC201980780008. }
[INF] 2019-11-26 16:16:28 === Open database OK.
[INF] 2019-11-26 16:16:28 === Execute SQL:select lot ,count(lot) as qty from t_module left join pnt_pack on t_module.tray_id = pnt_pack.tray_id where pack_id =  @code group by lot order by qty desc ,lot  limit 16
[INF] 2019-11-26 16:16:28 === 		Parameters:{ParamName:@code, DbType:AnsiString, Value:BNIDEC201980780008. }
[INF] 2019-11-26 16:16:28 === Open database OK.
[INF] 2019-11-26 16:16:28 === Execute SQL:select count(lot) as qty from t_module left join pnt_pack on t_module.tray_id = pnt_pack.tray_id where pack_id = @code 
[INF] 2019-11-26 16:16:28 === 		Parameters:{ParamName:@code, DbType:AnsiString, Value:BNIDEC201980780008. }
[INF] 2019-11-26 16:16:40 === Open database OK.
[INF] 2019-11-26 16:16:40 === Execute SQL:insert into pnt_mng (pkg_id, pkg_type, act, pkg_date, pkg_qty, pkg_user, pkg_status) values (@id, @type, @act, @date, @qty, @user, @status) Params:{ParamName:@id, DbType:AnsiString, Value:BNIDEC201980780008. },{ParamName:@type, DbType:AnsiString, Value:pack. },{ParamName:@act, DbType:AnsiString, Value:r. },{ParamName:@date, DbType:DateTime, Value:2019/11/26 16:16:40. },{ParamName:@qty, DbType:Int32, Value:1. },{ParamName:@status, DbType:Int32, Value:1. },{ParamName:@user, DbType:AnsiString, Value:20181115110. }
[INF] 2019-11-26 16:17:02 === Open database OK.
[INF] 2019-11-26 16:17:02 === Execute SQL:select count(m.module_id) as qty from t_module m, pnt_pack p where p.tray_id = m.tray_id and p.pack_id = @code and p.status = 1
[INF] 2019-11-26 16:17:02 === 		Parameters:{ParamName:@code, DbType:AnsiString, Value:BNIDEC201980780008. }
[INF] 2019-11-26 16:17:02 === Open database OK.
[INF] 2019-11-26 16:17:02 === Execute SQL:select lot ,count(lot) as qty from t_module left join pnt_pack on t_module.tray_id = pnt_pack.tray_id where pack_id =  @code group by lot order by qty desc ,lot  limit 16
[INF] 2019-11-26 16:17:02 === 		Parameters:{ParamName:@code, DbType:AnsiString, Value:BNIDEC201980780008. }
[INF] 2019-11-26 16:17:02 === Open database OK.
[INF] 2019-11-26 16:17:02 === Execute SQL:select count(lot) as qty from t_module left join pnt_pack on t_module.tray_id = pnt_pack.tray_id where pack_id = @code 
[INF] 2019-11-26 16:17:02 === 		Parameters:{ParamName:@code, DbType:AnsiString, Value:BNIDEC201980780008. }
[INF] 2019-11-26 16:17:02 === Open database OK.
[INF] 2019-11-26 16:17:02 === Execute SQL:select lot ,count(lot) as qty from t_module left join pnt_pack on t_module.tray_id = pnt_pack.tray_id where pack_id =  @code group by lot order by qty desc ,lot  limit 16
[INF] 2019-11-26 16:17:02 === 		Parameters:{ParamName:@code, DbType:AnsiString, Value:BNIDEC201980780008. }
[INF] 2019-11-26 16:17:02 === Open database OK.
[INF] 2019-11-26 16:17:02 === Execute SQL:select count(lot) as qty from t_module left join pnt_pack on t_module.tray_id = pnt_pack.tray_id where pack_id = @code 
[INF] 2019-11-26 16:17:02 === 		Parameters:{ParamName:@code, DbType:AnsiString, Value:BNIDEC201980780008. }
[INF] 2019-11-26 16:17:07 === Open database OK.
[INF] 2019-11-26 16:17:07 === Execute SQL:insert into pnt_mng (pkg_id, pkg_type, act, pkg_date, pkg_qty, pkg_user, pkg_status) values (@id, @type, @act, @date, @qty, @user, @status) Params:{ParamName:@id, DbType:AnsiString, Value:BNIDEC201980780008. },{ParamName:@type, DbType:AnsiString, Value:pack. },{ParamName:@act, DbType:AnsiString, Value:r. },{ParamName:@date, DbType:DateTime, Value:2019/11/26 16:17:07. },{ParamName:@qty, DbType:Int32, Value:1. },{ParamName:@status, DbType:Int32, Value:1. },{ParamName:@user, DbType:AnsiString, Value:20181115110. }
[INF] 2019-11-26 16:30:37 === Create database NIDEC category:PostgreSQL
[INF] 2019-11-26 16:30:38 === Open database OK.
[INF] 2019-11-26 16:30:38 === Execute SQL:select user_id, user_name, pass, u_role from t_user where user_id = @user
[INF] 2019-11-26 16:30:38 === 		Parameters:{ParamName:@user, DbType:AnsiString, Value:20181115110. }
[INF] 2019-11-26 16:31:04 === Create database NIDEC category:PostgreSQL
[INF] 2019-11-26 16:31:05 === Open database OK.
[INF] 2019-11-26 16:31:05 === Execute SQL:select user_id, user_name, pass, u_role from t_user where user_id = @user
[INF] 2019-11-26 16:31:05 === 		Parameters:{ParamName:@user, DbType:AnsiString, Value:20181115110. }
[INF] 2019-11-26 16:31:23 === Create database NIDEC category:PostgreSQL
[INF] 2019-11-26 16:31:23 === Open database OK.
[INF] 2019-11-26 16:31:23 === Execute SQL:select user_id, user_name, pass, u_role from t_user where user_id = @user
[INF] 2019-11-26 16:31:23 === 		Parameters:{ParamName:@user, DbType:AnsiString, Value:20181115110. }
[INF] 2019-11-26 16:31:31 === Open database OK.
[INF] 2019-11-26 16:31:31 === Execute SQL:select name, pcode, ccode, p_date, status from vw_packing where pcode = @pcode and status = 1 order by ccode
[INF] 2019-11-26 16:31:31 === 		Parameters:{ParamName:@pcode, DbType:AnsiString, Value:BNIDEC201980780008. }
[INF] 2019-11-26 16:31:36 === Open database OK.
[INF] 2019-11-26 16:31:36 === Execute SQL:select count(m.module_id) as qty from t_module m, pnt_pack p where p.tray_id = m.tray_id and p.pack_id = @code and p.status = 1
[INF] 2019-11-26 16:31:36 === 		Parameters:{ParamName:@code, DbType:AnsiString, Value:BNIDEC201980780008. }
[INF] 2019-11-26 16:31:36 === Open database OK.
[INF] 2019-11-26 16:31:36 === Execute SQL:select lot ,count(lot) as qty from t_module left join pnt_pack on t_module.tray_id = pnt_pack.tray_id where pack_id =  @code group by lot order by qty desc ,lot  limit 16
[INF] 2019-11-26 16:31:36 === 		Parameters:{ParamName:@code, DbType:AnsiString, Value:BNIDEC201980780008. }
[INF] 2019-11-26 16:31:36 === Open database OK.
[INF] 2019-11-26 16:31:36 === Execute SQL:select count(lot) as qty from t_module left join pnt_pack on t_module.tray_id = pnt_pack.tray_id where pack_id = @code 
[INF] 2019-11-26 16:31:36 === 		Parameters:{ParamName:@code, DbType:AnsiString, Value:BNIDEC201980780008. }
[INF] 2019-11-26 16:31:36 === Open database OK.
[INF] 2019-11-26 16:31:36 === Execute SQL:select lot ,count(lot) as qty from t_module left join pnt_pack on t_module.tray_id = pnt_pack.tray_id where pack_id =  @code group by lot order by qty desc ,lot  limit 16
[INF] 2019-11-26 16:31:36 === 		Parameters:{ParamName:@code, DbType:AnsiString, Value:BNIDEC201980780008. }
[INF] 2019-11-26 16:31:36 === Open database OK.
[INF] 2019-11-26 16:31:36 === Execute SQL:select count(lot) as qty from t_module left join pnt_pack on t_module.tray_id = pnt_pack.tray_id where pack_id = @code 
[INF] 2019-11-26 16:31:36 === 		Parameters:{ParamName:@code, DbType:AnsiString, Value:BNIDEC201980780008. }
[INF] 2019-11-26 16:31:42 === Open database OK.
[INF] 2019-11-26 16:31:42 === Execute SQL:insert into pnt_mng (pkg_id, pkg_type, act, pkg_date, pkg_qty, pkg_user, pkg_status) values (@id, @type, @act, @date, @qty, @user, @status) Params:{ParamName:@id, DbType:AnsiString, Value:BNIDEC201980780008. },{ParamName:@type, DbType:AnsiString, Value:pack. },{ParamName:@act, DbType:AnsiString, Value:r. },{ParamName:@date, DbType:DateTime, Value:2019/11/26 16:31:42. },{ParamName:@qty, DbType:Int32, Value:1. },{ParamName:@status, DbType:Int32, Value:1. },{ParamName:@user, DbType:AnsiString, Value:20181115110. }
[INF] 2019-11-26 16:46:08 === Create database NIDEC category:PostgreSQL
[INF] 2019-11-26 16:46:09 === Open database OK.
[INF] 2019-11-26 16:46:09 === Execute SQL:select user_id, user_name, pass, u_role from t_user where user_id = @user
[INF] 2019-11-26 16:46:09 === 		Parameters:{ParamName:@user, DbType:AnsiString, Value:20181115110. }
[INF] 2019-11-26 16:46:15 === Open database OK.
[INF] 2019-11-26 16:46:15 === Execute SQL:select name, pcode, ccode, p_date, status from vw_packing where pcode = @pcode and status = 1 order by ccode
[INF] 2019-11-26 16:46:16 === 		Parameters:{ParamName:@pcode, DbType:AnsiString, Value:BNIDEC201980780008. }
[INF] 2019-11-26 16:46:20 === Open database OK.
[INF] 2019-11-26 16:46:20 === Execute SQL:select count(m.module_id) as qty from t_module m, pnt_pack p where p.tray_id = m.tray_id and p.pack_id = @code and p.status = 1
[INF] 2019-11-26 16:46:20 === 		Parameters:{ParamName:@code, DbType:AnsiString, Value:BNIDEC201980780008. }
[INF] 2019-11-26 16:46:20 === Open database OK.
[INF] 2019-11-26 16:46:20 === Execute SQL:select lot ,count(lot) as qty from t_module left join pnt_pack on t_module.tray_id = pnt_pack.tray_id where pack_id =  @code group by lot order by qty desc ,lot  limit 16
[INF] 2019-11-26 16:46:20 === 		Parameters:{ParamName:@code, DbType:AnsiString, Value:BNIDEC201980780008. }
[INF] 2019-11-26 16:46:20 === Open database OK.
[INF] 2019-11-26 16:46:20 === Execute SQL:select count(lot) as qty from t_module left join pnt_pack on t_module.tray_id = pnt_pack.tray_id where pack_id = @code 
[INF] 2019-11-26 16:46:20 === 		Parameters:{ParamName:@code, DbType:AnsiString, Value:BNIDEC201980780008. }
[INF] 2019-11-26 16:46:20 === Open database OK.
[INF] 2019-11-26 16:46:20 === Execute SQL:select lot ,count(lot) as qty from t_module left join pnt_pack on t_module.tray_id = pnt_pack.tray_id where pack_id =  @code group by lot order by qty desc ,lot  limit 16
[INF] 2019-11-26 16:46:20 === 		Parameters:{ParamName:@code, DbType:AnsiString, Value:BNIDEC201980780008. }
[INF] 2019-11-26 16:46:20 === Open database OK.
[INF] 2019-11-26 16:46:20 === Execute SQL:select count(lot) as qty from t_module left join pnt_pack on t_module.tray_id = pnt_pack.tray_id where pack_id = @code 
[INF] 2019-11-26 16:46:20 === 		Parameters:{ParamName:@code, DbType:AnsiString, Value:BNIDEC201980780008. }
[INF] 2019-11-26 16:46:27 === Open database OK.
[INF] 2019-11-26 16:46:27 === Execute SQL:insert into pnt_mng (pkg_id, pkg_type, act, pkg_date, pkg_qty, pkg_user, pkg_status) values (@id, @type, @act, @date, @qty, @user, @status) Params:{ParamName:@id, DbType:AnsiString, Value:BNIDEC201980780008. },{ParamName:@type, DbType:AnsiString, Value:pack. },{ParamName:@act, DbType:AnsiString, Value:r. },{ParamName:@date, DbType:DateTime, Value:2019/11/26 16:46:27. },{ParamName:@qty, DbType:Int32, Value:1. },{ParamName:@status, DbType:Int32, Value:1. },{ParamName:@user, DbType:AnsiString, Value:20181115110. }
[INF] 2019-11-26 16:51:59 === Create database NIDEC category:PostgreSQL
[INF] 2019-11-26 16:52:00 === Open database OK.
[INF] 2019-11-26 16:52:00 === Execute SQL:select user_id, user_name, pass, u_role from t_user where user_id = @user
[INF] 2019-11-26 16:52:00 === 		Parameters:{ParamName:@user, DbType:AnsiString, Value:20181115110. }
[INF] 2019-11-26 16:52:07 === Open database OK.
[INF] 2019-11-26 16:52:07 === Execute SQL:select name, pcode, ccode, p_date, status from vw_packing where pcode = @pcode and status = 1 order by ccode
[INF] 2019-11-26 16:52:07 === 		Parameters:{ParamName:@pcode, DbType:AnsiString, Value:BNIDEC201980780008. }
[INF] 2019-11-26 16:52:10 === Open database OK.
[INF] 2019-11-26 16:52:10 === Execute SQL:select count(m.module_id) as qty from t_module m, pnt_pack p where p.tray_id = m.tray_id and p.pack_id = @code and p.status = 1
[INF] 2019-11-26 16:52:10 === 		Parameters:{ParamName:@code, DbType:AnsiString, Value:BNIDEC201980780008. }
[INF] 2019-11-26 16:52:10 === Open database OK.
[INF] 2019-11-26 16:52:10 === Execute SQL:select lot ,count(lot) as qty from t_module left join pnt_pack on t_module.tray_id = pnt_pack.tray_id where pack_id =  @code group by lot order by qty desc ,lot  limit 16
[INF] 2019-11-26 16:52:10 === 		Parameters:{ParamName:@code, DbType:AnsiString, Value:BNIDEC201980780008. }
[INF] 2019-11-26 16:52:10 === Open database OK.
[INF] 2019-11-26 16:52:10 === Execute SQL:select count(lot) as qty from t_module left join pnt_pack on t_module.tray_id = pnt_pack.tray_id where pack_id = @code 
[INF] 2019-11-26 16:52:10 === 		Parameters:{ParamName:@code, DbType:AnsiString, Value:BNIDEC201980780008. }
[INF] 2019-11-26 16:52:10 === Open database OK.
[INF] 2019-11-26 16:52:10 === Execute SQL:select lot ,count(lot) as qty from t_module left join pnt_pack on t_module.tray_id = pnt_pack.tray_id where pack_id =  @code group by lot order by qty desc ,lot  limit 16
[INF] 2019-11-26 16:52:10 === 		Parameters:{ParamName:@code, DbType:AnsiString, Value:BNIDEC201980780008. }
[INF] 2019-11-26 16:52:10 === Open database OK.
[INF] 2019-11-26 16:52:10 === Execute SQL:select count(lot) as qty from t_module left join pnt_pack on t_module.tray_id = pnt_pack.tray_id where pack_id = @code 
[INF] 2019-11-26 16:52:10 === 		Parameters:{ParamName:@code, DbType:AnsiString, Value:BNIDEC201980780008. }
[INF] 2019-11-26 16:52:15 === Open database OK.
[INF] 2019-11-26 16:52:15 === Execute SQL:insert into pnt_mng (pkg_id, pkg_type, act, pkg_date, pkg_qty, pkg_user, pkg_status) values (@id, @type, @act, @date, @qty, @user, @status) Params:{ParamName:@id, DbType:AnsiString, Value:BNIDEC201980780008. },{ParamName:@type, DbType:AnsiString, Value:pack. },{ParamName:@act, DbType:AnsiString, Value:r. },{ParamName:@date, DbType:DateTime, Value:2019/11/26 16:52:15. },{ParamName:@qty, DbType:Int32, Value:1. },{ParamName:@status, DbType:Int32, Value:1. },{ParamName:@user, DbType:AnsiString, Value:20181115110. }
[INF] 2019-11-26 16:53:14 === Create database NIDEC category:PostgreSQL
[INF] 2019-11-26 16:53:16 === Open database OK.
[INF] 2019-11-26 16:53:16 === Execute SQL:select user_id, user_name, pass, u_role from t_user where user_id = @user
[INF] 2019-11-26 16:53:16 === 		Parameters:{ParamName:@user, DbType:AnsiString, Value:20181115110. }
[INF] 2019-11-26 16:53:20 === Open database OK.
[INF] 2019-11-26 16:53:20 === Execute SQL:select name, pcode, ccode, p_date, status from vw_packing where pcode = @pcode and status = 1 order by ccode
[INF] 2019-11-26 16:53:20 === 		Parameters:{ParamName:@pcode, DbType:AnsiString, Value:BNIDEC201980780008. }
[INF] 2019-11-26 16:53:22 === Open database OK.
[INF] 2019-11-26 16:53:22 === Execute SQL:select count(m.module_id) as qty from t_module m, pnt_pack p where p.tray_id = m.tray_id and p.pack_id = @code and p.status = 1
[INF] 2019-11-26 16:53:22 === 		Parameters:{ParamName:@code, DbType:AnsiString, Value:BNIDEC201980780008. }
[INF] 2019-11-26 16:53:22 === Open database OK.
[INF] 2019-11-26 16:53:22 === Execute SQL:select lot ,count(lot) as qty from t_module left join pnt_pack on t_module.tray_id = pnt_pack.tray_id where pack_id =  @code group by lot order by qty desc ,lot  limit 16
[INF] 2019-11-26 16:53:22 === 		Parameters:{ParamName:@code, DbType:AnsiString, Value:BNIDEC201980780008. }
[INF] 2019-11-26 16:53:22 === Open database OK.
[INF] 2019-11-26 16:53:22 === Execute SQL:select count(lot) as qty from t_module left join pnt_pack on t_module.tray_id = pnt_pack.tray_id where pack_id = @code 
[INF] 2019-11-26 16:53:22 === 		Parameters:{ParamName:@code, DbType:AnsiString, Value:BNIDEC201980780008. }
[INF] 2019-11-26 16:53:22 === Open database OK.
[INF] 2019-11-26 16:53:23 === Execute SQL:select lot ,count(lot) as qty from t_module left join pnt_pack on t_module.tray_id = pnt_pack.tray_id where pack_id =  @code group by lot order by qty desc ,lot  limit 16
[INF] 2019-11-26 16:53:23 === 		Parameters:{ParamName:@code, DbType:AnsiString, Value:BNIDEC201980780008. }
[INF] 2019-11-26 16:53:23 === Open database OK.
[INF] 2019-11-26 16:53:23 === Execute SQL:select count(lot) as qty from t_module left join pnt_pack on t_module.tray_id = pnt_pack.tray_id where pack_id = @code 
[INF] 2019-11-26 16:53:23 === 		Parameters:{ParamName:@code, DbType:AnsiString, Value:BNIDEC201980780008. }
[INF] 2019-11-26 16:53:29 === Open database OK.
[INF] 2019-11-26 16:53:29 === Execute SQL:insert into pnt_mng (pkg_id, pkg_type, act, pkg_date, pkg_qty, pkg_user, pkg_status) values (@id, @type, @act, @date, @qty, @user, @status) Params:{ParamName:@id, DbType:AnsiString, Value:BNIDEC201980780008. },{ParamName:@type, DbType:AnsiString, Value:pack. },{ParamName:@act, DbType:AnsiString, Value:r. },{ParamName:@date, DbType:DateTime, Value:2019/11/26 16:53:29. },{ParamName:@qty, DbType:Int32, Value:1. },{ParamName:@status, DbType:Int32, Value:1. },{ParamName:@user, DbType:AnsiString, Value:20181115110. }
[INF] 2019-11-26 16:54:22 === Create database NIDEC category:PostgreSQL
[INF] 2019-11-26 16:54:23 === Open database OK.
[INF] 2019-11-26 16:54:23 === Execute SQL:select user_id, user_name, pass, u_role from t_user where user_id = @user
[INF] 2019-11-26 16:54:23 === 		Parameters:{ParamName:@user, DbType:AnsiString, Value:20181115110. }
[INF] 2019-11-26 16:54:25 === Open database OK.
[INF] 2019-11-26 16:54:25 === Execute SQL:select name, pcode, ccode, p_date, status from vw_packing where pcode = @pcode and status = 1 order by ccode
[INF] 2019-11-26 16:54:25 === 		Parameters:{ParamName:@pcode, DbType:AnsiString, Value:BNIDEC201980780008. }
[INF] 2019-11-26 16:54:27 === Open database OK.
[INF] 2019-11-26 16:54:28 === Execute SQL:select count(m.module_id) as qty from t_module m, pnt_pack p where p.tray_id = m.tray_id and p.pack_id = @code and p.status = 1
[INF] 2019-11-26 16:54:28 === 		Parameters:{ParamName:@code, DbType:AnsiString, Value:BNIDEC201980780008. }
[INF] 2019-11-26 16:54:28 === Open database OK.
[INF] 2019-11-26 16:54:28 === Execute SQL:select lot ,count(lot) as qty from t_module left join pnt_pack on t_module.tray_id = pnt_pack.tray_id where pack_id =  @code group by lot order by qty desc ,lot  limit 16
[INF] 2019-11-26 16:54:28 === 		Parameters:{ParamName:@code, DbType:AnsiString, Value:BNIDEC201980780008. }
[INF] 2019-11-26 16:54:28 === Open database OK.
[INF] 2019-11-26 16:54:28 === Execute SQL:select count(lot) as qty from t_module left join pnt_pack on t_module.tray_id = pnt_pack.tray_id where pack_id = @code 
[INF] 2019-11-26 16:54:28 === 		Parameters:{ParamName:@code, DbType:AnsiString, Value:BNIDEC201980780008. }
[INF] 2019-11-26 16:54:28 === Open database OK.
[INF] 2019-11-26 16:54:28 === Execute SQL:select lot ,count(lot) as qty from t_module left join pnt_pack on t_module.tray_id = pnt_pack.tray_id where pack_id =  @code group by lot order by qty desc ,lot  limit 16
[INF] 2019-11-26 16:54:28 === 		Parameters:{ParamName:@code, DbType:AnsiString, Value:BNIDEC201980780008. }
[INF] 2019-11-26 16:54:28 === Open database OK.
[INF] 2019-11-26 16:54:28 === Execute SQL:select count(lot) as qty from t_module left join pnt_pack on t_module.tray_id = pnt_pack.tray_id where pack_id = @code 
[INF] 2019-11-26 16:54:28 === 		Parameters:{ParamName:@code, DbType:AnsiString, Value:BNIDEC201980780008. }
[INF] 2019-11-26 16:54:33 === Open database OK.
[INF] 2019-11-26 16:54:33 === Execute SQL:insert into pnt_mng (pkg_id, pkg_type, act, pkg_date, pkg_qty, pkg_user, pkg_status) values (@id, @type, @act, @date, @qty, @user, @status) Params:{ParamName:@id, DbType:AnsiString, Value:BNIDEC201980780008. },{ParamName:@type, DbType:AnsiString, Value:pack. },{ParamName:@act, DbType:AnsiString, Value:r. },{ParamName:@date, DbType:DateTime, Value:2019/11/26 16:54:33. },{ParamName:@qty, DbType:Int32, Value:1. },{ParamName:@status, DbType:Int32, Value:1. },{ParamName:@user, DbType:AnsiString, Value:20181115110. }
[INF] 2019-11-26 18:25:52 === Create database NIDEC category:PostgreSQL
[INF] 2019-11-26 18:25:53 === Open database OK.
[INF] 2019-11-26 18:25:53 === Execute SQL:select user_id, user_name, pass, u_role from t_user where user_id = @user
[INF] 2019-11-26 18:25:53 === 		Parameters:{ParamName:@user, DbType:AnsiString, Value:20181115110. }
[INF] 2019-11-26 18:25:55 === Open database OK.
[INF] 2019-11-26 18:25:55 === Execute SQL:select name, pcode, ccode, p_date, status from vw_packing where pcode = @pcode and status = 1 order by ccode
[INF] 2019-11-26 18:25:55 === 		Parameters:{ParamName:@pcode, DbType:AnsiString, Value:BNIDEC201980780008. }
[INF] 2019-11-26 18:25:57 === Open database OK.
[INF] 2019-11-26 18:25:57 === Execute SQL:select count(m.module_id) as qty from t_module m, pnt_pack p where p.tray_id = m.tray_id and p.pack_id = @code and p.status = 1
[INF] 2019-11-26 18:25:57 === 		Parameters:{ParamName:@code, DbType:AnsiString, Value:BNIDEC201980780008. }
[INF] 2019-11-26 18:29:29 === Create database NIDEC category:PostgreSQL
[INF] 2019-11-26 18:29:30 === Open database OK.
[INF] 2019-11-26 18:29:30 === Execute SQL:select user_id, user_name, pass, u_role from t_user where user_id = @user
[INF] 2019-11-26 18:29:30 === 		Parameters:{ParamName:@user, DbType:AnsiString, Value:20181115110. }
[INF] 2019-11-26 18:29:39 === Open database OK.
[INF] 2019-11-26 18:29:39 === Execute SQL:select name, pcode, ccode, p_date, status from vw_packing where pcode = @pcode and status = 1 order by ccode
[INF] 2019-11-26 18:29:39 === 		Parameters:{ParamName:@pcode, DbType:AnsiString, Value:BNIDEC201980780008. }
[INF] 2019-11-26 18:29:41 === Open database OK.
[INF] 2019-11-26 18:29:41 === Execute SQL:select count(m.module_id) as qty from t_module m, pnt_pack p where p.tray_id = m.tray_id and p.pack_id = @code and p.status = 1
[INF] 2019-11-26 18:29:41 === 		Parameters:{ParamName:@code, DbType:AnsiString, Value:BNIDEC201980780008. }
[INF] 2019-11-26 18:30:16 === Open database OK.
[INF] 2019-11-26 18:30:16 === Execute SQL:select lot ,count(lot) as qty from t_module left join pnt_pack on t_module.tray_id = pnt_pack.tray_id where pack_id =  @code group by lot order by qty desc ,lot  limit 16
[INF] 2019-11-26 18:30:16 === 		Parameters:{ParamName:@code, DbType:AnsiString, Value:BNIDEC201980780008. }
[INF] 2019-11-26 18:30:16 === Open database OK.
[INF] 2019-11-26 18:30:16 === Execute SQL:select count(lot) as qty from t_module left join pnt_pack on t_module.tray_id = pnt_pack.tray_id where pack_id = @code 
[INF] 2019-11-26 18:30:16 === 		Parameters:{ParamName:@code, DbType:AnsiString, Value:BNIDEC201980780008. }
[INF] 2019-11-26 18:31:16 === Open database OK.
[INF] 2019-11-26 18:31:16 === Execute SQL:select lot ,count(lot) as qty from t_module left join pnt_pack on t_module.tray_id = pnt_pack.tray_id where pack_id =  @code group by lot order by qty desc ,lot  limit 16
[INF] 2019-11-26 18:31:16 === 		Parameters:{ParamName:@code, DbType:AnsiString, Value:BNIDEC201980780008. }
[INF] 2019-11-26 18:31:16 === Open database OK.
[INF] 2019-11-26 18:31:16 === Execute SQL:select count(lot) as qty from t_module left join pnt_pack on t_module.tray_id = pnt_pack.tray_id where pack_id = @code 
[INF] 2019-11-26 18:31:16 === 		Parameters:{ParamName:@code, DbType:AnsiString, Value:BNIDEC201980780008. }
[INF] 2019-11-26 18:41:50 === Create database NIDEC category:PostgreSQL
[INF] 2019-11-26 18:41:57 === Create database NIDEC category:PostgreSQL
[INF] 2019-11-26 18:41:58 === Open database OK.
[INF] 2019-11-26 18:41:58 === Execute SQL:select user_id, user_name, pass, u_role from t_user where user_id = @user
[INF] 2019-11-26 18:41:58 === 		Parameters:{ParamName:@user, DbType:AnsiString, Value:20181115110. }
[INF] 2019-11-26 18:42:03 === Open database OK.
[INF] 2019-11-26 18:42:03 === Execute SQL:select name, pcode, ccode, p_date, status from vw_packing where pcode = @pcode and status = 1 order by ccode
[INF] 2019-11-26 18:42:03 === 		Parameters:{ParamName:@pcode, DbType:AnsiString, Value:BNIDEC201980780008. }
[INF] 2019-11-26 18:42:13 === Open database OK.
[INF] 2019-11-26 18:42:13 === Execute SQL:select count(m.module_id) as qty from t_module m, pnt_pack p where p.tray_id = m.tray_id and p.pack_id = @code and p.status = 1
[INF] 2019-11-26 18:42:13 === 		Parameters:{ParamName:@code, DbType:AnsiString, Value:BNIDEC201980780008. }
[INF] 2019-11-26 18:42:13 === Open database OK.
[INF] 2019-11-26 18:42:13 === Execute SQL:select lot ,count(lot) as qty from t_module left join pnt_pack on t_module.tray_id = pnt_pack.tray_id where pack_id =  @code group by lot order by qty desc ,lot  limit 16
[INF] 2019-11-26 18:42:13 === 		Parameters:{ParamName:@code, DbType:AnsiString, Value:BNIDEC201980780008. }
[INF] 2019-11-26 18:42:13 === Open database OK.
[INF] 2019-11-26 18:42:13 === Execute SQL:select count(lot) as qty from t_module left join pnt_pack on t_module.tray_id = pnt_pack.tray_id where pack_id = @code 
[INF] 2019-11-26 18:42:13 === 		Parameters:{ParamName:@code, DbType:AnsiString, Value:BNIDEC201980780008. }
[INF] 2019-11-26 18:42:13 === Open database OK.
[INF] 2019-11-26 18:42:13 === Execute SQL:select lot ,count(lot) as qty from t_module left join pnt_pack on t_module.tray_id = pnt_pack.tray_id where pack_id =  @code group by lot order by qty desc ,lot  limit 16
[INF] 2019-11-26 18:42:13 === 		Parameters:{ParamName:@code, DbType:AnsiString, Value:BNIDEC201980780008. }
[INF] 2019-11-26 18:42:13 === Open database OK.
[INF] 2019-11-26 18:42:13 === Execute SQL:select count(lot) as qty from t_module left join pnt_pack on t_module.tray_id = pnt_pack.tray_id where pack_id = @code 
[INF] 2019-11-26 18:42:13 === 		Parameters:{ParamName:@code, DbType:AnsiString, Value:BNIDEC201980780008. }
[INF] 2019-11-26 18:42:17 === Open database OK.
[INF] 2019-11-26 18:42:17 === Execute SQL:insert into pnt_mng (pkg_id, pkg_type, act, pkg_date, pkg_qty, pkg_user, pkg_status) values (@id, @type, @act, @date, @qty, @user, @status) Params:{ParamName:@id, DbType:AnsiString, Value:BNIDEC201980780008. },{ParamName:@type, DbType:AnsiString, Value:pack. },{ParamName:@act, DbType:AnsiString, Value:r. },{ParamName:@date, DbType:DateTime, Value:2019/11/26 18:42:17. },{ParamName:@qty, DbType:Int32, Value:1. },{ParamName:@status, DbType:Int32, Value:1. },{ParamName:@user, DbType:AnsiString, Value:20181115110. }
[INF] 2019-11-26 18:44:21 === Create database NIDEC category:PostgreSQL
[INF] 2019-11-26 18:44:22 === Open database OK.
[INF] 2019-11-26 18:44:22 === Execute SQL:select user_id, user_name, pass, u_role from t_user where user_id = @user
[INF] 2019-11-26 18:44:22 === 		Parameters:{ParamName:@user, DbType:AnsiString, Value:20181115110. }
[INF] 2019-11-26 18:44:25 === Open database OK.
[INF] 2019-11-26 18:44:25 === Execute SQL:select name, pcode, ccode, p_date, status from vw_packing where pcode = @pcode and status = 1 order by ccode
[INF] 2019-11-26 18:44:25 === 		Parameters:{ParamName:@pcode, DbType:AnsiString, Value:BNIDEC201980780008. }
[INF] 2019-11-26 18:44:27 === Open database OK.
[INF] 2019-11-26 18:44:27 === Execute SQL:select count(m.module_id) as qty from t_module m, pnt_pack p where p.tray_id = m.tray_id and p.pack_id = @code and p.status = 1
[INF] 2019-11-26 18:44:27 === 		Parameters:{ParamName:@code, DbType:AnsiString, Value:BNIDEC201980780008. }
[INF] 2019-11-26 18:44:27 === Open database OK.
[INF] 2019-11-26 18:44:27 === Execute SQL:select lot ,count(lot) as qty from t_module left join pnt_pack on t_module.tray_id = pnt_pack.tray_id where pack_id =  @code group by lot order by qty desc ,lot  limit 16
[INF] 2019-11-26 18:44:27 === 		Parameters:{ParamName:@code, DbType:AnsiString, Value:BNIDEC201980780008. }
[INF] 2019-11-26 18:44:27 === Open database OK.
[INF] 2019-11-26 18:44:27 === Execute SQL:select count(lot) as qty from t_module left join pnt_pack on t_module.tray_id = pnt_pack.tray_id where pack_id = @code 
[INF] 2019-11-26 18:44:27 === 		Parameters:{ParamName:@code, DbType:AnsiString, Value:BNIDEC201980780008. }
[INF] 2019-11-26 18:44:27 === Open database OK.
[INF] 2019-11-26 18:44:27 === Execute SQL:select lot ,count(lot) as qty from t_module left join pnt_pack on t_module.tray_id = pnt_pack.tray_id where pack_id =  @code group by lot order by qty desc ,lot  limit 16
[INF] 2019-11-26 18:44:27 === 		Parameters:{ParamName:@code, DbType:AnsiString, Value:BNIDEC201980780008. }
[INF] 2019-11-26 18:44:27 === Open database OK.
[INF] 2019-11-26 18:44:27 === Execute SQL:select count(lot) as qty from t_module left join pnt_pack on t_module.tray_id = pnt_pack.tray_id where pack_id = @code 
[INF] 2019-11-26 18:44:27 === 		Parameters:{ParamName:@code, DbType:AnsiString, Value:BNIDEC201980780008. }
[INF] 2019-11-26 18:44:32 === Open database OK.
[INF] 2019-11-26 18:44:32 === Execute SQL:insert into pnt_mng (pkg_id, pkg_type, act, pkg_date, pkg_qty, pkg_user, pkg_status) values (@id, @type, @act, @date, @qty, @user, @status) Params:{ParamName:@id, DbType:AnsiString, Value:BNIDEC201980780008. },{ParamName:@type, DbType:AnsiString, Value:pack. },{ParamName:@act, DbType:AnsiString, Value:r. },{ParamName:@date, DbType:DateTime, Value:2019/11/26 18:44:32. },{ParamName:@qty, DbType:Int32, Value:1. },{ParamName:@status, DbType:Int32, Value:1. },{ParamName:@user, DbType:AnsiString, Value:20181115110. }
[INF] 2019-11-26 18:52:11 === Create database NIDEC category:PostgreSQL
[INF] 2019-11-26 18:52:13 === Open database OK.
[INF] 2019-11-26 18:52:13 === Execute SQL:select user_id, user_name, pass, u_role from t_user where user_id = @user
[INF] 2019-11-26 18:52:13 === 		Parameters:{ParamName:@user, DbType:AnsiString, Value:20181115110. }
[INF] 2019-11-26 18:52:15 === Open database OK.
[INF] 2019-11-26 18:52:15 === Execute SQL:select name, pcode, ccode, p_date, status from vw_packing where pcode = @pcode and status = 1 order by ccode
[INF] 2019-11-26 18:52:15 === 		Parameters:{ParamName:@pcode, DbType:AnsiString, Value:BNIDEC201980780008. }
[INF] 2019-11-26 18:52:18 === Open database OK.
[INF] 2019-11-26 18:52:18 === Execute SQL:select count(m.module_id) as qty from t_module m, pnt_pack p where p.tray_id = m.tray_id and p.pack_id = @code and p.status = 1
[INF] 2019-11-26 18:52:18 === 		Parameters:{ParamName:@code, DbType:AnsiString, Value:BNIDEC201980780008. }
[INF] 2019-11-26 18:52:18 === Open database OK.
[INF] 2019-11-26 18:52:18 === Execute SQL:select lot ,count(lot) as qty from t_module left join pnt_pack on t_module.tray_id = pnt_pack.tray_id where pack_id =  @code group by lot order by qty desc ,lot  limit 16
[INF] 2019-11-26 18:52:18 === 		Parameters:{ParamName:@code, DbType:AnsiString, Value:BNIDEC201980780008. }
[INF] 2019-11-26 18:52:18 === Open database OK.
[INF] 2019-11-26 18:52:18 === Execute SQL:select count(lot) as qty from t_module left join pnt_pack on t_module.tray_id = pnt_pack.tray_id where pack_id = @code 
[INF] 2019-11-26 18:52:18 === 		Parameters:{ParamName:@code, DbType:AnsiString, Value:BNIDEC201980780008. }
[INF] 2019-11-26 18:52:18 === Open database OK.
[INF] 2019-11-26 18:52:18 === Execute SQL:select lot ,count(lot) as qty from t_module left join pnt_pack on t_module.tray_id = pnt_pack.tray_id where pack_id =  @code group by lot order by qty desc ,lot  limit 16
[INF] 2019-11-26 18:52:18 === 		Parameters:{ParamName:@code, DbType:AnsiString, Value:BNIDEC201980780008. }
[INF] 2019-11-26 18:52:18 === Open database OK.
[INF] 2019-11-26 18:52:18 === Execute SQL:select count(lot) as qty from t_module left join pnt_pack on t_module.tray_id = pnt_pack.tray_id where pack_id = @code 
[INF] 2019-11-26 18:52:18 === 		Parameters:{ParamName:@code, DbType:AnsiString, Value:BNIDEC201980780008. }
[INF] 2019-11-26 18:52:23 === Open database OK.
[INF] 2019-11-26 18:52:23 === Execute SQL:insert into pnt_mng (pkg_id, pkg_type, act, pkg_date, pkg_qty, pkg_user, pkg_status) values (@id, @type, @act, @date, @qty, @user, @status) Params:{ParamName:@id, DbType:AnsiString, Value:BNIDEC201980780008. },{ParamName:@type, DbType:AnsiString, Value:pack. },{ParamName:@act, DbType:AnsiString, Value:r. },{ParamName:@date, DbType:DateTime, Value:2019/11/26 18:52:23. },{ParamName:@qty, DbType:Int32, Value:1. },{ParamName:@status, DbType:Int32, Value:1. },{ParamName:@user, DbType:AnsiString, Value:20181115110. }
[INF] 2019-11-26 18:55:40 === Create database NIDEC category:PostgreSQL
[INF] 2019-11-26 18:55:41 === Open database OK.
[INF] 2019-11-26 18:55:41 === Execute SQL:select user_id, user_name, pass, u_role from t_user where user_id = @user
[INF] 2019-11-26 18:55:41 === 		Parameters:{ParamName:@user, DbType:AnsiString, Value:20181115110. }
[INF] 2019-11-26 18:55:44 === Open database OK.
[INF] 2019-11-26 18:55:44 === Execute SQL:select name, pcode, ccode, p_date, status from vw_packing where pcode = @pcode and status = 1 order by ccode
[INF] 2019-11-26 18:55:44 === 		Parameters:{ParamName:@pcode, DbType:AnsiString, Value:BNIDEC201980780008. }
[INF] 2019-11-26 18:55:48 === Open database OK.
[INF] 2019-11-26 18:55:48 === Execute SQL:select count(m.module_id) as qty from t_module m, pnt_pack p where p.tray_id = m.tray_id and p.pack_id = @code and p.status = 1
[INF] 2019-11-26 18:55:48 === 		Parameters:{ParamName:@code, DbType:AnsiString, Value:BNIDEC201980780008. }
[INF] 2019-11-26 18:55:48 === Open database OK.
[INF] 2019-11-26 18:55:48 === Execute SQL:select lot ,count(lot) as qty from t_module left join pnt_pack on t_module.tray_id = pnt_pack.tray_id where pack_id =  @code group by lot order by qty desc ,lot  limit 16
[INF] 2019-11-26 18:55:48 === 		Parameters:{ParamName:@code, DbType:AnsiString, Value:BNIDEC201980780008. }
[INF] 2019-11-26 18:55:48 === Open database OK.
[INF] 2019-11-26 18:55:48 === Execute SQL:select count(lot) as qty from t_module left join pnt_pack on t_module.tray_id = pnt_pack.tray_id where pack_id = @code 
[INF] 2019-11-26 18:55:48 === 		Parameters:{ParamName:@code, DbType:AnsiString, Value:BNIDEC201980780008. }
[INF] 2019-11-26 18:55:48 === Open database OK.
[INF] 2019-11-26 18:55:48 === Execute SQL:select lot ,count(lot) as qty from t_module left join pnt_pack on t_module.tray_id = pnt_pack.tray_id where pack_id =  @code group by lot order by qty desc ,lot  limit 16
[INF] 2019-11-26 18:55:48 === 		Parameters:{ParamName:@code, DbType:AnsiString, Value:BNIDEC201980780008. }
[INF] 2019-11-26 18:55:48 === Open database OK.
[INF] 2019-11-26 18:55:48 === Execute SQL:select count(lot) as qty from t_module left join pnt_pack on t_module.tray_id = pnt_pack.tray_id where pack_id = @code 
[INF] 2019-11-26 18:55:48 === 		Parameters:{ParamName:@code, DbType:AnsiString, Value:BNIDEC201980780008. }
[INF] 2019-11-26 18:55:54 === Open database OK.
[INF] 2019-11-26 18:55:54 === Execute SQL:insert into pnt_mng (pkg_id, pkg_type, act, pkg_date, pkg_qty, pkg_user, pkg_status) values (@id, @type, @act, @date, @qty, @user, @status) Params:{ParamName:@id, DbType:AnsiString, Value:BNIDEC201980780008. },{ParamName:@type, DbType:AnsiString, Value:pack. },{ParamName:@act, DbType:AnsiString, Value:r. },{ParamName:@date, DbType:DateTime, Value:2019/11/26 18:55:54. },{ParamName:@qty, DbType:Int32, Value:1. },{ParamName:@status, DbType:Int32, Value:1. },{ParamName:@user, DbType:AnsiString, Value:20181115110. }
[INF] 2019-11-26 18:58:46 === Create database NIDEC category:PostgreSQL
[INF] 2019-11-26 18:58:47 === Open database OK.
[INF] 2019-11-26 18:58:47 === Execute SQL:select user_id, user_name, pass, u_role from t_user where user_id = @user
[INF] 2019-11-26 18:58:47 === 		Parameters:{ParamName:@user, DbType:AnsiString, Value:20181115110. }
[INF] 2019-11-26 18:58:49 === Open database OK.
[INF] 2019-11-26 18:58:49 === Execute SQL:select name, pcode, ccode, p_date, status from vw_packing where pcode = @pcode and status = 1 order by ccode
[INF] 2019-11-26 18:58:49 === 		Parameters:{ParamName:@pcode, DbType:AnsiString, Value:BNIDEC201980780008. }
[INF] 2019-11-26 18:58:52 === Open database OK.
[INF] 2019-11-26 18:58:52 === Execute SQL:select count(m.module_id) as qty from t_module m, pnt_pack p where p.tray_id = m.tray_id and p.pack_id = @code and p.status = 1
[INF] 2019-11-26 18:58:52 === 		Parameters:{ParamName:@code, DbType:AnsiString, Value:BNIDEC201980780008. }
[INF] 2019-11-26 18:58:52 === Open database OK.
[INF] 2019-11-26 18:58:52 === Execute SQL:select lot ,count(lot) as qty from t_module left join pnt_pack on t_module.tray_id = pnt_pack.tray_id where pack_id =  @code group by lot order by qty desc ,lot  limit 16
[INF] 2019-11-26 18:58:52 === 		Parameters:{ParamName:@code, DbType:AnsiString, Value:BNIDEC201980780008. }
[INF] 2019-11-26 18:58:52 === Open database OK.
[INF] 2019-11-26 18:58:52 === Execute SQL:select count(lot) as qty from t_module left join pnt_pack on t_module.tray_id = pnt_pack.tray_id where pack_id = @code 
[INF] 2019-11-26 18:58:52 === 		Parameters:{ParamName:@code, DbType:AnsiString, Value:BNIDEC201980780008. }
[INF] 2019-11-26 18:58:52 === Open database OK.
[INF] 2019-11-26 18:58:52 === Execute SQL:select lot ,count(lot) as qty from t_module left join pnt_pack on t_module.tray_id = pnt_pack.tray_id where pack_id =  @code group by lot order by qty desc ,lot  limit 16
[INF] 2019-11-26 18:58:52 === 		Parameters:{ParamName:@code, DbType:AnsiString, Value:BNIDEC201980780008. }
[INF] 2019-11-26 18:58:52 === Open database OK.
[INF] 2019-11-26 18:58:52 === Execute SQL:select count(lot) as qty from t_module left join pnt_pack on t_module.tray_id = pnt_pack.tray_id where pack_id = @code 
[INF] 2019-11-26 18:58:52 === 		Parameters:{ParamName:@code, DbType:AnsiString, Value:BNIDEC201980780008. }
[INF] 2019-11-26 18:58:56 === Open database OK.
[INF] 2019-11-26 18:58:56 === Execute SQL:insert into pnt_mng (pkg_id, pkg_type, act, pkg_date, pkg_qty, pkg_user, pkg_status) values (@id, @type, @act, @date, @qty, @user, @status) Params:{ParamName:@id, DbType:AnsiString, Value:BNIDEC201980780008. },{ParamName:@type, DbType:AnsiString, Value:pack. },{ParamName:@act, DbType:AnsiString, Value:r. },{ParamName:@date, DbType:DateTime, Value:2019/11/26 18:58:56. },{ParamName:@qty, DbType:Int32, Value:1. },{ParamName:@status, DbType:Int32, Value:1. },{ParamName:@user, DbType:AnsiString, Value:20181115110. }
[INF] 2019-11-26 19:03:04 === Create database NIDEC category:PostgreSQL
[INF] 2019-11-26 19:04:18 === Create database NIDEC category:PostgreSQL
[INF] 2019-11-26 19:04:20 === Open database OK.
[INF] 2019-11-26 19:04:20 === Execute SQL:select user_id, user_name, pass, u_role from t_user where user_id = @user
[INF] 2019-11-26 19:04:20 === 		Parameters:{ParamName:@user, DbType:AnsiString, Value:20181115110. }
[INF] 2019-11-26 19:04:22 === Open database OK.
[INF] 2019-11-26 19:04:22 === Execute SQL:select name, pcode, ccode, p_date, status from vw_packing where pcode = @pcode and status = 1 order by ccode
[INF] 2019-11-26 19:04:22 === 		Parameters:{ParamName:@pcode, DbType:AnsiString, Value:BNIDEC201980780008. }
[INF] 2019-11-26 19:04:24 === Open database OK.
[INF] 2019-11-26 19:04:24 === Execute SQL:select count(m.module_id) as qty from t_module m, pnt_pack p where p.tray_id = m.tray_id and p.pack_id = @code and p.status = 1
[INF] 2019-11-26 19:04:24 === 		Parameters:{ParamName:@code, DbType:AnsiString, Value:BNIDEC201980780008. }
[INF] 2019-11-26 19:04:24 === Open database OK.
[INF] 2019-11-26 19:04:24 === Execute SQL:select lot ,count(lot) as qty from t_module left join pnt_pack on t_module.tray_id = pnt_pack.tray_id where pack_id =  @code group by lot order by qty desc ,lot  limit 16
[INF] 2019-11-26 19:04:24 === 		Parameters:{ParamName:@code, DbType:AnsiString, Value:BNIDEC201980780008. }
[INF] 2019-11-26 19:04:24 === Open database OK.
[INF] 2019-11-26 19:04:24 === Execute SQL:select count(lot) as qty from t_module left join pnt_pack on t_module.tray_id = pnt_pack.tray_id where pack_id = @code 
[INF] 2019-11-26 19:04:24 === 		Parameters:{ParamName:@code, DbType:AnsiString, Value:BNIDEC201980780008. }
[INF] 2019-11-26 19:04:24 === Open database OK.
[INF] 2019-11-26 19:04:24 === Execute SQL:select lot ,count(lot) as qty from t_module left join pnt_pack on t_module.tray_id = pnt_pack.tray_id where pack_id =  @code group by lot order by qty desc ,lot  limit 16
[INF] 2019-11-26 19:04:24 === 		Parameters:{ParamName:@code, DbType:AnsiString, Value:BNIDEC201980780008. }
[INF] 2019-11-26 19:04:24 === Open database OK.
[INF] 2019-11-26 19:04:24 === Execute SQL:select count(lot) as qty from t_module left join pnt_pack on t_module.tray_id = pnt_pack.tray_id where pack_id = @code 
[INF] 2019-11-26 19:04:24 === 		Parameters:{ParamName:@code, DbType:AnsiString, Value:BNIDEC201980780008. }
[INF] 2019-11-26 19:04:29 === Open database OK.
[INF] 2019-11-26 19:04:29 === Execute SQL:insert into pnt_mng (pkg_id, pkg_type, act, pkg_date, pkg_qty, pkg_user, pkg_status) values (@id, @type, @act, @date, @qty, @user, @status) Params:{ParamName:@id, DbType:AnsiString, Value:BNIDEC201980780008. },{ParamName:@type, DbType:AnsiString, Value:pack. },{ParamName:@act, DbType:AnsiString, Value:r. },{ParamName:@date, DbType:DateTime, Value:2019/11/26 19:04:29. },{ParamName:@qty, DbType:Int32, Value:1. },{ParamName:@status, DbType:Int32, Value:1. },{ParamName:@user, DbType:AnsiString, Value:20181115110. }
[INF] 2019-11-26 19:07:51 === Create database NIDEC category:PostgreSQL
[INF] 2019-11-26 19:07:52 === Open database OK.
[INF] 2019-11-26 19:07:52 === Execute SQL:select user_id, user_name, pass, u_role from t_user where user_id = @user
[INF] 2019-11-26 19:07:52 === 		Parameters:{ParamName:@user, DbType:AnsiString, Value:20181115110. }
[INF] 2019-11-26 19:07:55 === Open database OK.
[INF] 2019-11-26 19:07:55 === Execute SQL:select name, pcode, ccode, p_date, status from vw_packing where pcode = @pcode and status = 1 order by ccode
[INF] 2019-11-26 19:07:55 === 		Parameters:{ParamName:@pcode, DbType:AnsiString, Value:BNIDEC201980780008. }
[INF] 2019-11-26 19:07:58 === Open database OK.
[INF] 2019-11-26 19:07:58 === Execute SQL:select count(m.module_id) as qty from t_module m, pnt_pack p where p.tray_id = m.tray_id and p.pack_id = @code and p.status = 1
[INF] 2019-11-26 19:07:58 === 		Parameters:{ParamName:@code, DbType:AnsiString, Value:BNIDEC201980780008. }
[INF] 2019-11-26 19:07:58 === Open database OK.
[INF] 2019-11-26 19:07:58 === Execute SQL:select lot ,count(lot) as qty from t_module left join pnt_pack on t_module.tray_id = pnt_pack.tray_id where pack_id =  @code group by lot order by qty desc ,lot  limit 16
[INF] 2019-11-26 19:07:58 === 		Parameters:{ParamName:@code, DbType:AnsiString, Value:BNIDEC201980780008. }
[INF] 2019-11-26 19:07:58 === Open database OK.
[INF] 2019-11-26 19:07:58 === Execute SQL:select count(lot) as qty from t_module left join pnt_pack on t_module.tray_id = pnt_pack.tray_id where pack_id = @code 
[INF] 2019-11-26 19:07:58 === 		Parameters:{ParamName:@code, DbType:AnsiString, Value:BNIDEC201980780008. }
[INF] 2019-11-26 19:07:58 === Open database OK.
[INF] 2019-11-26 19:07:58 === Execute SQL:select lot ,count(lot) as qty from t_module left join pnt_pack on t_module.tray_id = pnt_pack.tray_id where pack_id =  @code group by lot order by qty desc ,lot  limit 16
[INF] 2019-11-26 19:07:58 === 		Parameters:{ParamName:@code, DbType:AnsiString, Value:BNIDEC201980780008. }
[INF] 2019-11-26 19:07:58 === Open database OK.
[INF] 2019-11-26 19:07:58 === Execute SQL:select count(lot) as qty from t_module left join pnt_pack on t_module.tray_id = pnt_pack.tray_id where pack_id = @code 
[INF] 2019-11-26 19:07:58 === 		Parameters:{ParamName:@code, DbType:AnsiString, Value:BNIDEC201980780008. }
[INF] 2019-11-26 19:08:03 === Open database OK.
[INF] 2019-11-26 19:08:03 === Execute SQL:insert into pnt_mng (pkg_id, pkg_type, act, pkg_date, pkg_qty, pkg_user, pkg_status) values (@id, @type, @act, @date, @qty, @user, @status) Params:{ParamName:@id, DbType:AnsiString, Value:BNIDEC201980780008. },{ParamName:@type, DbType:AnsiString, Value:pack. },{ParamName:@act, DbType:AnsiString, Value:r. },{ParamName:@date, DbType:DateTime, Value:2019/11/26 19:08:03. },{ParamName:@qty, DbType:Int32, Value:1. },{ParamName:@status, DbType:Int32, Value:1. },{ParamName:@user, DbType:AnsiString, Value:20181115110. }
[INF] 2019-11-26 19:10:55 === Create database NIDEC category:PostgreSQL
[INF] 2019-11-26 19:10:56 === Open database OK.
[INF] 2019-11-26 19:10:56 === Execute SQL:select user_id, user_name, pass, u_role from t_user where user_id = @user
[INF] 2019-11-26 19:10:56 === 		Parameters:{ParamName:@user, DbType:AnsiString, Value:20181115110. }
[INF] 2019-11-26 19:10:59 === Open database OK.
[INF] 2019-11-26 19:10:59 === Execute SQL:select name, pcode, ccode, p_date, status from vw_packing where pcode = @pcode and status = 1 order by ccode
[INF] 2019-11-26 19:10:59 === 		Parameters:{ParamName:@pcode, DbType:AnsiString, Value:BNIDEC201980780008. }
[INF] 2019-11-26 19:11:01 === Open database OK.
[INF] 2019-11-26 19:11:01 === Execute SQL:select count(m.module_id) as qty from t_module m, pnt_pack p where p.tray_id = m.tray_id and p.pack_id = @code and p.status = 1
[INF] 2019-11-26 19:11:01 === 		Parameters:{ParamName:@code, DbType:AnsiString, Value:BNIDEC201980780008. }
[INF] 2019-11-26 19:29:22 === Create database NIDEC category:PostgreSQL
[INF] 2019-11-26 19:29:25 === Open database OK.
[INF] 2019-11-26 19:29:25 === Execute SQL:select user_id, user_name, pass, u_role from t_user where user_id = @user
[INF] 2019-11-26 19:29:25 === 		Parameters:{ParamName:@user, DbType:AnsiString, Value:20181115110. }
[INF] 2019-11-26 19:29:33 === Open database OK.
[INF] 2019-11-26 19:29:33 === Execute SQL:select name, pcode, ccode, p_date, status from vw_packing where pcode = @pcode and status = 1 order by ccode
[INF] 2019-11-26 19:29:33 === 		Parameters:{ParamName:@pcode, DbType:AnsiString, Value:BNIDEC201980780008. }
[INF] 2019-11-26 19:29:35 === Open database OK.
[INF] 2019-11-26 19:29:35 === Execute SQL:select count(m.module_id) as qty from t_module m, pnt_pack p where p.tray_id = m.tray_id and p.pack_id = @code and p.status = 1
[INF] 2019-11-26 19:29:35 === 		Parameters:{ParamName:@code, DbType:AnsiString, Value:BNIDEC201980780008. }
[INF] 2019-11-26 19:30:08 === Create database NIDEC category:PostgreSQL
[INF] 2019-11-26 19:30:09 === Open database OK.
[INF] 2019-11-26 19:30:09 === Execute SQL:select user_id, user_name, pass, u_role from t_user where user_id = @user
[INF] 2019-11-26 19:30:09 === 		Parameters:{ParamName:@user, DbType:AnsiString, Value:20181115110. }
[INF] 2019-11-26 19:36:06 === Create database NIDEC category:PostgreSQL
[INF] 2019-11-26 19:36:07 === Open database OK.
[INF] 2019-11-26 19:36:07 === Execute SQL:select user_id, user_name, pass, u_role from t_user where user_id = @user
[INF] 2019-11-26 19:36:07 === 		Parameters:{ParamName:@user, DbType:AnsiString, Value:20181115110. }
[INF] 2019-11-26 19:36:56 === Create database NIDEC category:PostgreSQL
[INF] 2019-11-26 19:36:58 === Open database OK.
[INF] 2019-11-26 19:36:58 === Execute SQL:select user_id, user_name, pass, u_role from t_user where user_id = @user
[INF] 2019-11-26 19:36:58 === 		Parameters:{ParamName:@user, DbType:AnsiString, Value:20181115110. }
[INF] 2019-11-26 19:37:42 === Create database NIDEC category:PostgreSQL
[INF] 2019-11-26 19:37:43 === Open database OK.
[INF] 2019-11-26 19:37:43 === Execute SQL:select user_id, user_name, pass, u_role from t_user where user_id = @user
[INF] 2019-11-26 19:37:43 === 		Parameters:{ParamName:@user, DbType:AnsiString, Value:20181115110. }
[INF] 2019-11-26 19:38:53 === Create database NIDEC category:PostgreSQL
[INF] 2019-11-26 19:38:55 === Open database OK.
[INF] 2019-11-26 19:38:55 === Execute SQL:select user_id, user_name, pass, u_role from t_user where user_id = @user
[INF] 2019-11-26 19:38:55 === 		Parameters:{ParamName:@user, DbType:AnsiString, Value:20181115110. }
[INF] 2019-11-26 19:39:14 === Create database NIDEC category:PostgreSQL
[INF] 2019-11-26 19:39:15 === Open database OK.
[INF] 2019-11-26 19:39:15 === Execute SQL:select user_id, user_name, pass, u_role from t_user where user_id = @user
[INF] 2019-11-26 19:39:15 === 		Parameters:{ParamName:@user, DbType:AnsiString, Value:20181115110. }
