[INF] 2019-12-24 11:28:29 === Create database NIDEC category:PostgreSQL
[INF] 2019-12-24 11:28:37 === Create database NIDEC category:PostgreSQL
[INF] 2019-12-24 11:29:02 === Create database NIDEC category:PostgreSQL
[INF] 2019-12-24 11:29:08 === Open database OK.
[INF] 2019-12-24 11:29:08 === Execute SQL:select user_id, user_name, pass, u_role from t_user where user_id = @user
[INF] 2019-12-24 11:29:08 === 		Parameters:{ParamName:@user, DbType:AnsiString, Value:20181115110. }
[INF] 2019-12-24 11:30:56 === Open database OK.
[INF] 2019-12-24 11:30:56 === Execute Function:fn_apply_no
[INF] 2019-12-24 11:30:56 === 		Parameters:{ParamName:@mode, DbType:AnsiString, Value:pack. },{ParamName:@vendor, DbType:AnsiString, Value:NIDEC. },{ParamName:@sitecode, DbType:AnsiString, Value:8. },{ParamName:@date, DbType:AnsiString, Value:2019C24. }
[INF] 2019-12-24 11:30:56 === Open database OK.
[INF] 2019-12-24 11:30:56 === Execute SQL:insert into pnt_mng (pkg_id, pkg_type, act, pkg_date, pkg_qty, pkg_user, pkg_status, remark) values (@id, @type, @act, @date, @qty, @user, @status, @remark) Params:{ParamName:@id, DbType:AnsiString, Value:BNIDEC2019C2480001. },{ParamName:@type, DbType:AnsiString, Value:pack. },{ParamName:@act, DbType:AnsiString, Value:r. },{ParamName:@date, DbType:DateTime, Value:2019/12/24 11:30:56. },{ParamName:@qty, DbType:Int32, Value:1. },{ParamName:@user, DbType:AnsiString, Value:20181115110. },{ParamName:@status, DbType:Int32, Value:0. },{ParamName:@remark, DbType:AnsiString, Value:. }
[INF] 2019-12-24 11:31:00 === Open database OK.
[INF] 2019-12-24 11:31:00 === Execute SQL:select count(tray_id) as qty from t_module where tray_id = @code
[INF] 2019-12-24 11:31:00 === 		Parameters:{ParamName:@code, DbType:AnsiString, Value:A14. }
[INF] 2019-12-24 11:31:00 === Open database OK.
[INF] 2019-12-24 11:31:00 === Execute SQL:select count(tray_id) as qty from pnt_pack where tray_id = @code and (status = 0 or status = 1)
[INF] 2019-12-24 11:31:00 === 		Parameters:{ParamName:@code, DbType:AnsiString, Value:A14. }
[INF] 2019-12-24 11:31:00 === Open database OK.
[INF] 2019-12-24 11:31:00 === Execute SQL:insert into pnt_pack values (@packid, @trayid, @pdate, 0) Params:{ParamName:@packid, DbType:AnsiString, Value:BNIDEC2019C2480001. },{ParamName:@trayid, DbType:AnsiString, Value:A14. },{ParamName:@pdate, DbType:DateTime, Value:2019/12/24 11:31:00. }
[INF] 2019-12-24 11:31:25 === Open database OK.
[INF] 2019-12-24 11:31:25 === Execute SQLS : [update pnt_pack set status = 1 where pack_id = 'BNIDEC2019C2480001' and tray_id = 'A14']
[INF] 2019-12-24 11:31:25 === Open database OK.
[INF] 2019-12-24 11:31:25 === Execute SQL:select count(m.module_id) as qty from t_module m, pnt_pack p where p.tray_id = m.tray_id and p.pack_id = @code and p.status = 1
[INF] 2019-12-24 11:31:25 === 		Parameters:{ParamName:@code, DbType:AnsiString, Value:BNIDEC2019C2480001. }
[INF] 2019-12-24 11:31:25 === Open database OK.
[INF] 2019-12-24 11:31:25 === Execute SQL:select lot ,count(lot) as qty from t_module left join pnt_pack on t_module.tray_id = pnt_pack.tray_id where pack_id =  @code group by lot order by qty desc ,lot  limit 16
[INF] 2019-12-24 11:31:25 === 		Parameters:{ParamName:@code, DbType:AnsiString, Value:BNIDEC2019C2480001. }
[INF] 2019-12-24 11:31:25 === Open database OK.
[INF] 2019-12-24 11:31:25 === Execute SQL:select count(lot) as qty from t_module left join pnt_pack on t_module.tray_id = pnt_pack.tray_id where pack_id = @code 
[INF] 2019-12-24 11:31:25 === 		Parameters:{ParamName:@code, DbType:AnsiString, Value:BNIDEC2019C2480001. }
[INF] 2019-12-24 11:31:32 === Open database OK.
[INF] 2019-12-24 11:31:32 === Execute SQL:select count(m.module_id) as qty from t_module m, pnt_pack p where p.tray_id = m.tray_id and p.pack_id = @code and p.status = 1
[INF] 2019-12-24 11:31:32 === 		Parameters:{ParamName:@code, DbType:AnsiString, Value:BNIDEC2019C2480001. }
[INF] 2019-12-24 11:31:32 === Open database OK.
[INF] 2019-12-24 11:31:32 === Execute SQL:select lot ,count(lot) as qty from t_module left join pnt_pack on t_module.tray_id = pnt_pack.tray_id where pack_id =  @code group by lot order by qty desc ,lot  limit 16
[INF] 2019-12-24 11:31:32 === 		Parameters:{ParamName:@code, DbType:AnsiString, Value:BNIDEC2019C2480001. }
[INF] 2019-12-24 11:31:32 === Open database OK.
[INF] 2019-12-24 11:31:32 === Execute SQL:select count(lot) as qty from t_module left join pnt_pack on t_module.tray_id = pnt_pack.tray_id where pack_id = @code 
[INF] 2019-12-24 11:31:32 === 		Parameters:{ParamName:@code, DbType:AnsiString, Value:BNIDEC2019C2480001. }
[INF] 2019-12-24 11:31:34 === Open database OK.
[INF] 2019-12-24 11:31:34 === Execute SQL:insert into pnt_mng (pkg_id, pkg_type, act, pkg_date, pkg_qty, pkg_user, pkg_status) values (@id, @type, @act, @date, @qty, @user, @status) Params:{ParamName:@id, DbType:AnsiString, Value:BNIDEC2019C2480001. },{ParamName:@type, DbType:AnsiString, Value:pack. },{ParamName:@act, DbType:AnsiString, Value:r. },{ParamName:@date, DbType:DateTime, Value:2019/12/24 11:31:34. },{ParamName:@qty, DbType:Int32, Value:1. },{ParamName:@status, DbType:Int32, Value:1. },{ParamName:@user, DbType:AnsiString, Value:20181115110. }
[INF] 2019-12-24 11:31:40 === Open database OK.
[INF] 2019-12-24 11:31:40 === Execute Function:fn_apply_no
[INF] 2019-12-24 11:31:40 === 		Parameters:{ParamName:@mode, DbType:AnsiString, Value:carton. },{ParamName:@vendor, DbType:AnsiString, Value:NIDEC. },{ParamName:@sitecode, DbType:AnsiString, Value:8. },{ParamName:@date, DbType:AnsiString, Value:2019C24. }
[INF] 2019-12-24 11:31:40 === Open database OK.
[INF] 2019-12-24 11:31:40 === Execute SQL:insert into pnt_mng (pkg_id, pkg_type, act, pkg_date, pkg_qty, pkg_user, pkg_status, remark) values (@id, @type, @act, @date, @qty, @user, @status, @remark) Params:{ParamName:@id, DbType:AnsiString, Value:HNIDEC2019C2480001. },{ParamName:@type, DbType:AnsiString, Value:carton. },{ParamName:@act, DbType:AnsiString, Value:r. },{ParamName:@date, DbType:DateTime, Value:2019/12/24 11:31:40. },{ParamName:@qty, DbType:Int32, Value:1. },{ParamName:@user, DbType:AnsiString, Value:20181115110. },{ParamName:@status, DbType:Int32, Value:0. },{ParamName:@remark, DbType:AnsiString, Value:. }
[INF] 2019-12-24 11:31:45 === Open database OK.
[INF] 2019-12-24 11:31:45 === Execute SQL:select count(pack_id) as qty from pnt_pack where pack_id = @code and status = 1
[INF] 2019-12-24 11:31:45 === 		Parameters:{ParamName:@code, DbType:AnsiString, Value:BNIDEC2019C2480001. }
[INF] 2019-12-24 11:31:45 === Open database OK.
[INF] 2019-12-24 11:31:45 === Execute SQL:select count(pack_id) as qty from pnt_carton where pack_id = @code and (status = 0 or status = 1)
[INF] 2019-12-24 11:31:45 === 		Parameters:{ParamName:@code, DbType:AnsiString, Value:BNIDEC2019C2480001. }
[INF] 2019-12-24 11:31:45 === Open database OK.
[INF] 2019-12-24 11:31:45 === Execute SQL:insert into pnt_carton values (@cartonid, @packid, @pdate, 0) Params:{ParamName:@cartonid, DbType:AnsiString, Value:HNIDEC2019C2480001. },{ParamName:@packid, DbType:AnsiString, Value:BNIDEC2019C2480001. },{ParamName:@pdate, DbType:DateTime, Value:2019/12/24 11:31:45. }
[INF] 2019-12-24 11:31:52 === Open database OK.
[INF] 2019-12-24 11:31:52 === Execute SQLS : [update pnt_carton set status = 1 where carton_id = 'HNIDEC2019C2480001' and pack_id = 'BNIDEC2019C2480001']
[INF] 2019-12-24 11:31:52 === Open database OK.
[INF] 2019-12-24 11:31:52 === Execute SQL:select count(m.module_id) as qty from t_module m, pnt_pack p, pnt_carton c where c.pack_id = p.pack_id and p.tray_id = m.tray_id and c.carton_id = @code and (p.status = 1 and c.status = 1)
[INF] 2019-12-24 11:31:52 === 		Parameters:{ParamName:@code, DbType:AnsiString, Value:HNIDEC2019C2480001. }
[INF] 2019-12-24 11:31:52 === Open database OK.
[INF] 2019-12-24 11:31:52 === Execute SQL:select lot ,count(lot) as qty from t_module left join pnt_pack on t_module.tray_id = pnt_pack.tray_id left join pnt_carton on pnt_pack.pack_id = pnt_carton.pack_id where carton_id =  @code group by lot order by qty desc ,lot  limit 16
[INF] 2019-12-24 11:31:52 === 		Parameters:{ParamName:@code, DbType:AnsiString, Value:HNIDEC2019C2480001. }
[INF] 2019-12-24 11:31:52 === Open database OK.
[INF] 2019-12-24 11:31:52 === Execute SQL:select count(lot) as qty from t_module left join pnt_pack on t_module.tray_id = pnt_pack.tray_id left join pnt_carton on pnt_pack.pack_id = pnt_carton.pack_id where carton_id =  @code 
[INF] 2019-12-24 11:31:52 === 		Parameters:{ParamName:@code, DbType:AnsiString, Value:HNIDEC2019C2480001. }
[INF] 2019-12-24 11:32:00 === Open database OK.
[INF] 2019-12-24 11:32:00 === Execute SQL:select count(m.module_id) as qty from t_module m, pnt_pack p, pnt_carton c where c.pack_id = p.pack_id and p.tray_id = m.tray_id and c.carton_id = @code and (p.status = 1 and c.status = 1)
[INF] 2019-12-24 11:32:00 === 		Parameters:{ParamName:@code, DbType:AnsiString, Value:HNIDEC2019C2480001. }
[INF] 2019-12-24 11:32:00 === Open database OK.
[INF] 2019-12-24 11:32:00 === Execute SQL:select lot ,count(lot) as qty from t_module left join pnt_pack on t_module.tray_id = pnt_pack.tray_id left join pnt_carton on pnt_pack.pack_id = pnt_carton.pack_id where carton_id =  @code group by lot order by qty desc ,lot  limit 16
[INF] 2019-12-24 11:32:00 === 		Parameters:{ParamName:@code, DbType:AnsiString, Value:HNIDEC2019C2480001. }
[INF] 2019-12-24 11:32:00 === Open database OK.
[INF] 2019-12-24 11:32:00 === Execute SQL:select count(lot) as qty from t_module left join pnt_pack on t_module.tray_id = pnt_pack.tray_id left join pnt_carton on pnt_pack.pack_id = pnt_carton.pack_id where carton_id =  @code 
[INF] 2019-12-24 11:32:00 === 		Parameters:{ParamName:@code, DbType:AnsiString, Value:HNIDEC2019C2480001. }
[INF] 2019-12-24 11:32:08 === Open database OK.
[INF] 2019-12-24 11:32:08 === Execute SQL:insert into pnt_mng (pkg_id, pkg_type, act, pkg_date, pkg_qty, pkg_user, pkg_status) values (@id, @type, @act, @date, @qty, @user, @status) Params:{ParamName:@id, DbType:AnsiString, Value:HNIDEC2019C2480001. },{ParamName:@type, DbType:AnsiString, Value:carton. },{ParamName:@act, DbType:AnsiString, Value:r. },{ParamName:@date, DbType:DateTime, Value:2019/12/24 11:32:08. },{ParamName:@qty, DbType:Int32, Value:1. },{ParamName:@status, DbType:Int32, Value:1. },{ParamName:@user, DbType:AnsiString, Value:20181115110. }
[INF] 2019-12-24 11:32:43 === Open database OK.
[INF] 2019-12-24 11:32:43 === Execute SQL:select name, pcode, ccode, p_date, status from vw_packing where pcode = @pcode and status = 1 order by ccode
[INF] 2019-12-24 11:32:43 === 		Parameters:{ParamName:@pcode, DbType:AnsiString, Value:HNIDEC2019C2480001. }
[INF] 2019-12-24 11:32:47 === Open database OK.
[INF] 2019-12-24 11:32:47 === Execute SQL:select count(m.module_id) as qty from t_module m, pnt_pack p, pnt_carton c where c.pack_id = p.pack_id and p.tray_id = m.tray_id and c.carton_id = @code and (p.status = 1 and c.status = 1)
[INF] 2019-12-24 11:32:47 === 		Parameters:{ParamName:@code, DbType:AnsiString, Value:HNIDEC2019C2480001. }
[INF] 2019-12-24 11:32:47 === Open database OK.
[INF] 2019-12-24 11:32:47 === Execute SQL:select lot ,count(lot) as qty from t_module left join pnt_pack on t_module.tray_id = pnt_pack.tray_id left join pnt_carton on pnt_pack.pack_id = pnt_carton.pack_id where carton_id =  @code group by lot order by qty desc ,lot  limit 16
[INF] 2019-12-24 11:32:47 === 		Parameters:{ParamName:@code, DbType:AnsiString, Value:HNIDEC2019C2480001. }
[INF] 2019-12-24 11:32:47 === Open database OK.
[INF] 2019-12-24 11:32:47 === Execute SQL:select count(lot) as qty from t_module left join pnt_pack on t_module.tray_id = pnt_pack.tray_id left join pnt_carton on pnt_pack.pack_id = pnt_carton.pack_id where carton_id =  @code 
[INF] 2019-12-24 11:32:47 === 		Parameters:{ParamName:@code, DbType:AnsiString, Value:HNIDEC2019C2480001. }
[INF] 2019-12-24 11:32:47 === Open database OK.
[INF] 2019-12-24 11:32:47 === Execute SQL:select lot ,count(lot) as qty from t_module left join pnt_pack on t_module.tray_id = pnt_pack.tray_id left join pnt_carton on pnt_pack.pack_id = pnt_carton.pack_id where carton_id =  @code group by lot order by qty desc ,lot  limit 16
[INF] 2019-12-24 11:32:47 === 		Parameters:{ParamName:@code, DbType:AnsiString, Value:HNIDEC2019C2480001. }
[INF] 2019-12-24 11:32:47 === Open database OK.
[INF] 2019-12-24 11:32:47 === Execute SQL:select count(lot) as qty from t_module left join pnt_pack on t_module.tray_id = pnt_pack.tray_id left join pnt_carton on pnt_pack.pack_id = pnt_carton.pack_id where carton_id =  @code 
[INF] 2019-12-24 11:32:47 === 		Parameters:{ParamName:@code, DbType:AnsiString, Value:HNIDEC2019C2480001. }
[INF] 2019-12-24 11:32:58 === Open database OK.
[INF] 2019-12-24 11:32:58 === Execute SQL:insert into pnt_mng (pkg_id, pkg_type, act, pkg_date, pkg_qty, pkg_user, pkg_status) values (@id, @type, @act, @date, @qty, @user, @status) Params:{ParamName:@id, DbType:AnsiString, Value:HNIDEC2019C2480001. },{ParamName:@type, DbType:AnsiString, Value:carton. },{ParamName:@act, DbType:AnsiString, Value:r. },{ParamName:@date, DbType:DateTime, Value:2019/12/24 11:32:58. },{ParamName:@qty, DbType:Int32, Value:1. },{ParamName:@status, DbType:Int32, Value:1. },{ParamName:@user, DbType:AnsiString, Value:20181115110. }
