[INF] 2019-12-21 16:53:34 === Create database NIDEC category:PostgreSQL
[INF] 2019-12-21 16:53:58 === Create database NIDEC category:PostgreSQL
[INF] 2019-12-21 16:54:22 === Open database OK.
[INF] 2019-12-21 16:54:22 === Execute SQL:select user_id, user_name, pass, u_role from t_user where user_id = @user
[INF] 2019-12-21 16:54:22 === 		Parameters:{ParamName:@user, DbType:AnsiString, Value:20181115110. }
[INF] 2019-12-21 16:54:49 === Open database OK.
[INF] 2019-12-21 16:54:49 === Execute Function:fn_apply_no
[INF] 2019-12-21 16:54:49 === 		Parameters:{ParamName:@mode, DbType:AnsiString, Value:pack. },{ParamName:@vendor, DbType:AnsiString, Value:NIDEC. },{ParamName:@sitecode, DbType:AnsiString, Value:8. },{ParamName:@date, DbType:AnsiString, Value:2019C21. }
[INF] 2019-12-21 16:54:49 === Open database OK.
[INF] 2019-12-21 16:54:49 === Execute SQL:insert into pnt_mng (pkg_id, pkg_type, act, pkg_date, pkg_qty, pkg_user, pkg_status, remark) values (@id, @type, @act, @date, @qty, @user, @status, @remark) Params:{ParamName:@id, DbType:AnsiString, Value:BNIDEC2019C2180003. },{ParamName:@type, DbType:AnsiString, Value:pack. },{ParamName:@act, DbType:AnsiString, Value:r. },{ParamName:@date, DbType:DateTime, Value:2019/12/21 16:54:49. },{ParamName:@qty, DbType:Int32, Value:1. },{ParamName:@user, DbType:AnsiString, Value:20181115110. },{ParamName:@status, DbType:Int32, Value:0. },{ParamName:@remark, DbType:AnsiString, Value:. }
[INF] 2019-12-21 16:54:56 === Open database OK.
[INF] 2019-12-21 16:54:56 === Execute SQL:select count(tray_id) as qty from t_module where tray_id = @code
[INF] 2019-12-21 16:54:56 === 		Parameters:{ParamName:@code, DbType:AnsiString, Value:A13. }
[INF] 2019-12-21 16:54:56 === Open database OK.
[INF] 2019-12-21 16:54:56 === Execute SQL:select count(tray_id) as qty from pnt_pack where tray_id = @code and (status = 0 or status = 1)
[INF] 2019-12-21 16:54:56 === 		Parameters:{ParamName:@code, DbType:AnsiString, Value:A13. }
[INF] 2019-12-21 16:54:56 === Open database OK.
[INF] 2019-12-21 16:54:56 === Execute SQL:insert into pnt_pack values (@packid, @trayid, @pdate, 0) Params:{ParamName:@packid, DbType:AnsiString, Value:BNIDEC2019C2180003. },{ParamName:@trayid, DbType:AnsiString, Value:A13. },{ParamName:@pdate, DbType:DateTime, Value:2019/12/21 16:54:56. }
[INF] 2019-12-21 16:55:08 === Open database OK.
[INF] 2019-12-21 16:55:08 === Execute SQLS : [update pnt_pack set status = 1 where pack_id = 'BNIDEC2019C2180003' and tray_id = 'A13']
[INF] 2019-12-21 16:55:08 === Open database OK.
[INF] 2019-12-21 16:55:08 === Execute SQL:select count(m.module_id) as qty from t_module m, pnt_pack p where p.tray_id = m.tray_id and p.pack_id = @code and p.status = 1
[INF] 2019-12-21 16:55:08 === 		Parameters:{ParamName:@code, DbType:AnsiString, Value:BNIDEC2019C2180003. }
[INF] 2019-12-21 16:55:08 === Open database OK.
[INF] 2019-12-21 16:55:08 === Execute SQL:select lot ,count(lot) as qty from t_module left join pnt_pack on t_module.tray_id = pnt_pack.tray_id where pack_id =  @code group by lot order by qty desc ,lot  limit 16
[INF] 2019-12-21 16:55:08 === 		Parameters:{ParamName:@code, DbType:AnsiString, Value:BNIDEC2019C2180003. }
[INF] 2019-12-21 16:55:08 === Open database OK.
[INF] 2019-12-21 16:55:08 === Execute SQL:select count(lot) as qty from t_module left join pnt_pack on t_module.tray_id = pnt_pack.tray_id where pack_id = @code 
[INF] 2019-12-21 16:55:08 === 		Parameters:{ParamName:@code, DbType:AnsiString, Value:BNIDEC2019C2180003. }
[INF] 2019-12-21 16:55:14 === Open database OK.
[INF] 2019-12-21 16:55:14 === Execute SQL:select count(m.module_id) as qty from t_module m, pnt_pack p where p.tray_id = m.tray_id and p.pack_id = @code and p.status = 1
[INF] 2019-12-21 16:55:15 === 		Parameters:{ParamName:@code, DbType:AnsiString, Value:BNIDEC2019C2180003. }
[INF] 2019-12-21 16:55:15 === Open database OK.
[INF] 2019-12-21 16:55:15 === Execute SQL:select lot ,count(lot) as qty from t_module left join pnt_pack on t_module.tray_id = pnt_pack.tray_id where pack_id =  @code group by lot order by qty desc ,lot  limit 16
[INF] 2019-12-21 16:55:15 === 		Parameters:{ParamName:@code, DbType:AnsiString, Value:BNIDEC2019C2180003. }
[INF] 2019-12-21 16:55:15 === Open database OK.
[INF] 2019-12-21 16:55:15 === Execute SQL:select count(lot) as qty from t_module left join pnt_pack on t_module.tray_id = pnt_pack.tray_id where pack_id = @code 
[INF] 2019-12-21 16:55:15 === 		Parameters:{ParamName:@code, DbType:AnsiString, Value:BNIDEC2019C2180003. }
[INF] 2019-12-21 16:55:16 === Open database OK.
[INF] 2019-12-21 16:55:16 === Execute SQL:insert into pnt_mng (pkg_id, pkg_type, act, pkg_date, pkg_qty, pkg_user, pkg_status) values (@id, @type, @act, @date, @qty, @user, @status) Params:{ParamName:@id, DbType:AnsiString, Value:BNIDEC2019C2180003. },{ParamName:@type, DbType:AnsiString, Value:pack. },{ParamName:@act, DbType:AnsiString, Value:r. },{ParamName:@date, DbType:DateTime, Value:2019/12/21 16:55:16. },{ParamName:@qty, DbType:Int32, Value:1. },{ParamName:@status, DbType:Int32, Value:1. },{ParamName:@user, DbType:AnsiString, Value:20181115110. }
[INF] 2019-12-21 16:57:06 === Open database OK.
[INF] 2019-12-21 16:57:06 === Execute Function:fn_apply_no
[INF] 2019-12-21 16:57:06 === 		Parameters:{ParamName:@mode, DbType:AnsiString, Value:pack. },{ParamName:@vendor, DbType:AnsiString, Value:NIDEC. },{ParamName:@sitecode, DbType:AnsiString, Value:8. },{ParamName:@date, DbType:AnsiString, Value:2019C21. }
[INF] 2019-12-21 16:57:06 === Open database OK.
[INF] 2019-12-21 16:57:06 === Execute SQL:insert into pnt_mng (pkg_id, pkg_type, act, pkg_date, pkg_qty, pkg_user, pkg_status, remark) values (@id, @type, @act, @date, @qty, @user, @status, @remark) Params:{ParamName:@id, DbType:AnsiString, Value:BNIDEC2019C2180004. },{ParamName:@type, DbType:AnsiString, Value:pack. },{ParamName:@act, DbType:AnsiString, Value:r. },{ParamName:@date, DbType:DateTime, Value:2019/12/21 16:57:06. },{ParamName:@qty, DbType:Int32, Value:1. },{ParamName:@user, DbType:AnsiString, Value:20181115110. },{ParamName:@status, DbType:Int32, Value:0. },{ParamName:@remark, DbType:AnsiString, Value:. }
[INF] 2019-12-21 16:57:13 === Open database OK.
[INF] 2019-12-21 16:57:13 === Execute SQL:select count(tray_id) as qty from t_module where tray_id = @code
[INF] 2019-12-21 16:57:13 === 		Parameters:{ParamName:@code, DbType:AnsiString, Value:A14. }
[INF] 2019-12-21 16:57:13 === Open database OK.
[INF] 2019-12-21 16:57:13 === Execute SQL:select count(tray_id) as qty from pnt_pack where tray_id = @code and (status = 0 or status = 1)
[INF] 2019-12-21 16:57:13 === 		Parameters:{ParamName:@code, DbType:AnsiString, Value:A14. }
[INF] 2019-12-21 16:57:13 === Open database OK.
[INF] 2019-12-21 16:57:13 === Execute SQL:insert into pnt_pack values (@packid, @trayid, @pdate, 0) Params:{ParamName:@packid, DbType:AnsiString, Value:BNIDEC2019C2180004. },{ParamName:@trayid, DbType:AnsiString, Value:A14. },{ParamName:@pdate, DbType:DateTime, Value:2019/12/21 16:57:13. }
[INF] 2019-12-21 16:57:18 === Open database OK.
[INF] 2019-12-21 16:57:18 === Execute SQLS : [update pnt_pack set status = 1 where pack_id = 'BNIDEC2019C2180004' and tray_id = 'A14']
[INF] 2019-12-21 16:57:18 === Open database OK.
[INF] 2019-12-21 16:57:18 === Execute SQL:select count(m.module_id) as qty from t_module m, pnt_pack p where p.tray_id = m.tray_id and p.pack_id = @code and p.status = 1
[INF] 2019-12-21 16:57:18 === 		Parameters:{ParamName:@code, DbType:AnsiString, Value:BNIDEC2019C2180004. }
[INF] 2019-12-21 16:57:18 === Open database OK.
[INF] 2019-12-21 16:57:18 === Execute SQL:select lot ,count(lot) as qty from t_module left join pnt_pack on t_module.tray_id = pnt_pack.tray_id where pack_id =  @code group by lot order by qty desc ,lot  limit 16
[INF] 2019-12-21 16:57:18 === 		Parameters:{ParamName:@code, DbType:AnsiString, Value:BNIDEC2019C2180004. }
[INF] 2019-12-21 16:57:18 === Open database OK.
[INF] 2019-12-21 16:57:18 === Execute SQL:select count(lot) as qty from t_module left join pnt_pack on t_module.tray_id = pnt_pack.tray_id where pack_id = @code 
[INF] 2019-12-21 16:57:18 === 		Parameters:{ParamName:@code, DbType:AnsiString, Value:BNIDEC2019C2180004. }
[INF] 2019-12-21 16:57:25 === Open database OK.
[INF] 2019-12-21 16:57:25 === Execute SQL:select count(m.module_id) as qty from t_module m, pnt_pack p where p.tray_id = m.tray_id and p.pack_id = @code and p.status = 1
[INF] 2019-12-21 16:57:25 === 		Parameters:{ParamName:@code, DbType:AnsiString, Value:BNIDEC2019C2180004. }
[INF] 2019-12-21 16:57:25 === Open database OK.
[INF] 2019-12-21 16:57:25 === Execute SQL:select lot ,count(lot) as qty from t_module left join pnt_pack on t_module.tray_id = pnt_pack.tray_id where pack_id =  @code group by lot order by qty desc ,lot  limit 16
[INF] 2019-12-21 16:57:25 === 		Parameters:{ParamName:@code, DbType:AnsiString, Value:BNIDEC2019C2180004. }
[INF] 2019-12-21 16:57:25 === Open database OK.
[INF] 2019-12-21 16:57:25 === Execute SQL:select count(lot) as qty from t_module left join pnt_pack on t_module.tray_id = pnt_pack.tray_id where pack_id = @code 
[INF] 2019-12-21 16:57:25 === 		Parameters:{ParamName:@code, DbType:AnsiString, Value:BNIDEC2019C2180004. }
[INF] 2019-12-21 16:57:30 === Open database OK.
[INF] 2019-12-21 16:57:30 === Execute SQL:insert into pnt_mng (pkg_id, pkg_type, act, pkg_date, pkg_qty, pkg_user, pkg_status) values (@id, @type, @act, @date, @qty, @user, @status) Params:{ParamName:@id, DbType:AnsiString, Value:BNIDEC2019C2180004. },{ParamName:@type, DbType:AnsiString, Value:pack. },{ParamName:@act, DbType:AnsiString, Value:r. },{ParamName:@date, DbType:DateTime, Value:2019/12/21 16:57:30. },{ParamName:@qty, DbType:Int32, Value:1. },{ParamName:@status, DbType:Int32, Value:1. },{ParamName:@user, DbType:AnsiString, Value:20181115110. }
[INF] 2019-12-21 16:57:46 === Open database OK.
[INF] 2019-12-21 16:57:46 === Execute SQL:select name, pcode, ccode, p_date, status from vw_packing where pcode = @pcode and status = 1 order by ccode
[INF] 2019-12-21 16:57:46 === 		Parameters:{ParamName:@pcode, DbType:AnsiString, Value:BNIDEC2019C2180004. }
[INF] 2019-12-21 16:57:49 === Open database OK.
[INF] 2019-12-21 16:57:49 === Execute SQL:select count(m.module_id) as qty from t_module m, pnt_pack p where p.tray_id = m.tray_id and p.pack_id = @code and p.status = 1
[INF] 2019-12-21 16:57:49 === 		Parameters:{ParamName:@code, DbType:AnsiString, Value:BNIDEC2019C2180004. }
[INF] 2019-12-21 16:57:49 === Open database OK.
[INF] 2019-12-21 16:57:49 === Execute SQL:select lot ,count(lot) as qty from t_module left join pnt_pack on t_module.tray_id = pnt_pack.tray_id where pack_id =  @code group by lot order by qty desc ,lot  limit 16
[INF] 2019-12-21 16:57:49 === 		Parameters:{ParamName:@code, DbType:AnsiString, Value:BNIDEC2019C2180004. }
[INF] 2019-12-21 16:57:49 === Open database OK.
[INF] 2019-12-21 16:57:49 === Execute SQL:select count(lot) as qty from t_module left join pnt_pack on t_module.tray_id = pnt_pack.tray_id where pack_id = @code 
[INF] 2019-12-21 16:57:49 === 		Parameters:{ParamName:@code, DbType:AnsiString, Value:BNIDEC2019C2180004. }
[INF] 2019-12-21 16:57:49 === Open database OK.
[INF] 2019-12-21 16:57:49 === Execute SQL:select lot ,count(lot) as qty from t_module left join pnt_pack on t_module.tray_id = pnt_pack.tray_id where pack_id =  @code group by lot order by qty desc ,lot  limit 16
[INF] 2019-12-21 16:57:49 === 		Parameters:{ParamName:@code, DbType:AnsiString, Value:BNIDEC2019C2180004. }
[INF] 2019-12-21 16:57:49 === Open database OK.
[INF] 2019-12-21 16:57:49 === Execute SQL:select count(lot) as qty from t_module left join pnt_pack on t_module.tray_id = pnt_pack.tray_id where pack_id = @code 
[INF] 2019-12-21 16:57:49 === 		Parameters:{ParamName:@code, DbType:AnsiString, Value:BNIDEC2019C2180004. }
[INF] 2019-12-21 16:57:58 === Open database OK.
[INF] 2019-12-21 16:57:58 === Execute SQL:insert into pnt_mng (pkg_id, pkg_type, act, pkg_date, pkg_qty, pkg_user, pkg_status) values (@id, @type, @act, @date, @qty, @user, @status) Params:{ParamName:@id, DbType:AnsiString, Value:BNIDEC2019C2180004. },{ParamName:@type, DbType:AnsiString, Value:pack. },{ParamName:@act, DbType:AnsiString, Value:r. },{ParamName:@date, DbType:DateTime, Value:2019/12/21 16:57:58. },{ParamName:@qty, DbType:Int32, Value:1. },{ParamName:@status, DbType:Int32, Value:1. },{ParamName:@user, DbType:AnsiString, Value:20181115110. }
[INF] 2019-12-21 16:58:01 === Open database OK.
[INF] 2019-12-21 16:58:01 === Execute SQL:select count(m.module_id) as qty from t_module m, pnt_pack p where p.tray_id = m.tray_id and p.pack_id = @code and p.status = 1
[INF] 2019-12-21 16:58:01 === 		Parameters:{ParamName:@code, DbType:AnsiString, Value:BNIDEC2019C2180004. }
[INF] 2019-12-21 16:58:01 === Open database OK.
[INF] 2019-12-21 16:58:01 === Execute SQL:select lot ,count(lot) as qty from t_module left join pnt_pack on t_module.tray_id = pnt_pack.tray_id where pack_id =  @code group by lot order by qty desc ,lot  limit 16
[INF] 2019-12-21 16:58:01 === 		Parameters:{ParamName:@code, DbType:AnsiString, Value:BNIDEC2019C2180004. }
[INF] 2019-12-21 16:58:01 === Open database OK.
[INF] 2019-12-21 16:58:01 === Execute SQL:select count(lot) as qty from t_module left join pnt_pack on t_module.tray_id = pnt_pack.tray_id where pack_id = @code 
[INF] 2019-12-21 16:58:01 === 		Parameters:{ParamName:@code, DbType:AnsiString, Value:BNIDEC2019C2180004. }
[INF] 2019-12-21 16:58:01 === Open database OK.
[INF] 2019-12-21 16:58:01 === Execute SQL:select lot ,count(lot) as qty from t_module left join pnt_pack on t_module.tray_id = pnt_pack.tray_id where pack_id =  @code group by lot order by qty desc ,lot  limit 16
[INF] 2019-12-21 16:58:01 === 		Parameters:{ParamName:@code, DbType:AnsiString, Value:BNIDEC2019C2180004. }
[INF] 2019-12-21 16:58:01 === Open database OK.
[INF] 2019-12-21 16:58:01 === Execute SQL:select count(lot) as qty from t_module left join pnt_pack on t_module.tray_id = pnt_pack.tray_id where pack_id = @code 
[INF] 2019-12-21 16:58:01 === 		Parameters:{ParamName:@code, DbType:AnsiString, Value:BNIDEC2019C2180004. }
[INF] 2019-12-21 16:58:07 === Open database OK.
[INF] 2019-12-21 16:58:07 === Execute SQL:insert into pnt_mng (pkg_id, pkg_type, act, pkg_date, pkg_qty, pkg_user, pkg_status) values (@id, @type, @act, @date, @qty, @user, @status) Params:{ParamName:@id, DbType:AnsiString, Value:BNIDEC2019C2180004. },{ParamName:@type, DbType:AnsiString, Value:pack. },{ParamName:@act, DbType:AnsiString, Value:r. },{ParamName:@date, DbType:DateTime, Value:2019/12/21 16:58:07. },{ParamName:@qty, DbType:Int32, Value:1. },{ParamName:@status, DbType:Int32, Value:1. },{ParamName:@user, DbType:AnsiString, Value:20181115110. }
